=== 2026-04-17 09:25:44 ===
UP           | https://offshorepropertyservices.com | HTTP 200 | 407ms | SSL: 2026-06-18 (62 days)
UP           | http://seaboardrestoration.com/ | HTTP 200 | 561ms | SSL: 2026-05-11 (23 days)
UP           | https://platinumpaintingandserviceinc.com | HTTP 200 | 564ms | SSL: 2026-07-10 (83 days)
UP           | https://aandbauctionservices.com | HTTP 200 | 580ms | SSL: 2026-07-02 (75 days)
UP           | http://reidheatingandair.com | HTTP 200 | 528ms | SSL: 2026-04-28 (11 days)
UP           | https://pristineccs.com/ | HTTP 200 | 531ms | SSL: 2026-04-28 (11 days)
UP           | https://westcoastdents.com | HTTP 200 | 524ms | SSL: 2026-05-08 (21 days)
UP           | https://catoiletwhisperer.com | HTTP 200 | 107ms | SSL: 2026-06-09 (52 days)
UP           | https://ivyheatingandair.com | HTTP 200 | 562ms | SSL: 2026-06-26 (69 days)
UP           | https://primaryheatingandcooling.com | HTTP 200 | 500ms | SSL: 2026-07-07 (80 days)
UP           | https://businessnotions.com/ | HTTP 200 | 476ms | SSL: 2026-05-02 (15 days)
UP           | https://www.butzwelding.com | HTTP 200 | 354ms | SSL: 2026-06-30 (73 days)
UP           | https://brimicfoundation.com/ | HTTP 200 | 559ms | SSL: 2026-07-02 (76 days)
UP           | https://endlesssummercharters.com/ | HTTP 200 | 593ms | SSL: 2026-05-04 (16 days)
UP           | https://thekiddiekornerboutique.com | HTTP 200 | 246ms | SSL: 2026-05-07 (19 days)
UP           | https://safloralelegance.com | HTTP 200 | 707ms | SSL: 2026-07-16 (89 days)
UP           | http://allbrandsheatingandcooling.com | HTTP 200 | 1582ms | SSL: 2026-07-06 (80 days)
UP           | http://plumbersouthfl.com | HTTP 200 | 437ms | SSL: 2026-07-14 (88 days)
UP           | http://wjauction.com | HTTP 200 | 506ms | SSL: 2026-07-14 (88 days)
UP           | https://txpanhandlelogistics.com | HTTP 200 | 787ms | SSL: 2026-07-15 (89 days)
UP           | https://mullinstruckingllc.com/ | HTTP 200 | 549ms | SSL: 2026-05-18 (30 days)
UP           | https://fratiplumbing.net | HTTP 200 | 563ms | SSL: 2026-05-02 (15 days)
UP           | https://loganshouse.com/ | HTTP 200 | 663ms | SSL: 2026-04-30 (13 days)
UP           | http://plantsunlimiteddurham.com | HTTP 200 | 442ms | SSL: 2026-05-12 (24 days)
UP           | http://protechdiesel.biz/ | HTTP 200 | 839ms | SSL: 2026-05-18 (30 days)
UP           | https://cherrycreekshadesanddraperys.com | HTTP 200 | 545ms | SSL: 2026-05-03 (15 days)
UP           | https://centralmotorsale.com | HTTP 200 | 497ms | SSL: 2026-05-07 (19 days)
UNVERIFIABLE | https://jsaengineers.com | HTTP 200 | 411ms | SSL: 2026-05-19 (31 days)
UP           | https://boilertechnologies.com | HTTP 200 | 700ms | SSL: 2026-07-05 (79 days)
UP           | https://trucarma.com/ | HTTP 200 | 1822ms | SSL: 2026-06-25 (68 days)
UP           | https://wyomingarmoredservice.com | HTTP 200 | 579ms | SSL: 2026-06-12 (55 days)
UP           | https://brvparkpropane.com/ | HTTP 200 | 558ms | SSL: 2026-05-05 (17 days)
UP           | https://primeappraisalsmi.com | HTTP 200 | 574ms | SSL: 2026-06-21 (65 days)
UP           | https://newenglandgroupctinc.com | HTTP 200 | 850ms | SSL: 2026-06-25 (69 days)
UP           | https://www.napavalleyfitness.com | HTTP 200 | 292ms | SSL: 2026-07-13 (87 days)
UP           | https://www.prosidingandwindows.net/ | HTTP 200 | 306ms | SSL: 2026-05-02 (14 days)
UP           | https://www.eocatx.com/ | HTTP 200 | 279ms | SSL: 2026-06-28 (71 days)
UP           | https://www.drainrooterplumbingsd.com/ | HTTP 200 | 322ms | SSL: 2026-06-16 (59 days)
UP           | https://glassimpressionslv.com | HTTP 200 | 576ms | SSL: 2026-07-04 (77 days)
UP           | https://shultarchitect.com | HTTP 200 | 566ms | SSL: 2026-05-27 (40 days)
UP           | https://inthemix-adc.com | HTTP 200 | 474ms | SSL: 2026-05-26 (39 days)
UP           | https://www.sexton-repairs.com/ | HTTP 200 | 287ms | SSL: 2026-06-27 (70 days)
UP           | https://fraserplumbingarkansas.com/ | HTTP 200 | 555ms | SSL: 2026-07-04 (78 days)
UP           | https://foothillsmachininginc.com | HTTP 200 | 469ms | SSL: 2026-04-28 (10 days)
UP           | https://rangerenovation.com | HTTP 200 | 571ms | SSL: 2026-05-08 (20 days)
UP           | https://modelcoelectric.com/ | HTTP 200 | 511ms | SSL: 2026-05-16 (28 days)
UP           | https://conveyor-tek.com | HTTP 200 | 615ms | SSL: 2026-05-09 (22 days)
UP           | http://longspest.com | HTTP 200 | 613ms | SSL: 2026-06-22 (65 days)
UP           | https://spindledynamicsaxlerepair.com | HTTP 200 | 576ms | SSL: 2026-05-16 (28 days)
UP           | https://mevoutdoor.com/ | HTTP 200 | 603ms | SSL: 2026-06-23 (66 days)
UP           | https://greenbushpros.com/ | HTTP 200 | 565ms | SSL: 2026-07-02 (75 days)
UP           | https://harveysarlesinsurance.com/ | HTTP 200 | 506ms | SSL: 2026-06-19 (63 days)
UP           | http://affordablerooter.com/ | HTTP 200 | 481ms | SSL: 2026-05-19 (32 days)
UP           | https://thomasmccannlaw.com | HTTP 200 | 490ms | SSL: 2026-05-02 (14 days)
UP           | https://southshoretruckrepair.com | HTTP 200 | 475ms | SSL: 2026-06-08 (52 days)
UP           | https://pacificgaragerepair.com | HTTP 200 | 505ms | SSL: 2026-06-21 (64 days)
UP           | https://www.thespringking.net/ | HTTP 200 | 324ms | SSL: 2026-06-29 (73 days)
UP           | https://www.hansmotosports.com/ | HTTP 200 | 301ms | SSL: 2026-06-19 (63 days)
UP           | https://www.advancedalarmlock.com | HTTP 200 | 283ms | SSL: 2026-05-09 (21 days)
UP           | https://www.amishstonefirepits.com/ | HTTP 200 | 258ms | SSL: 2026-05-04 (16 days)
UP           | https://www.noatoutdoorliving.com/ | HTTP 200 | 312ms | SSL: 2026-04-24 (7 days)
UP           | https://campbellhuitt.com | HTTP 200 | 513ms | SSL: 2026-06-29 (73 days)
UP           | https://www.bulldogmovingclt.com/ | HTTP 200 | 327ms | SSL: 2026-06-15 (59 days)
UP           | https://terseptic.com | HTTP 200 | 905ms | SSL: 2026-06-22 (65 days)
UP           | https://www.nmwcattorneys.com/ | HTTP 200 | 283ms | SSL: 2026-07-04 (77 days)
UP           | https://www.jandpbikeshop.com/ | HTTP 200 | 357ms | SSL: 2026-06-14 (58 days)
UP           | https://angelabrowderhomecare.com/ | HTTP 200 | 510ms | SSL: 2026-06-14 (58 days)
UP           | https://www.5pointslandscaping.com/ | HTTP 200 | 284ms | SSL: 2026-06-14 (58 days)
UP           | https://carpettechcleaning.com | HTTP 200 | 534ms | SSL: 2026-05-09 (21 days)
UP           | https://www.mtccpressurewashing.com/ | HTTP 200 | 322ms | SSL: 2026-07-01 (75 days)
UP           | https://ochoaelectricsandiego.com | HTTP 200 | 553ms | SSL: 2026-05-19 (31 days)
UP           | https://vanityfairbaths.com | HTTP 200 | 594ms | SSL: 2026-07-10 (84 days)
UP           | https://www.asapcontainers.com/ | HTTP 200 | 320ms | SSL: 2026-07-10 (83 days)
UP           | https://www.boyleheatingandcooling.net/ | HTTP 200 | 676ms | SSL: 2026-07-06 (80 days)
UP           | https://www.zulaufconstruction.com | HTTP 200 | 362ms | SSL: 2026-07-06 (80 days)
UP           | https://www.carpetcleaningomaha.com | HTTP 200 | 276ms | SSL: 2026-04-28 (10 days)
UP           | https://cakeschocolatesandmore.com/ | HTTP 200 | 584ms | SSL: 2026-05-04 (17 days)
UP           | https://www.victorytireauto.com | HTTP 200 | 297ms | SSL: 2026-05-07 (19 days)
UP           | https://windsorlimo.com | HTTP 200 | 585ms | SSL: 2026-05-11 (24 days)
UP           | https://www.howieglass.com/ | HTTP 200 | 269ms | SSL: 2026-06-14 (57 days)
UP           | https://www.xlsavebig.com | HTTP 200 | 379ms | SSL: 2026-07-05 (79 days)
UP           | https://www.oxicleaners.com | HTTP 200 | 367ms | SSL: 2026-05-08 (20 days)
UP           | https://petstylessalonandspa.com | HTTP 200 | 617ms | SSL: 2026-04-26 (9 days)
UP           | https://www.riverbluffcanecorsos.com | HTTP 200 | 275ms | SSL: 2026-05-04 (17 days)
UP           | https://stoversflooringanddraperycenter.com/ | HTTP 200 | 529ms | SSL: 2026-04-28 (10 days)
UP           | http://www.aseyourlight.com | HTTP 200 | 2507ms | SSL: 2026-05-04 (17 days)
UP           | https://www.missouriglassinc.com/ | HTTP 200 | 305ms | SSL: 2026-06-27 (71 days)
UP           | https://www.coddingtonlock.com/ | HTTP 200 | 363ms | SSL: 2026-06-20 (64 days)
UP           | https://www.andyperuginos.com/ | HTTP 200 | 326ms | SSL: 2026-06-30 (74 days)
UP           | https://tntcarpetcleaners.com | HTTP 200 | 511ms | SSL: 2026-07-07 (80 days)
UP           | https://www.opsct.com | HTTP 200 | 487ms | SSL: 2026-06-29 (73 days)
UP           | https://securitycompanyms.com | HTTP 200 | 527ms | SSL: 2026-04-26 (9 days)
UP           | https://abbottscatering.com | HTTP 200 | 609ms | SSL: 2026-07-12 (86 days)
UP           | https://timothymwilliamslaw.com | HTTP 200 | 597ms | SSL: 2026-07-08 (82 days)
DOWN         | https://www.garyhuebnerlaw.com/ | ERROR: Get "https://www.garyhuebnerlaw.com/": tls: failed to verify certificate: x509: certificate is valid for broken-ssl.multiscreensite.com, not www.garyhuebnerlaw.com
UP           | https://www.thepoisonivyguy.com/ | HTTP 200 | 306ms | SSL: 2026-05-11 (24 days)
UP           | https://parkpharmacyrx.com | HTTP 200 | 622ms | SSL: 2026-05-03 (16 days)
UP           | https://gillettesignworks.com | HTTP 200 | 603ms | SSL: 2026-05-14 (27 days)
UP           | https://www.richroofing.com/ | HTTP 200 | 316ms | SSL: 2026-05-05 (18 days)
UP           | http://lassiterelectric.com | HTTP 200 | 596ms | SSL: 2026-05-11 (24 days)
UP           | https://www.fatpocketpawn.biz | HTTP 200 | 395ms | SSL: 2026-05-14 (27 days)
UP           | https://lockhartaircare.com | HTTP 200 | 584ms | SSL: 2026-06-20 (63 days)
UP           | https://www.eaglewaterfiltration.com/ | HTTP 200 | 338ms | SSL: 2026-06-20 (63 days)
UP           | https://www.epsteinspaint.com/ | HTTP 200 | 378ms | SSL: 2026-06-13 (57 days)
UP           | https://www.appliancereliancellc.com/ | HTTP 200 | 324ms | SSL: 2026-07-02 (76 days)
UP           | https://www.timworthystransmissionrepairs.com/ | HTTP 200 | 278ms | SSL: 2026-06-27 (71 days)
UP           | https://www.cashgoldnj.com | HTTP 200 | 305ms | SSL: 2026-06-30 (73 days)
UP           | https://dlacupuncture.com | HTTP 200 | 484ms | SSL: 2026-07-10 (84 days)
UP           | https://www.rockyhillmeats.com/ | HTTP 200 | 246ms | SSL: 2026-07-14 (87 days)
UP           | https://www.absheatingandairconditioning.com/ | HTTP 200 | 312ms | SSL: 2026-05-15 (28 days)
UP           | https://tcpestsolutions.com/ | HTTP 200 | 530ms | SSL: 2026-06-12 (56 days)
UP           | https://www.tempbydesign.com/ | HTTP 200 | 259ms | SSL: 2026-06-30 (74 days)
UP           | https://tavosconstructionllc.com/ | HTTP 200 | 573ms | SSL: 2026-06-28 (72 days)
DOWN         | https://www.eastgeorgiatreeservice.com/ | ERROR: Head "https://www.eastgeorgiatreeservice.com/": EOF
UP           | https://coastalcabinetsandgranite.com/ | HTTP 200 | 531ms | SSL: 2026-04-28 (11 days)
UP           | https://www.r7electricutah.com/ | HTTP 200 | 334ms | SSL: 2026-04-26 (9 days)
UP           | https://preferredremodeling.net/ | HTTP 200 | 769ms | SSL: 2026-07-07 (81 days)
UP           | https://www.jml-electric.com | HTTP 200 | 293ms | SSL: 2026-07-11 (85 days)
UP           | http://resto-pros.net | HTTP 200 | 480ms | SSL: 2026-07-07 (81 days)
UP           | http://scconstruction.info | HTTP 200 | 248ms | SSL: 2026-07-02 (76 days)
UP           | https://www.porteroutdoorservices.com/ | HTTP 200 | 282ms | SSL: 2026-05-05 (18 days)
UP           | http://killswitchauto.com | HTTP 200 | 442ms | SSL: 2026-07-04 (78 days)
UP           | https://coxdecorativeconcrete.com/ | HTTP 200 | 591ms | SSL: 2026-05-18 (31 days)
UP           | http://charlesfulkroaddisposal.com | HTTP 200 | 447ms | SSL: 2026-07-15 (88 days)
UP           | https://wireguyselectric.com/ | HTTP 200 | 528ms | SSL: 2026-04-25 (8 days)
UP           | https://www.dentconceptstx.com/ | HTTP 200 | 341ms | SSL: 2026-04-28 (11 days)
UP           | https://fincorefrigeration.com | HTTP 200 | 507ms | SSL: 2026-05-16 (29 days)
UP           | http://rocketcitymarine.com | HTTP 200 | 460ms | SSL: 2026-04-28 (11 days)
UP           | https://cleantechsystemsnm.com | HTTP 200 | 508ms | SSL: 2026-04-28 (11 days)
UP           | https://www.affordablecustomgolfcarts.com/ | HTTP 200 | 400ms | SSL: 2026-06-17 (61 days)
UP           | https://greenscapeslawns.com/ | HTTP 200 | 575ms | SSL: 2026-05-05 (18 days)
UP           | https://jtstree.com/ | HTTP 200 | 525ms | SSL: 2026-05-11 (24 days)
UP           | https://www.dixiefenceohio.com/ | HTTP 200 | 366ms | SSL: 2026-05-18 (31 days)
UP           | https://allkidsarespecial.net | HTTP 200 | 446ms | SSL: 2026-05-26 (39 days)
UP           | https://sgrcalifornia.com/ | HTTP 200 | 497ms | SSL: 2026-05-13 (26 days)
UP           | https://www.garysroofingandconst.com/ | HTTP 200 | 300ms | SSL: 2026-05-06 (19 days)
UP           | https://www.breezehvac.com/ | HTTP 200 | 414ms | SSL: 2026-06-22 (66 days)
UP           | https://rcpoolworks.com | HTTP 200 | 554ms | SSL: 2026-05-17 (30 days)
UP           | https://Freedomcarpet.net | HTTP 200 | 522ms | SSL: 2026-06-17 (61 days)
UP           | https://rolandoroofing.net | HTTP 200 | 479ms | SSL: 2026-06-30 (74 days)
UP           | http://ormondlandscaping.com/ | HTTP 200 | 488ms | SSL: 2026-05-11 (24 days)
UP           | https://www.alliedroofingco.com/ | HTTP 200 | 294ms | SSL: 2026-06-26 (70 days)
UP           | https://www.waterheatersracinewi.com/ | HTTP 200 | 276ms | SSL: 2026-07-08 (82 days)
UP           | https://www.atlanticdrywallandpaint.com/ | HTTP 200 | 6519ms | SSL: 2026-06-23 (67 days)
UP           | https://grantsappliancerepairllc.com/ | HTTP 200 | 529ms | SSL: 2026-06-23 (67 days)
UP           | http://aaaexcavate.com | HTTP 200 | 504ms | SSL: 2026-07-01 (75 days)
UP           | https://gormanandsonslandscaping.com/ | HTTP 200 | 494ms | SSL: 2026-04-29 (12 days)
UP           | https://texasproroofing.net/ | HTTP 200 | 584ms | SSL: 2026-06-30 (74 days)
UP           | https://www.808towing.com/ | HTTP 200 | 282ms | SSL: 2026-05-14 (27 days)
UP           | https://www.jandbtreeservice.net/ | HTTP 200 | 284ms | SSL: 2026-04-29 (12 days)
UP           | https://sweetmountainair.co | HTTP 200 | 529ms | SSL: 2026-05-04 (17 days)
UP           | https://www.stormprosva.com/ | HTTP 200 | 264ms | SSL: 2026-04-29 (12 days)
UP           | https://www.atlantic217.com/ | HTTP 200 | 361ms | SSL: 2026-07-05 (79 days)
UP           | https://lakehamiltonappraisals.com/ | HTTP 200 | 510ms | SSL: 2026-05-13 (26 days)
UP           | https://kcservicecenterpa.com | HTTP 200 | 517ms | SSL: 2026-04-27 (10 days)
UP           | https://mobsfloorcare.com/ | HTTP 200 | 490ms | SSL: 2026-06-27 (71 days)
UP           | https://wennigercompressor.com/ | HTTP 200 | 494ms | SSL: 2026-04-27 (10 days)
UP           | https://mauicontainersales.com/ | HTTP 200 | 617ms | SSL: 2026-06-02 (46 days)
UP           | https://www.24-hourrefrigeration.com/ | HTTP 200 | 314ms | SSL: 2026-05-09 (22 days)
UP           | https://anteaterspestcontrol.net | HTTP 200 | 2542ms | SSL: 2026-04-24 (7 days)
UP           | http://furniturefixxers.com | HTTP 200 | 449ms | SSL: 2026-05-02 (15 days)
UP           | https://www.apexgutters.com/ | HTTP 200 | 335ms | SSL: 2026-06-16 (60 days)
UP           | https://blackdogrr.com/ | HTTP 200 | 488ms | SSL: 2026-05-18 (31 days)
UP           | https://hogiesconstruction.com/ | HTTP 200 | 623ms | SSL: 2026-05-27 (40 days)
UP           | https://www.askyline.com/ | HTTP 200 | 604ms | SSL: 2026-06-24 (68 days)
UP           | https://www.dbarrsvcs.com/ | HTTP 200 | 276ms | SSL: 2026-05-25 (38 days)
UP           | https://powellpestcontrol.net/ | HTTP 200 | 578ms | SSL: 2026-05-26 (39 days)
UP           | https://wireguys.com | HTTP 200 | 724ms | SSL: 2026-06-22 (66 days)
UP           | https://economysidingtn.com/ | HTTP 200 | 532ms | SSL: 2026-05-26 (39 days)
UP           | https://rsccontracting.org/ | HTTP 200 | 430ms | SSL: 2026-06-30 (74 days)
UP           | https://www.bhswelding.com/ | HTTP 200 | 283ms | SSL: 2026-06-13 (57 days)
UP           | https://www.yourfamilysalon.com/ | HTTP 200 | 308ms | SSL: 2026-07-02 (76 days)
UP           | https://www.alswelldrilling.com/ | HTTP 200 | 362ms | SSL: 2026-06-12 (56 days)
UP           | http://customoutdoorsolutionsny.com | HTTP 200 | 430ms | SSL: 2026-07-05 (79 days)
UP           | https://raffoulheatingandair.com | HTTP 200 | 893ms | SSL: 2026-07-05 (79 days)
UP           | http://dynamohi.com | HTTP 200 | 379ms | SSL: 2026-05-11 (24 days)
UP           | https://danrandandassoc.com/ | HTTP 200 | 502ms | SSL: 2026-06-30 (74 days)
UP           | https://carbondalewoodshop.com/ | HTTP 200 | 478ms | SSL: 2026-06-28 (72 days)
UP           | https://smithhvacservices.com/index | HTTP 200 | 818ms | SSL: 2026-06-14 (58 days)
UP           | http://www.junk-punks.com/ | HTTP 200 | 538ms | SSL: 2026-07-07 (81 days)
UP           | https://www.fndcontracting.com | HTTP 200 | 308ms | SSL: 2026-06-28 (71 days)
UP           | http://hopelandscaping.com | HTTP 200 | 468ms | SSL: 2026-06-18 (62 days)
UP           | https://larrysae.com | HTTP 200 | 1620ms | SSL: 2026-06-21 (65 days)
UP           | https://www.ezoutcollisioncenter.com/ | HTTP 200 | 273ms | SSL: 2026-05-09 (22 days)
UP           | https://rsccontracting.org/ | HTTP 200 | 459ms | SSL: 2026-06-30 (74 days)
UP           | http://ccelectricbcs.com | HTTP 200 | 459ms | SSL: 2026-05-10 (23 days)
UP           | http://ccelectricbcs.com | HTTP 200 | 411ms | SSL: 2026-05-10 (23 days)
UP           | https://tropicglassenclosuresfl.com/ | HTTP 200 | 687ms | SSL: 2026-06-26 (70 days)
UP           | https://www.fireflycontractor.com/ | HTTP 200 | 303ms | SSL: 2026-07-01 (75 days)
UP           | https://www.tridentconstructiongp.com/ | HTTP 200 | 270ms | SSL: 2026-06-20 (64 days)
UP           | https://roettgerwelding.com/ | HTTP 200 | 515ms | SSL: 2026-07-02 (76 days)
UP           | https://azjanitorialservice.com | HTTP 200 | 976ms | SSL: 2026-06-28 (72 days)
UP           | https://camoconstructionllc.com/ | HTTP 200 | 666ms | SSL: 2026-04-29 (12 days)
UP           | https://totalcomfortcleaners.com | HTTP 200 | 648ms | SSL: 2026-04-30 (13 days)
UP           | https://www.brianemmonsroofing.com/ | HTTP 200 | 634ms | SSL: 2026-06-19 (62 days)
UNVERIFIABLE | https://www.customelitedetailcarwash.com/ | HTTP 200 | 223ms | SSL: 2026-07-12 (86 days)
UP           | https://www.noatoutdoorliving.com/ | HTTP 200 | 315ms | SSL: 2026-04-24 (7 days)
UP           | https://southfloridadockandseawall.com | HTTP 200 | 509ms | SSL: 2026-06-14 (58 days)
UP           | https://www.rselectricms.com | HTTP 200 | 824ms | SSL: 2026-04-30 (13 days)
UP           | http://allbrightcleaningkc.com | HTTP 200 | 451ms | SSL: 2026-06-10 (54 days)
UP           | https://paintingbypros.com/ | HTTP 200 | 490ms | SSL: 2026-04-30 (13 days)
UP           | https://www.ancientcitygaragedoors.com | HTTP 200 | 289ms | SSL: 2026-05-08 (21 days)
UP           | https://www.mikeandmikeroofing.com/ | HTTP 200 | 431ms | SSL: 2026-06-29 (73 days)
UP           | https://maxpressfoundationrepair.com/ | HTTP 200 | 503ms | SSL: 2026-06-13 (57 days)
UP           | https://offshorepropertyservices.com | HTTP 200 | 499ms | SSL: 2026-06-18 (62 days)
UP           | http://dynamohi.com | HTTP 200 | 471ms | SSL: 2026-05-11 (24 days)
UP           | https://patdollautomotivewi.com/ | HTTP 200 | 558ms | SSL: 2026-05-31 (44 days)
UP           | http://renewconstructionnm.com | HTTP 200 | 393ms | SSL: 2026-06-18 (61 days)
UP           | http://seaboardrestoration.com/ | HTTP 200 | 924ms | SSL: 2026-05-11 (23 days)
UP           | https://www.fisherhomeinspectionsllc.com/ | HTTP 200 | 258ms | SSL: 2026-06-13 (57 days)
UP           | https://www.jmplumbersinc.com/ | HTTP 200 | 286ms | SSL: 2026-07-08 (82 days)
UP           | https://finishlineautotire.com/ | HTTP 200 | 506ms | SSL: 2026-05-16 (29 days)
UP           | http://vitosexpress.com | HTTP 200 | 582ms | SSL: 2026-06-13 (57 days)
UP           | https://www.thesignsolution.net/ | HTTP 200 | 333ms | SSL: 2026-06-21 (65 days)
UP           | https://bagremodelers.com/ | HTTP 200 | 507ms | SSL: 2026-06-14 (58 days)
UP           | https://www.problemtree.com | HTTP 200 | 309ms | SSL: 2026-06-13 (57 days)
UP           | https://capri-wash.com | HTTP 200 | 581ms | SSL: 2026-06-14 (58 days)
UP           | https://landscapeofbrainerd.com/ | HTTP 200 | 503ms | SSL: 2026-04-26 (9 days)
UP           | https://totalpackagelandscapeworksllc.com | HTTP 200 | 558ms | SSL: 2026-07-05 (79 days)
UP           | https://acesandblasting.co/ | HTTP 200 | 488ms | SSL: 2026-06-22 (66 days)
UP           | https://5startexasroofing.com/ | HTTP 200 | 498ms | SSL: 2026-07-15 (89 days)
UP           | https://caudletreeservice.com/ | HTTP 200 | 566ms | SSL: 2026-07-06 (79 days)
UP           | https://www.bayoustatemoving.com/ | HTTP 200 | 332ms | SSL: 2026-07-12 (86 days)
UP           | https://www.1classproperties.com/ | HTTP 200 | 302ms | SSL: 2026-07-15 (89 days)
UP           | https://www.1classrealty.com/ | HTTP 200 | 6548ms | SSL: 2026-07-15 (89 days)
UP           | https://www.aimhighdetailing.com/ | HTTP 200 | 274ms | SSL: 2026-07-11 (85 days)
UP           | https://www.tampablindsbydesign.com/ | HTTP 200 | 282ms | SSL: 2026-05-04 (17 days)
UP           | http://thelocalplumber.com | HTTP 200 | 518ms | SSL: 2026-07-02 (76 days)
UP           | https://frontieraircon.com/ | HTTP 200 | 519ms | SSL: 2026-05-17 (30 days)
UP           | https://www.saltlakecitycabinetry.com/ | HTTP 200 | 307ms | SSL: 2026-05-19 (32 days)
UP           | https://mantispestma.com | HTTP 200 | 843ms | SSL: 2026-04-25 (8 days)
UP           | https://tyslandscapingiowa.com | HTTP 200 | 602ms | SSL: 2026-04-24 (7 days)
UP           | https://www.herrwelldrillingwi.com/ | HTTP 200 | 292ms | SSL: 2026-06-08 (52 days)
UP           | https://www.problemtree.com/ | HTTP 200 | 79ms | SSL: 2026-06-13 (57 days)
UP           | https://tandkventures.com/ | HTTP 200 | 567ms | SSL: 2026-06-24 (68 days)
UP           | http://muddyriversconcrete.com | HTTP 200 | 458ms | SSL: 2026-06-09 (53 days)
UP           | https://accurateandconfidentialtaxservice.com/ | HTTP 200 | 482ms | SSL: 2026-06-22 (66 days)
UP           | https://mcneelytreeservice.com/ | HTTP 200 | 1096ms | SSL: 2026-06-17 (60 days)
UP           | https://www.mvpgardencenter.com/ | HTTP 200 | 272ms | SSL: 2026-06-14 (58 days)
ERROR        | https://abccarpetcleanerssd.com | HTTP 404 | 467ms | SSL: 2026-06-20 (63 days)
Summary: 235 UP | 1 ERROR | 2 DOWN | 2 UNVERIFIABLE
