=== 2026-04-01 10:36:18 ===
UP           | https://offshorepropertyservices.com | HTTP 200 | 1850ms | SSL: 2026-06-18 (78 days)
UP           | http://seaboardrestoration.com/ | HTTP 200 | 2262ms | SSL: 2026-05-11 (40 days)
UP           | https://platinumpaintingandserviceinc.com | HTTP 200 | 2191ms | SSL: 2026-04-18 (16 days)
UP           | https://aandbauctionservices.com | HTTP 200 | 2671ms | SSL: 2026-04-10 (9 days)
UP           | http://reidheatingandair.com | HTTP 200 | 1666ms | SSL: 2026-04-28 (27 days)
UP           | https://pristineccs.com/ | HTTP 200 | 2347ms | SSL: 2026-04-28 (27 days)
UP           | https://westcoastdents.com | HTTP 200 | 1829ms | SSL: 2026-05-08 (37 days)
UP           | https://catoiletwhisperer.com | HTTP 200 | 764ms | SSL: 2026-06-09 (69 days)
UP           | https://ivyheatingandair.com | HTTP 200 | 2263ms | SSL: 2026-06-26 (85 days)
UP           | https://primaryheatingandcooling.com | HTTP 200 | 1703ms | SSL: 2026-04-15 (14 days)
UP           | https://businessnotions.com/ | HTTP 200 | 2204ms | SSL: 2026-05-02 (31 days)
UP           | https://www.butzwelding.com | HTTP 200 | 1156ms | SSL: 2026-06-30 (89 days)
UP           | https://brimicfoundation.com/ | HTTP 200 | 1963ms | SSL: 2026-04-11 (9 days)
UP           | https://endlesssummercharters.com/ | HTTP 200 | 2155ms | SSL: 2026-05-04 (33 days)
UP           | https://thekiddiekornerboutique.com | HTTP 200 | 2492ms | SSL: 2026-05-07 (36 days)
UP           | https://safloralelegance.com | HTTP 200 | 2270ms | SSL: 2026-04-24 (23 days)
UP           | http://allbrandsheatingandcooling.com | HTTP 200 | 1916ms | SSL: 2026-04-14 (13 days)
UP           | http://plumbersouthfl.com | HTTP 200 | 1487ms | SSL: 2026-04-22 (21 days)
UP           | http://wjauction.com | HTTP 200 | 1772ms | SSL: 2026-04-22 (21 days)
UP           | https://txpanhandlelogistics.com | HTTP 200 | 2264ms | SSL: 2026-04-23 (22 days)
UP           | https://mullinstruckingllc.com/ | HTTP 200 | 1815ms | SSL: 2026-05-18 (47 days)
UP           | https://fratiplumbing.net | HTTP 200 | 2260ms | SSL: 2026-05-02 (31 days)
UP           | https://loganshouse.com/ | HTTP 200 | 2120ms | SSL: 2026-04-30 (29 days)
UP           | http://plantsunlimiteddurham.com | HTTP 200 | 1882ms | SSL: 2026-05-12 (41 days)
UP           | http://protechdiesel.biz/ | HTTP 200 | 1458ms | SSL: 2026-05-18 (47 days)
UP           | https://cherrycreekshadesanddraperys.com | HTTP 200 | 1855ms | SSL: 2026-05-03 (32 days)
UP           | https://centralmotorsale.com | HTTP 200 | 1928ms | SSL: 2026-05-07 (36 days)
UP           | https://jsaengineers.com | HTTP 200 | 1886ms | SSL: 2026-05-19 (48 days)
UP           | https://boilertechnologies.com | HTTP 200 | 1798ms | SSL: 2026-04-13 (12 days)
UP           | https://trucarma.com/ | HTTP 200 | 2307ms | SSL: 2026-06-25 (85 days)
UP           | https://wyomingarmoredservice.com | HTTP 200 | 1502ms | SSL: 2026-06-12 (72 days)
UP           | https://brvparkpropane.com/ | HTTP 200 | 1656ms | SSL: 2026-05-05 (34 days)
UP           | https://primeappraisalsmi.com | HTTP 200 | 2040ms | SSL: 2026-06-21 (81 days)
UP           | https://newenglandgroupctinc.com | HTTP 200 | 3456ms | SSL: 2026-06-25 (85 days)
UP           | https://www.napavalleyfitness.com | HTTP 200 | 811ms | SSL: 2026-04-21 (20 days)
UP           | https://www.prosidingandwindows.net/ | HTTP 200 | 811ms | SSL: 2026-05-02 (31 days)
UP           | https://www.eocatx.com/ | HTTP 200 | 1039ms | SSL: 2026-06-28 (88 days)
UP           | https://www.drainrooterplumbingsd.com/ | HTTP 200 | 1126ms | SSL: 2026-06-16 (76 days)
UP           | https://glassimpressionslv.com | HTTP 200 | 2091ms | SSL: 2026-04-12 (11 days)
UP           | https://shultarchitect.com | HTTP 200 | 2231ms | SSL: 2026-05-27 (56 days)
UP           | https://inthemix-adc.com | HTTP 200 | 3363ms | SSL: 2026-05-26 (55 days)
UP           | https://www.sexton-repairs.com/ | HTTP 200 | 1291ms | SSL: 2026-06-27 (87 days)
UP           | https://fraserplumbingarkansas.com/ | HTTP 200 | 6910ms | SSL: 2026-04-12 (11 days)
UP           | https://foothillsmachininginc.com | HTTP 200 | 2355ms | SSL: 2026-04-28 (27 days)
UP           | https://rangerenovation.com | HTTP 200 | 2025ms | SSL: 2026-05-08 (36 days)
UP           | https://modelcoelectric.com/ | HTTP 200 | 2043ms | SSL: 2026-05-16 (45 days)
UP           | https://conveyor-tek.com | HTTP 200 | 2257ms | SSL: 2026-05-09 (38 days)
UP           | http://longspest.com | HTTP 200 | 9412ms | SSL: 2026-06-22 (82 days)
UP           | https://spindledynamicsaxlerepair.com | HTTP 200 | 1892ms | SSL: 2026-05-16 (45 days)
UP           | https://mevoutdoor.com/ | HTTP 200 | 1762ms | SSL: 2026-06-23 (83 days)
UP           | https://greenbushpros.com/ | HTTP 200 | 2246ms | SSL: 2026-04-10 (9 days)
UP           | https://harveysarlesinsurance.com/ | HTTP 200 | 2151ms | SSL: 2026-06-19 (79 days)
UP           | http://affordablerooter.com/ | HTTP 200 | 1756ms | SSL: 2026-05-19 (48 days)
UP           | https://thomasmccannlaw.com | HTTP 200 | 2196ms | SSL: 2026-05-02 (31 days)
UP           | https://southshoretruckrepair.com | HTTP 200 | 1888ms | SSL: 2026-06-08 (68 days)
UP           | https://pacificgaragerepair.com | HTTP 200 | 2271ms | SSL: 2026-06-21 (81 days)
UP           | https://www.thespringking.net/ | HTTP 200 | 1122ms | SSL: 2026-06-29 (89 days)
UP           | https://www.hansmotosports.com/ | HTTP 200 | 1174ms | SSL: 2026-06-19 (79 days)
UP           | https://www.advancedalarmlock.com | HTTP 200 | 1139ms | SSL: 2026-05-09 (38 days)
UP           | https://www.amishstonefirepits.com/ | HTTP 200 | 1371ms | SSL: 2026-05-04 (33 days)
UP           | https://www.noatoutdoorliving.com/ | HTTP 200 | 800ms | SSL: 2026-04-24 (23 days)
UP           | https://campbellhuitt.com | HTTP 200 | 2217ms | SSL: 2026-06-29 (89 days)
UP           | https://www.bulldogmovingclt.com/ | HTTP 200 | 1081ms | SSL: 2026-06-15 (75 days)
UP           | https://terseptic.com | HTTP 200 | 2734ms | SSL: 2026-05-03 (32 days)
UP           | https://www.nmwcattorneys.com/ | HTTP 200 | 1500ms | SSL: 2026-04-12 (11 days)
UP           | https://www.jandpbikeshop.com/ | HTTP 200 | 1838ms | SSL: 2026-06-14 (74 days)
UP           | https://angelabrowderhomecare.com/ | HTTP 200 | 2247ms | SSL: 2026-06-14 (74 days)
UP           | https://www.5pointslandscaping.com/ | HTTP 200 | 1252ms | SSL: 2026-06-14 (74 days)
UP           | https://carpettechcleaning.com | HTTP 200 | 2291ms | SSL: 2026-05-09 (38 days)
UP           | https://www.mtccpressurewashing.com/ | HTTP 200 | 1766ms | SSL: 2026-04-09 (8 days)
UP           | https://ochoaelectricsandiego.com | HTTP 200 | 1992ms | SSL: 2026-05-19 (48 days)
UP           | https://vanityfairbaths.com | HTTP 200 | 2021ms | SSL: 2026-04-18 (17 days)
UP           | https://www.asapcontainers.com/ | HTTP 200 | 1040ms | SSL: 2026-04-18 (17 days)
UP           | https://www.boyleheatingandcooling.net/ | HTTP 200 | 2966ms | SSL: 2026-04-14 (13 days)
UP           | https://www.zulaufconstruction.com | HTTP 200 | 1256ms | SSL: 2026-04-14 (13 days)
UP           | https://www.carpetcleaningomaha.com | HTTP 200 | 1127ms | SSL: 2026-04-28 (27 days)
UP           | https://cakeschocolatesandmore.com/ | HTTP 200 | 1926ms | SSL: 2026-05-04 (33 days)
UP           | https://www.victorytireauto.com | HTTP 200 | 1191ms | SSL: 2026-05-07 (36 days)
UP           | https://windsorlimo.com | HTTP 200 | 1936ms | SSL: 2026-05-11 (40 days)
UP           | https://www.howieglass.com/ | HTTP 200 | 913ms | SSL: 2026-06-14 (74 days)
UP           | https://www.xlsavebig.com | HTTP 200 | 1064ms | SSL: 2026-04-13 (12 days)
UP           | https://www.oxicleaners.com | HTTP 200 | 1049ms | SSL: 2026-05-08 (37 days)
UP           | https://petstylessalonandspa.com | HTTP 200 | 1762ms | SSL: 2026-04-26 (25 days)
UP           | https://www.riverbluffcanecorsos.com | HTTP 200 | 888ms | SSL: 2026-05-04 (33 days)
UP           | https://stoversflooringanddraperycenter.com/ | HTTP 200 | 2679ms | SSL: 2026-04-28 (27 days)
UP           | http://www.aseyourlight.com | HTTP 200 | 1470ms | SSL: 2026-05-04 (33 days)
UP           | https://www.missouriglassinc.com/ | HTTP 200 | 952ms | SSL: 2026-06-27 (87 days)
UP           | https://www.coddingtonlock.com/ | HTTP 200 | 1338ms | SSL: 2026-06-20 (80 days)
UP           | https://www.andyperuginos.com/ | HTTP 200 | 1183ms | SSL: 2026-04-08 (7 days)
UP           | https://tntcarpetcleaners.com | HTTP 200 | 1958ms | SSL: 2026-04-15 (14 days)
UP           | https://www.opsct.com | HTTP 200 | 838ms | SSL: 2026-06-29 (89 days)
UP           | https://securitycompanyms.com | HTTP 200 | 2038ms | SSL: 2026-04-26 (25 days)
UP           | https://abbottscatering.com | HTTP 200 | 2261ms | SSL: 2026-04-20 (19 days)
UP           | https://timothymwilliamslaw.com | HTTP 200 | 2159ms | SSL: 2026-04-16 (15 days)
UP           | https://www.garyhuebnerlaw.com/ | HTTP 200 | 1051ms | SSL: 2026-04-29 (28 days)
UP           | https://www.thepoisonivyguy.com/ | HTTP 200 | 1082ms | SSL: 2026-05-11 (40 days)
UP           | https://parkpharmacyrx.com | HTTP 200 | 2350ms | SSL: 2026-05-03 (32 days)
UP           | https://gillettesignworks.com | HTTP 200 | 2062ms | SSL: 2026-05-14 (43 days)
UP           | https://www.richroofing.com/ | HTTP 200 | 1057ms | SSL: 2026-05-05 (34 days)
UP           | http://lassiterelectric.com | HTTP 200 | 2714ms | SSL: 2026-05-11 (40 days)
UP           | https://www.fatpocketpawn.biz | HTTP 200 | 955ms | SSL: 2026-05-14 (43 days)
UP           | https://lockhartaircare.com | HTTP 200 | 2052ms | SSL: 2026-06-20 (80 days)
UP           | https://www.eaglewaterfiltration.com/ | HTTP 200 | 1489ms | SSL: 2026-06-20 (80 days)
UP           | https://www.epsteinspaint.com/ | HTTP 200 | 1088ms | SSL: 2026-06-13 (73 days)
UP           | https://www.appliancereliancellc.com/ | HTTP 200 | 1191ms | SSL: 2026-04-10 (9 days)
UP           | https://www.timworthystransmissionrepairs.com/ | HTTP 200 | 1230ms | SSL: 2026-06-27 (87 days)
UP           | https://www.cashgoldnj.com | HTTP 200 | 1242ms | SSL: 2026-04-08 (7 days)
UP           | https://dlacupuncture.com | HTTP 200 | 2465ms | SSL: 2026-04-18 (17 days)
UP           | https://www.rockyhillmeats.com/ | HTTP 200 | 1240ms | SSL: 2026-04-22 (21 days)
UP           | https://www.absheatingandairconditioning.com/ | HTTP 200 | 1242ms | SSL: 2026-05-15 (44 days)
UP           | https://tcpestsolutions.com/ | HTTP 200 | 2523ms | SSL: 2026-06-12 (72 days)
UP           | https://www.tempbydesign.com/ | HTTP 200 | 1243ms | SSL: 2026-04-08 (7 days)
UP           | https://tavosconstructionllc.com/ | HTTP 200 | 6573ms | SSL: 2026-06-28 (88 days)
DOWN         | https://www.eastgeorgiatreeservice.com/ | ERROR: Head "https://www.eastgeorgiatreeservice.com/": EOF
UP           | https://coastalcabinetsandgranite.com/ | HTTP 200 | 2599ms | SSL: 2026-04-28 (27 days)
UP           | https://www.r7electricutah.com/ | HTTP 200 | 1211ms | SSL: 2026-04-26 (25 days)
UP           | https://preferredremodeling.net/ | HTTP 200 | 2450ms | SSL: 2026-04-15 (14 days)
UP           | https://www.jml-electric.com | HTTP 200 | 1141ms | SSL: 2026-04-19 (18 days)
UP           | http://resto-pros.net | HTTP 200 | 1966ms | SSL: 2026-04-15 (14 days)
UP           | http://scconstruction.info | HTTP 200 | 1214ms | SSL: 2026-05-04 (33 days)
UP           | https://www.porteroutdoorservices.com/ | HTTP 200 | 1124ms | SSL: 2026-05-05 (34 days)
UP           | http://killswitchauto.com | HTTP 200 | 2038ms | SSL: 2026-04-12 (11 days)
UP           | https://coxdecorativeconcrete.com/ | HTTP 200 | 2221ms | SSL: 2026-05-18 (47 days)
UP           | http://charlesfulkroaddisposal.com | HTTP 200 | 1957ms | SSL: 2026-04-23 (21 days)
UP           | https://wireguyselectric.com/ | HTTP 200 | 2359ms | SSL: 2026-04-25 (24 days)
UP           | https://www.dentconceptstx.com/ | HTTP 200 | 913ms | SSL: 2026-04-28 (27 days)
UP           | https://fincorefrigeration.com | HTTP 200 | 2136ms | SSL: 2026-05-16 (45 days)
UP           | http://rocketcitymarine.com | HTTP 200 | 1757ms | SSL: 2026-04-28 (27 days)
UP           | https://cleantechsystemsnm.com | HTTP 200 | 1862ms | SSL: 2026-04-28 (27 days)
UP           | https://www.affordablecustomgolfcarts.com/ | HTTP 200 | 900ms | SSL: 2026-06-17 (77 days)
UP           | https://greenscapeslawns.com/ | HTTP 200 | 2037ms | SSL: 2026-05-05 (34 days)
UP           | https://jtstree.com/ | HTTP 200 | 2502ms | SSL: 2026-05-11 (40 days)
UP           | https://www.dixiefenceohio.com/ | HTTP 200 | 1179ms | SSL: 2026-05-18 (47 days)
UP           | https://allkidsarespecial.net | HTTP 200 | 1695ms | SSL: 2026-05-26 (55 days)
UP           | https://sgrcalifornia.com/ | HTTP 200 | 1951ms | SSL: 2026-05-13 (42 days)
UP           | https://www.garysroofingandconst.com/ | HTTP 200 | 905ms | SSL: 2026-05-06 (35 days)
UP           | https://www.breezehvac.com/ | HTTP 200 | 1000ms | SSL: 2026-06-22 (82 days)
UP           | https://rcpoolworks.com | HTTP 200 | 1829ms | SSL: 2026-05-17 (46 days)
UP           | https://Freedomcarpet.net | HTTP 200 | 1966ms | SSL: 2026-06-17 (77 days)
UP           | https://rolandoroofing.net | HTTP 200 | 6918ms | SSL: 2026-04-08 (7 days)
UP           | http://ormondlandscaping.com/ | HTTP 200 | 2103ms | SSL: 2026-05-11 (40 days)
UP           | https://www.alliedroofingco.com/ | HTTP 200 | 1323ms | SSL: 2026-06-26 (86 days)
UP           | https://www.waterheatersracinewi.com/ | HTTP 200 | 1619ms | SSL: 2026-04-16 (15 days)
UP           | https://www.atlanticdrywallandpaint.com/ | HTTP 200 | 1238ms | SSL: 2026-06-23 (83 days)
UP           | https://grantsappliancerepairllc.com/ | HTTP 200 | 1770ms | SSL: 2026-06-23 (83 days)
UP           | http://aaaexcavate.com | HTTP 200 | 1692ms | SSL: 2026-04-09 (8 days)
UP           | https://gormanandsonslandscaping.com/ | HTTP 200 | 2519ms | SSL: 2026-04-29 (28 days)
UP           | https://texasproroofing.net/ | HTTP 200 | 2278ms | SSL: 2026-04-08 (7 days)
UP           | https://www.808towing.com/ | HTTP 200 | 1108ms | SSL: 2026-05-14 (43 days)
UP           | https://www.jandbtreeservice.net/ | HTTP 200 | 1105ms | SSL: 2026-04-29 (28 days)
UP           | https://sweetmountainair.co | HTTP 200 | 1574ms | SSL: 2026-05-04 (33 days)
UP           | https://www.stormprosva.com/ | HTTP 200 | 852ms | SSL: 2026-04-29 (28 days)
UP           | https://www.atlantic217.com/ | HTTP 200 | 1102ms | SSL: 2026-04-13 (12 days)
UP           | https://lakehamiltonappraisals.com/ | HTTP 200 | 3304ms | SSL: 2026-05-13 (42 days)
UP           | https://kcservicecenterpa.com | HTTP 200 | 1957ms | SSL: 2026-04-27 (26 days)
UP           | https://mobsfloorcare.com/ | HTTP 200 | 2195ms | SSL: 2026-06-27 (87 days)
UP           | https://wennigercompressor.com/ | HTTP 200 | 2044ms | SSL: 2026-04-27 (26 days)
UP           | https://mauicontainersales.com/ | HTTP 200 | 1962ms | SSL: 2026-06-02 (62 days)
UP           | https://www.24-hourrefrigeration.com/ | HTTP 200 | 1191ms | SSL: 2026-05-09 (38 days)
UP           | https://anteaterspestcontrol.net | HTTP 200 | 2203ms | SSL: 2026-04-24 (23 days)
UP           | http://furniturefixxers.com | HTTP 200 | 2159ms | SSL: 2026-05-02 (31 days)
UP           | https://www.apexgutters.com/ | HTTP 200 | 1174ms | SSL: 2026-06-16 (76 days)
UP           | https://blackdogrr.com/ | HTTP 200 | 2049ms | SSL: 2026-05-18 (47 days)
UP           | https://hogiesconstruction.com/ | HTTP 200 | 2060ms | SSL: 2026-05-27 (56 days)
UP           | https://www.askyline.com/ | HTTP 200 | 1284ms | SSL: 2026-06-24 (84 days)
UP           | https://www.dbarrsvcs.com/ | HTTP 200 | 1274ms | SSL: 2026-05-25 (54 days)
UP           | https://powellpestcontrol.net/ | HTTP 200 | 2048ms | SSL: 2026-05-26 (55 days)
UP           | https://wireguys.com | HTTP 200 | 2732ms | SSL: 2026-06-22 (82 days)
UP           | https://economysidingtn.com/ | HTTP 200 | 3072ms | SSL: 2026-05-26 (55 days)
UP           | https://rsccontracting.org/ | HTTP 200 | 2844ms | SSL: 2026-04-08 (7 days)
UP           | https://www.bhswelding.com/ | HTTP 200 | 1159ms | SSL: 2026-06-13 (73 days)
UP           | https://www.yourfamilysalon.com/ | HTTP 200 | 1234ms | SSL: 2026-04-10 (9 days)
UP           | https://www.alswelldrilling.com/ | HTTP 200 | 1131ms | SSL: 2026-06-12 (72 days)
UP           | http://customoutdoorsolutionsny.com | HTTP 200 | 1745ms | SSL: 2026-04-13 (12 days)
UP           | https://raffoulheatingandair.com | HTTP 200 | 2706ms | SSL: 2026-04-13 (12 days)
UP           | http://dynamohi.com | HTTP 200 | 1395ms | SSL: 2026-05-11 (40 days)
UP           | https://danrandandassoc.com/ | HTTP 200 | 1817ms | SSL: 2026-04-07 (6 days)
UP           | https://carbondalewoodshop.com/ | HTTP 200 | 606ms | SSL: 2026-06-28 (88 days)
UP           | https://smithhvacservices.com/index | HTTP 200 | 3892ms | SSL: 2026-06-14 (74 days)
UP           | http://www.junk-punks.com/ | HTTP 200 | 1407ms | SSL: 2026-06-25 (85 days)
UP           | https://www.fndcontracting.com | HTTP 200 | 881ms | SSL: 2026-06-28 (88 days)
UP           | http://hopelandscaping.com | HTTP 200 | 1635ms | SSL: 2026-06-18 (78 days)
UP           | https://larrysae.com | HTTP 200 | 6838ms | SSL: 2026-06-21 (81 days)
UP           | https://www.ezoutcollisioncenter.com/ | HTTP 200 | 1193ms | SSL: 2026-05-09 (38 days)
UP           | https://rsccontracting.org/ | HTTP 200 | 1507ms | SSL: 2026-04-08 (7 days)
UP           | http://ccelectricbcs.com | HTTP 200 | 1724ms | SSL: 2026-05-10 (39 days)
UP           | http://ccelectricbcs.com | HTTP 200 | 1580ms | SSL: 2026-05-10 (39 days)
UP           | https://tropicglassenclosuresfl.com/ | HTTP 200 | 1899ms | SSL: 2026-06-26 (86 days)
UP           | https://www.fireflycontractor.com/ | HTTP 200 | 968ms | SSL: 2026-04-09 (8 days)
UP           | https://www.tridentconstructiongp.com/ | HTTP 200 | 967ms | SSL: 2026-06-20 (80 days)
UP           | https://roettgerwelding.com/ | HTTP 200 | 1857ms | SSL: 2026-04-10 (9 days)
UP           | https://azjanitorialservice.com | HTTP 200 | 2985ms | SSL: 2026-06-28 (88 days)
UP           | https://camoconstructionllc.com/ | HTTP 200 | 2245ms | SSL: 2026-04-29 (28 days)
UP           | https://totalcomfortcleaners.com | HTTP 200 | 2013ms | SSL: 2026-04-30 (29 days)
UP           | https://www.brianemmonsroofing.com/ | HTTP 200 | 1343ms | SSL: 2026-06-19 (78 days)
UP           | https://www.customelitedetailcarwash.com/ | HTTP 200 | 1075ms | SSL: 2026-04-20 (19 days)
UP           | https://www.noatoutdoorliving.com/ | HTTP 200 | 951ms | SSL: 2026-04-24 (23 days)
UP           | https://southfloridadockandseawall.com | HTTP 200 | 2100ms | SSL: 2026-06-14 (74 days)
UP           | https://www.rselectricms.com | HTTP 200 | 1186ms | SSL: 2026-04-30 (29 days)
UP           | http://allbrightcleaningkc.com | HTTP 200 | 1751ms | SSL: 2026-06-10 (70 days)
UP           | https://paintingbypros.com/ | HTTP 200 | 2235ms | SSL: 2026-04-30 (29 days)
UP           | https://www.ancientcitygaragedoors.com | HTTP 200 | 1177ms | SSL: 2026-05-08 (37 days)
UP           | https://www.mikeandmikeroofing.com/ | HTTP 200 | 1117ms | SSL: 2026-06-29 (89 days)
UP           | https://maxpressfoundationrepair.com/ | HTTP 200 | 1952ms | SSL: 2026-06-13 (73 days)
UP           | https://offshorepropertyservices.com | HTTP 200 | 500ms | SSL: 2026-06-18 (78 days)
UP           | http://dynamohi.com | HTTP 200 | 1939ms | SSL: 2026-05-11 (40 days)
UP           | https://patdollautomotivewi.com/ | HTTP 200 | 1987ms | SSL: 2026-05-31 (60 days)
UP           | http://renewconstructionnm.com | HTTP 200 | 593ms | SSL: 2026-06-18 (78 days)
UP           | http://seaboardrestoration.com/ | HTTP 200 | 1005ms | SSL: 2026-05-11 (40 days)
UP           | https://www.fisherhomeinspectionsllc.com/ | HTTP 200 | 1209ms | SSL: 2026-06-13 (73 days)
UP           | https://www.jmplumbersinc.com/ | HTTP 200 | 882ms | SSL: 2026-04-16 (15 days)
UP           | https://finishlineautotire.com/ | HTTP 200 | 2140ms | SSL: 2026-05-16 (45 days)
UP           | http://vitosexpress.com | HTTP 200 | 2236ms | SSL: 2026-06-13 (73 days)
UP           | https://www.thesignsolution.net/ | HTTP 200 | 1253ms | SSL: 2026-06-21 (81 days)
UP           | https://bagremodelers.com/ | HTTP 200 | 2374ms | SSL: 2026-06-14 (74 days)
UP           | https://www.problemtree.com | HTTP 200 | 1004ms | SSL: 2026-06-13 (73 days)
UP           | https://capri-wash.com | HTTP 200 | 2071ms | SSL: 2026-06-14 (74 days)
UP           | https://landscapeofbrainerd.com/ | HTTP 200 | 2071ms | SSL: 2026-04-26 (25 days)
UP           | https://totalpackagelandscapeworksllc.com | HTTP 200 | 1999ms | SSL: 2026-04-13 (12 days)
UP           | https://acesandblasting.co/ | HTTP 200 | 1683ms | SSL: 2026-06-22 (82 days)
UP           | https://5startexasroofing.com/ | HTTP 200 | 2128ms | SSL: 2026-04-23 (22 days)
UP           | https://caudletreeservice.com/ | HTTP 200 | 2127ms | SSL: 2026-04-14 (12 days)
UP           | https://www.bayoustatemoving.com/ | HTTP 200 | 957ms | SSL: 2026-04-20 (19 days)
UP           | https://www.1classproperties.com/ | HTTP 200 | 1105ms | SSL: 2026-04-23 (22 days)
UP           | https://www.1classrealty.com/ | HTTP 200 | 1008ms | SSL: 2026-04-23 (22 days)
UP           | https://www.aimhighdetailing.com/ | HTTP 200 | 1376ms | SSL: 2026-04-19 (18 days)
UP           | https://www.tampablindsbydesign.com/ | HTTP 200 | 884ms | SSL: 2026-05-04 (33 days)
ERROR        | http://thelocalplumber.com | HTTP 403 | 699ms | SSL: 
UP           | https://frontieraircon.com/ | HTTP 200 | 1850ms | SSL: 2026-05-17 (46 days)
UP           | https://www.saltlakecitycabinetry.com/ | HTTP 200 | 899ms | SSL: 2026-05-19 (48 days)
UP           | https://mantispestma.com | HTTP 200 | 3952ms | SSL: 2026-04-25 (24 days)
UP           | https://tyslandscapingiowa.com | HTTP 200 | 1734ms | SSL: 2026-04-24 (23 days)
UP           | https://www.herrwelldrillingwi.com/ | HTTP 200 | 769ms | SSL: 2026-06-08 (68 days)
UP           | https://www.problemtree.com/ | HTTP 200 | 714ms | SSL: 2026-06-13 (73 days)
UP           | https://tandkventures.com/ | HTTP 200 | 3461ms | SSL: 2026-06-24 (84 days)
UP           | http://muddyriversconcrete.com | HTTP 200 | 1647ms | SSL: 2026-06-09 (69 days)
UP           | https://accurateandconfidentialtaxservice.com/ | HTTP 200 | 2174ms | SSL: 2026-06-22 (82 days)
UP           | https://mcneelytreeservice.com/ | HTTP 200 | 1983ms | SSL: 2026-06-17 (77 days)
UP           | https://www.mvpgardencenter.com/ | HTTP 200 | 1732ms | SSL: 2026-06-14 (74 days)
ERROR        | https://abccarpetcleanerssd.com | HTTP 404 | 1279ms | SSL: 2026-06-20 (80 days)
Summary: 237 UP | 2 ERROR | 1 DOWN | 0 UNVERIFIABLE
