=== 2026-04-25 09:01:59 ===
UP           | https://offshorepropertyservices.com | HTTP 200 | 192ms | SSL: 2026-06-18 (54 days)
DOWN         | http://seaboardrestoration.com/ | ERROR: Get "http://seaboardrestoration.com/": dial tcp: lookup seaboardrestoration.com on 127.0.0.53:53: no such host
UP           | https://platinumpaintingandserviceinc.com | HTTP 200 | 196ms | SSL: 2026-07-10 (75 days)
UP           | https://aandbauctionservices.com | HTTP 200 | 260ms | SSL: 2026-07-02 (67 days)
UP           | http://reidheatingandair.com | HTTP 200 | 199ms | SSL: 2026-07-20 (86 days)
UP           | https://pristineccs.com/ | HTTP 200 | 275ms | SSL: 2026-07-20 (86 days)
UP           | https://westcoastdents.com | HTTP 200 | 229ms | SSL: 2026-05-08 (13 days)
UP           | https://catoiletwhisperer.com | HTTP 200 | 211ms | SSL: 2026-06-09 (44 days)
UP           | https://ivyheatingandair.com | HTTP 200 | 237ms | SSL: 2026-06-26 (61 days)
UP           | https://primaryheatingandcooling.com | HTTP 200 | 232ms | SSL: 2026-07-07 (72 days)
UP           | https://businessnotions.com/ | HTTP 200 | 123ms | SSL: 2026-05-02 (7 days)
UP           | https://www.butzwelding.com | HTTP 200 | 121ms | SSL: 2026-06-30 (65 days)
UP           | https://brimicfoundation.com/ | HTTP 200 | 242ms | SSL: 2026-07-02 (68 days)
UP           | https://endlesssummercharters.com/ | HTTP 200 | 129ms | SSL: 2026-05-04 (8 days)
UP           | https://thekiddiekornerboutique.com | HTTP 200 | 100ms | SSL: 2026-05-07 (11 days)
UP           | https://safloralelegance.com | HTTP 200 | 222ms | SSL: 2026-07-16 (81 days)
UP           | http://allbrandsheatingandcooling.com | HTTP 200 | 245ms | SSL: 2026-07-06 (72 days)
UP           | http://plumbersouthfl.com | HTTP 200 | 175ms | SSL: 2026-07-14 (80 days)
UP           | http://wjauction.com | HTTP 200 | 165ms | SSL: 2026-07-14 (80 days)
UP           | https://txpanhandlelogistics.com | HTTP 200 | 340ms | SSL: 2026-07-15 (81 days)
UP           | https://mullinstruckingllc.com/ | HTTP 200 | 228ms | SSL: 2026-05-18 (22 days)
UP           | https://fratiplumbing.net | HTTP 200 | 119ms | SSL: 2026-05-02 (7 days)
UP           | https://loganshouse.com/ | HTTP 200 | 254ms | SSL: 2026-07-22 (88 days)
UP           | http://plantsunlimiteddurham.com | HTTP 200 | 88ms | SSL: 2026-05-12 (16 days)
UP           | http://protechdiesel.biz/ | HTTP 200 | 112ms | SSL: 2026-05-18 (22 days)
UP           | https://cherrycreekshadesanddraperys.com | HTTP 200 | 249ms | SSL: 2026-05-03 (7 days)
UP           | https://centralmotorsale.com | HTTP 200 | 220ms | SSL: 2026-05-07 (12 days)
UP           | https://jsaengineers.com | HTTP 200 | 135ms | SSL: 2026-05-19 (23 days)
UP           | https://boilertechnologies.com | HTTP 200 | 207ms | SSL: 2026-07-05 (71 days)
UP           | https://trucarma.com/ | HTTP 200 | 223ms | SSL: 2026-06-25 (60 days)
UP           | https://wyomingarmoredservice.com | HTTP 200 | 178ms | SSL: 2026-06-12 (47 days)
UP           | https://brvparkpropane.com/ | HTTP 200 | 187ms | SSL: 2026-05-05 (9 days)
UP           | https://primeappraisalsmi.com | HTTP 200 | 235ms | SSL: 2026-06-21 (57 days)
DOWN         | https://newenglandgroupctinc.com | ERROR: Get "https://www.go-newengland.com/": net/http: TLS handshake timeout
UP           | https://www.napavalleyfitness.com | HTTP 200 | 46ms | SSL: 2026-07-13 (79 days)
UP           | https://www.prosidingandwindows.net/ | HTTP 200 | 121ms | SSL: 2026-07-24 (89 days)
UP           | https://www.eocatx.com/ | HTTP 200 | 96ms | SSL: 2026-06-28 (63 days)
UP           | https://www.drainrooterplumbingsd.com/ | HTTP 200 | 119ms | SSL: 2026-06-16 (51 days)
UP           | https://glassimpressionslv.com | HTTP 200 | 216ms | SSL: 2026-07-04 (69 days)
UP           | https://shultarchitect.com | HTTP 200 | 196ms | SSL: 2026-05-27 (32 days)
UP           | https://inthemix-adc.com | HTTP 200 | 225ms | SSL: 2026-05-26 (31 days)
UP           | https://www.sexton-repairs.com/ | HTTP 200 | 64ms | SSL: 2026-06-27 (62 days)
UP           | https://fraserplumbingarkansas.com/ | HTTP 200 | 171ms | SSL: 2026-07-04 (70 days)
UP           | https://foothillsmachininginc.com | HTTP 200 | 81ms | SSL: 2026-07-20 (85 days)
UP           | https://rangerenovation.com | HTTP 200 | 123ms | SSL: 2026-05-08 (12 days)
UP           | https://modelcoelectric.com/ | HTTP 200 | 177ms | SSL: 2026-05-16 (21 days)
DOWN         | https://conveyor-tek.com | ERROR: Get "https://www.conveyor-tek.com/": net/http: TLS handshake timeout
UP           | http://longspest.com | HTTP 200 | 264ms | SSL: 2026-06-22 (57 days)
UP           | https://spindledynamicsaxlerepair.com | HTTP 200 | 183ms | SSL: 2026-05-16 (20 days)
UP           | https://mevoutdoor.com/ | HTTP 200 | 170ms | SSL: 2026-06-23 (58 days)
UP           | https://greenbushpros.com/ | HTTP 200 | 192ms | SSL: 2026-07-02 (67 days)
UP           | https://harveysarlesinsurance.com/ | HTTP 200 | 230ms | SSL: 2026-06-19 (55 days)
UP           | http://affordablerooter.com/ | HTTP 200 | 149ms | SSL: 2026-05-19 (24 days)
UP           | https://thomasmccannlaw.com | HTTP 200 | 285ms | SSL: 2026-07-24 (89 days)
UP           | https://southshoretruckrepair.com | HTTP 200 | 140ms | SSL: 2026-06-08 (44 days)
UP           | https://pacificgaragerepair.com | HTTP 200 | 236ms | SSL: 2026-06-21 (57 days)
UP           | https://www.thespringking.net/ | HTTP 200 | 115ms | SSL: 2026-06-29 (65 days)
UP           | https://www.hansmotosports.com/ | HTTP 200 | 111ms | SSL: 2026-06-19 (55 days)
UP           | https://www.advancedalarmlock.com | HTTP 200 | 73ms | SSL: 2026-05-09 (13 days)
UP           | https://www.amishstonefirepits.com/ | HTTP 200 | 63ms | SSL: 2026-05-04 (8 days)
UP           | https://www.noatoutdoorliving.com/ | HTTP 200 | 130ms | SSL: 2026-07-16 (82 days)
UP           | https://campbellhuitt.com | HTTP 200 | 76ms | SSL: 2026-06-29 (65 days)
UP           | https://www.bulldogmovingclt.com/ | HTTP 200 | 223ms | SSL: 2026-06-15 (51 days)
UP           | https://terseptic.com | HTTP 200 | 953ms | SSL: 2026-06-22 (57 days)
UP           | https://www.nmwcattorneys.com/ | HTTP 200 | 110ms | SSL: 2026-07-04 (69 days)
UP           | https://www.jandpbikeshop.com/ | HTTP 200 | 89ms | SSL: 2026-06-14 (50 days)
UP           | https://angelabrowderhomecare.com/ | HTTP 200 | 163ms | SSL: 2026-06-14 (50 days)
UP           | https://www.5pointslandscaping.com/ | HTTP 200 | 98ms | SSL: 2026-06-14 (50 days)
UP           | https://carpettechcleaning.com | HTTP 200 | 229ms | SSL: 2026-05-09 (14 days)
UP           | https://www.mtccpressurewashing.com/ | HTTP 200 | 96ms | SSL: 2026-07-01 (67 days)
UP           | https://ochoaelectricsandiego.com | HTTP 200 | 143ms | SSL: 2026-05-19 (23 days)
UP           | https://vanityfairbaths.com | HTTP 200 | 149ms | SSL: 2026-07-10 (76 days)
UP           | https://www.asapcontainers.com/ | HTTP 200 | 101ms | SSL: 2026-07-10 (75 days)
UP           | https://www.boyleheatingandcooling.net/ | HTTP 200 | 271ms | SSL: 2026-07-06 (72 days)
UP           | https://www.zulaufconstruction.com | HTTP 200 | 144ms | SSL: 2026-07-06 (72 days)
UP           | https://www.carpetcleaningomaha.com | HTTP 200 | 97ms | SSL: 2026-07-20 (85 days)
UP           | https://cakeschocolatesandmore.com/ | HTTP 200 | 235ms | SSL: 2026-05-04 (9 days)
UP           | https://www.victorytireauto.com | HTTP 200 | 60ms | SSL: 2026-05-07 (12 days)
UP           | https://windsorlimo.com | HTTP 200 | 72ms | SSL: 2026-05-11 (16 days)
UP           | https://www.howieglass.com/ | HTTP 200 | 102ms | SSL: 2026-06-14 (49 days)
UP           | https://www.xlsavebig.com | HTTP 200 | 111ms | SSL: 2026-07-05 (71 days)
UP           | https://www.oxicleaners.com | HTTP 200 | 107ms | SSL: 2026-05-08 (12 days)
UP           | https://petstylessalonandspa.com | HTTP 200 | 120ms | SSL: 2026-07-18 (84 days)
UP           | https://www.riverbluffcanecorsos.com | HTTP 200 | 56ms | SSL: 2026-05-04 (9 days)
UP           | https://stoversflooringanddraperycenter.com/ | HTTP 200 | 169ms | SSL: 2026-07-20 (85 days)
UP           | http://www.aseyourlight.com | HTTP 200 | 170ms | SSL: 2026-05-04 (9 days)
UP           | https://www.missouriglassinc.com/ | HTTP 200 | 111ms | SSL: 2026-06-27 (63 days)
UP           | https://www.coddingtonlock.com/ | HTTP 200 | 85ms | SSL: 2026-06-20 (56 days)
ERROR        | https://www.andyperuginos.com/ | HTTP 404 | 135ms | SSL: 2026-06-30 (66 days)
UP           | https://tntcarpetcleaners.com | HTTP 200 | 143ms | SSL: 2026-07-07 (72 days)
UP           | https://www.opsct.com | HTTP 200 | 97ms | SSL: 2026-06-29 (65 days)
UP           | https://securitycompanyms.com | HTTP 200 | 164ms | SSL: 2026-07-18 (84 days)
UP           | https://abbottscatering.com | HTTP 200 | 271ms | SSL: 2026-07-12 (78 days)
UP           | https://timothymwilliamslaw.com | HTTP 200 | 224ms | SSL: 2026-07-08 (74 days)
DOWN         | https://www.garyhuebnerlaw.com/ | ERROR: Get "https://www.garyhuebnerlaw.com/": tls: failed to verify certificate: x509: certificate is valid for broken-ssl.multiscreensite.com, not www.garyhuebnerlaw.com
UP           | https://www.thepoisonivyguy.com/ | HTTP 200 | 38ms | SSL: 2026-05-11 (16 days)
UP           | https://parkpharmacyrx.com | HTTP 200 | 288ms | SSL: 2026-05-03 (8 days)
UP           | https://gillettesignworks.com | HTTP 200 | 152ms | SSL: 2026-05-14 (19 days)
UP           | https://www.richroofing.com/ | HTTP 200 | 145ms | SSL: 2026-05-05 (10 days)
UP           | http://lassiterelectric.com | HTTP 200 | 437ms | SSL: 2026-05-11 (16 days)
UP           | https://www.fatpocketpawn.biz | HTTP 200 | 81ms | SSL: 2026-05-14 (19 days)
UP           | https://lockhartaircare.com | HTTP 200 | 74ms | SSL: 2026-06-20 (56 days)
UP           | https://www.eaglewaterfiltration.com/ | HTTP 200 | 106ms | SSL: 2026-06-20 (55 days)
UP           | https://www.epsteinspaint.com/ | HTTP 200 | 51ms | SSL: 2026-06-13 (49 days)
UP           | https://www.appliancereliancellc.com/ | HTTP 200 | 157ms | SSL: 2026-07-02 (68 days)
UP           | https://www.timworthystransmissionrepairs.com/ | HTTP 200 | 113ms | SSL: 2026-06-27 (63 days)
UP           | https://www.cashgoldnj.com | HTTP 200 | 71ms | SSL: 2026-06-30 (65 days)
UP           | https://dlacupuncture.com | HTTP 200 | 229ms | SSL: 2026-07-10 (76 days)
UP           | https://www.rockyhillmeats.com/ | HTTP 200 | 35ms | SSL: 2026-07-14 (79 days)
UP           | https://www.absheatingandairconditioning.com/ | HTTP 200 | 52ms | SSL: 2026-05-15 (20 days)
UP           | https://tcpestsolutions.com/ | HTTP 200 | 94ms | SSL: 2026-06-12 (48 days)
UP           | https://www.tempbydesign.com/ | HTTP 200 | 112ms | SSL: 2026-06-30 (66 days)
UP           | https://tavosconstructionllc.com/ | HTTP 200 | 1211ms | SSL: 2026-06-28 (64 days)
DOWN         | https://www.eastgeorgiatreeservice.com/ | ERROR: Head "https://www.eastgeorgiatreeservice.com/": EOF
UP           | https://coastalcabinetsandgranite.com/ | HTTP 200 | 212ms | SSL: 2026-07-20 (86 days)
ERROR        | https://www.r7electricutah.com/ | HTTP 404 | 114ms | SSL: 2026-07-18 (84 days)
UP           | https://preferredremodeling.net/ | HTTP 200 | 212ms | SSL: 2026-07-07 (73 days)
UP           | https://www.jml-electric.com | HTTP 200 | 60ms | SSL: 2026-07-11 (77 days)
UP           | http://resto-pros.net | HTTP 200 | 171ms | SSL: 2026-07-07 (73 days)
UP           | http://scconstruction.info | HTTP 200 | 104ms | SSL: 2026-07-02 (68 days)
UP           | https://www.porteroutdoorservices.com/ | HTTP 200 | 124ms | SSL: 2026-05-05 (10 days)
UP           | http://killswitchauto.com | HTTP 200 | 85ms | SSL: 2026-07-04 (70 days)
UP           | https://coxdecorativeconcrete.com/ | HTTP 200 | 75ms | SSL: 2026-05-18 (23 days)
UP           | http://charlesfulkroaddisposal.com | HTTP 200 | 173ms | SSL: 2026-07-15 (80 days)
UP           | https://wireguyselectric.com/ | HTTP 200 | 148ms | SSL: 2026-07-17 (83 days)
UP           | https://www.dentconceptstx.com/ | HTTP 200 | 69ms | SSL: 2026-07-20 (86 days)
UP           | https://fincorefrigeration.com | HTTP 200 | 121ms | SSL: 2026-05-16 (21 days)
UP           | http://rocketcitymarine.com | HTTP 200 | 118ms | SSL: 2026-07-20 (86 days)
UP           | https://cleantechsystemsnm.com | HTTP 200 | 213ms | SSL: 2026-07-20 (86 days)
UP           | https://www.affordablecustomgolfcarts.com/ | HTTP 200 | 39ms | SSL: 2026-06-17 (53 days)
UP           | https://greenscapeslawns.com/ | HTTP 200 | 224ms | SSL: 2026-05-05 (10 days)
UP           | https://jtstree.com/ | HTTP 200 | 168ms | SSL: 2026-05-11 (16 days)
UNVERIFIABLE | https://www.dixiefenceohio.com/ | HTTP 200 | 21ms | SSL: 2026-05-18 (23 days)
UP           | https://allkidsarespecial.net | HTTP 200 | 102ms | SSL: 2026-05-26 (31 days)
UP           | https://sgrcalifornia.com/ | HTTP 200 | 169ms | SSL: 2026-05-13 (18 days)
UP           | https://www.garysroofingandconst.com/ | HTTP 200 | 98ms | SSL: 2026-05-06 (11 days)
UP           | https://www.breezehvac.com/ | HTTP 200 | 215ms | SSL: 2026-06-22 (58 days)
UP           | https://rcpoolworks.com | HTTP 200 | 121ms | SSL: 2026-05-17 (22 days)
UP           | https://Freedomcarpet.net | HTTP 200 | 124ms | SSL: 2026-06-17 (53 days)
UP           | https://rolandoroofing.net | HTTP 200 | 166ms | SSL: 2026-06-30 (66 days)
UP           | http://ormondlandscaping.com/ | HTTP 200 | 190ms | SSL: 2026-05-11 (16 days)
UP           | https://www.alliedroofingco.com/ | HTTP 200 | 56ms | SSL: 2026-06-26 (62 days)
UP           | https://www.waterheatersracinewi.com/ | HTTP 200 | 118ms | SSL: 2026-07-08 (74 days)
UP           | https://www.atlanticdrywallandpaint.com/ | HTTP 200 | 62ms | SSL: 2026-06-23 (59 days)
UP           | https://grantsappliancerepairllc.com/ | HTTP 200 | 94ms | SSL: 2026-06-23 (59 days)
UP           | http://aaaexcavate.com | HTTP 200 | 213ms | SSL: 2026-07-01 (67 days)
UP           | https://gormanandsonslandscaping.com/ | HTTP 200 | 160ms | SSL: 2026-07-21 (87 days)
UP           | https://texasproroofing.net/ | HTTP 200 | 101ms | SSL: 2026-06-30 (66 days)
UP           | https://www.808towing.com/ | HTTP 200 | 69ms | SSL: 2026-05-14 (19 days)
UP           | https://www.jandbtreeservice.net/ | HTTP 200 | 70ms | SSL: 2026-07-21 (87 days)
UP           | https://sweetmountainair.co | HTTP 200 | 60ms | SSL: 2026-05-04 (9 days)
UP           | https://www.stormprosva.com/ | HTTP 200 | 73ms | SSL: 2026-07-21 (87 days)
UP           | https://www.atlantic217.com/ | HTTP 200 | 159ms | SSL: 2026-07-05 (71 days)
UP           | https://lakehamiltonappraisals.com/ | HTTP 200 | 114ms | SSL: 2026-05-13 (18 days)
UP           | https://kcservicecenterpa.com | HTTP 200 | 142ms | SSL: 2026-07-19 (85 days)
UP           | https://mobsfloorcare.com/ | HTTP 200 | 165ms | SSL: 2026-06-27 (63 days)
UP           | https://wennigercompressor.com/ | HTTP 200 | 198ms | SSL: 2026-07-19 (85 days)
UP           | https://mauicontainersales.com/ | HTTP 200 | 228ms | SSL: 2026-06-02 (38 days)
UP           | https://www.24-hourrefrigeration.com/ | HTTP 200 | 41ms | SSL: 2026-05-09 (14 days)
UP           | https://anteaterspestcontrol.net | HTTP 200 | 177ms | SSL: 2026-07-16 (82 days)
UP           | http://furniturefixxers.com | HTTP 200 | 103ms | SSL: 2026-05-02 (7 days)
UP           | https://www.apexgutters.com/ | HTTP 200 | 73ms | SSL: 2026-06-16 (52 days)
UP           | https://blackdogrr.com/ | HTTP 200 | 220ms | SSL: 2026-05-18 (23 days)
UP           | https://hogiesconstruction.com/ | HTTP 200 | 150ms | SSL: 2026-05-27 (32 days)
UP           | https://www.askyline.com/ | HTTP 200 | 85ms | SSL: 2026-06-24 (60 days)
UP           | https://www.dbarrsvcs.com/ | HTTP 200 | 42ms | SSL: 2026-05-25 (30 days)
UP           | https://powellpestcontrol.net/ | HTTP 200 | 146ms | SSL: 2026-05-26 (31 days)
UP           | https://wireguys.com | HTTP 200 | 153ms | SSL: 2026-06-22 (58 days)
UP           | https://economysidingtn.com/ | HTTP 200 | 121ms | SSL: 2026-05-26 (31 days)
UP           | https://rsccontracting.org/ | HTTP 200 | 395ms | SSL: 2026-06-30 (66 days)
UP           | https://www.bhswelding.com/ | HTTP 200 | 102ms | SSL: 2026-06-13 (49 days)
UP           | https://www.yourfamilysalon.com/ | HTTP 200 | 106ms | SSL: 2026-07-02 (68 days)
UP           | https://www.alswelldrilling.com/ | HTTP 200 | 59ms | SSL: 2026-06-12 (48 days)
UP           | http://customoutdoorsolutionsny.com | HTTP 200 | 228ms | SSL: 2026-07-05 (71 days)
UP           | https://raffoulheatingandair.com | HTTP 200 | 273ms | SSL: 2026-07-05 (71 days)
UP           | http://dynamohi.com | HTTP 200 | 215ms | SSL: 2026-05-11 (16 days)
UP           | https://danrandandassoc.com/ | HTTP 200 | 163ms | SSL: 2026-06-30 (66 days)
UP           | https://carbondalewoodshop.com/ | HTTP 200 | 390ms | SSL: 2026-07-17 (82 days)
UP           | https://smithhvacservices.com/index | HTTP 200 | 252ms | SSL: 2026-06-14 (50 days)
UP           | http://www.junk-punks.com/ | HTTP 200 | 573ms | SSL: 2026-07-22 (88 days)
UP           | https://www.fndcontracting.com | HTTP 200 | 74ms | SSL: 2026-06-28 (63 days)
UP           | http://hopelandscaping.com | HTTP 200 | 201ms | SSL: 2026-06-18 (54 days)
UP           | https://larrysae.com | HTTP 200 | 262ms | SSL: 2026-06-21 (57 days)
UP           | https://www.ezoutcollisioncenter.com/ | HTTP 200 | 116ms | SSL: 2026-05-09 (14 days)
UP           | https://rsccontracting.org/ | HTTP 200 | 19ms | SSL: 2026-06-30 (66 days)
UP           | http://ccelectricbcs.com | HTTP 200 | 114ms | SSL: 2026-05-10 (15 days)
UP           | http://ccelectricbcs.com | HTTP 200 | 52ms | SSL: 2026-05-10 (15 days)
UP           | https://tropicglassenclosuresfl.com/ | HTTP 200 | 327ms | SSL: 2026-06-26 (62 days)
UP           | https://www.fireflycontractor.com/ | HTTP 200 | 112ms | SSL: 2026-07-01 (67 days)
UP           | https://www.tridentconstructiongp.com/ | HTTP 200 | 108ms | SSL: 2026-06-20 (56 days)
UP           | https://roettgerwelding.com/ | HTTP 200 | 129ms | SSL: 2026-07-02 (68 days)
UP           | https://azjanitorialservice.com | HTTP 200 | 358ms | SSL: 2026-06-28 (64 days)
UP           | https://camoconstructionllc.com/ | HTTP 200 | 222ms | SSL: 2026-07-21 (87 days)
UP           | https://totalcomfortcleaners.com | HTTP 200 | 282ms | SSL: 2026-07-22 (88 days)
UP           | https://www.brianemmonsroofing.com/ | HTTP 200 | 280ms | SSL: 2026-06-19 (54 days)
UP           | https://www.customelitedetailcarwash.com/ | HTTP 200 | 130ms | SSL: 2026-07-12 (78 days)
UP           | https://www.noatoutdoorliving.com/ | HTTP 200 | 29ms | SSL: 2026-07-16 (82 days)
UP           | https://southfloridadockandseawall.com | HTTP 200 | 209ms | SSL: 2026-06-14 (50 days)
UP           | https://www.rselectricms.com | HTTP 200 | 143ms | SSL: 2026-07-22 (88 days)
UP           | http://allbrightcleaningkc.com | HTTP 200 | 231ms | SSL: 2026-06-10 (46 days)
UP           | https://paintingbypros.com/ | HTTP 200 | 125ms | SSL: 2026-07-22 (88 days)
UP           | https://www.ancientcitygaragedoors.com | HTTP 200 | 119ms | SSL: 2026-05-08 (13 days)
UP           | https://www.mikeandmikeroofing.com/ | HTTP 200 | 334ms | SSL: 2026-06-29 (65 days)
UP           | https://maxpressfoundationrepair.com/ | HTTP 200 | 131ms | SSL: 2026-06-13 (49 days)
UP           | https://offshorepropertyservices.com | HTTP 200 | 50ms | SSL: 2026-06-18 (54 days)
UP           | http://dynamohi.com | HTTP 200 | 64ms | SSL: 2026-05-11 (16 days)
UP           | https://patdollautomotivewi.com/ | HTTP 200 | 163ms | SSL: 2026-05-31 (36 days)
UP           | http://renewconstructionnm.com | HTTP 200 | 160ms | SSL: 2026-06-18 (53 days)
DOWN         | http://seaboardrestoration.com/ | ERROR: Get "http://seaboardrestoration.com/": dial tcp: lookup seaboardrestoration.com on 127.0.0.53:53: no such host
UP           | https://www.fisherhomeinspectionsllc.com/ | HTTP 200 | 62ms | SSL: 2026-06-13 (49 days)
UP           | https://www.jmplumbersinc.com/ | HTTP 200 | 58ms | SSL: 2026-07-08 (74 days)
UP           | https://finishlineautotire.com/ | HTTP 200 | 161ms | SSL: 2026-05-16 (21 days)
UP           | http://vitosexpress.com | HTTP 200 | 230ms | SSL: 2026-06-13 (49 days)
UP           | https://www.thesignsolution.net/ | HTTP 200 | 144ms | SSL: 2026-06-21 (57 days)
UP           | https://bagremodelers.com/ | HTTP 200 | 81ms | SSL: 2026-06-14 (50 days)
UP           | https://www.problemtree.com | HTTP 200 | 7ms | SSL: 2026-06-13 (49 days)
UP           | https://capri-wash.com | HTTP 200 | 225ms | SSL: 2026-06-14 (50 days)
UNVERIFIABLE | https://landscapeofbrainerd.com/ | HTTP 200 | 66ms | SSL: 2026-07-18 (84 days)
UP           | https://totalpackagelandscapeworksllc.com | HTTP 200 | 109ms | SSL: 2026-07-05 (71 days)
UP           | https://acesandblasting.co/ | HTTP 200 | 89ms | SSL: 2026-06-22 (58 days)
UP           | https://5startexasroofing.com/ | HTTP 200 | 83ms | SSL: 2026-07-15 (81 days)
UP           | https://caudletreeservice.com/ | HTTP 200 | 159ms | SSL: 2026-07-06 (71 days)
UP           | https://www.bayoustatemoving.com/ | HTTP 200 | 71ms | SSL: 2026-07-12 (78 days)
UP           | https://www.1classproperties.com/ | HTTP 200 | 85ms | SSL: 2026-07-15 (81 days)
UP           | https://www.1classrealty.com/ | HTTP 200 | 162ms | SSL: 2026-07-15 (81 days)
UP           | https://www.aimhighdetailing.com/ | HTTP 200 | 103ms | SSL: 2026-07-11 (77 days)
UP           | https://www.tampablindsbydesign.com/ | HTTP 200 | 106ms | SSL: 2026-05-04 (9 days)
UP           | http://thelocalplumber.com | HTTP 200 | 222ms | SSL: 2026-07-02 (68 days)
UP           | https://frontieraircon.com/ | HTTP 200 | 171ms | SSL: 2026-05-17 (22 days)
UP           | https://www.saltlakecitycabinetry.com/ | HTTP 200 | 109ms | SSL: 2026-05-19 (24 days)
UP           | https://mantispestma.com | HTTP 200 | 387ms | SSL: 2026-07-17 (83 days)
UP           | https://tyslandscapingiowa.com | HTTP 200 | 121ms | SSL: 2026-07-16 (82 days)
UP           | https://www.herrwelldrillingwi.com/ | HTTP 200 | 109ms | SSL: 2026-06-08 (44 days)
UP           | https://www.problemtree.com/ | HTTP 200 | 65ms | SSL: 2026-06-13 (49 days)
UP           | https://tandkventures.com/ | HTTP 200 | 165ms | SSL: 2026-06-24 (60 days)
UP           | http://muddyriversconcrete.com | HTTP 200 | 163ms | SSL: 2026-06-09 (45 days)
UP           | https://accurateandconfidentialtaxservice.com/ | HTTP 200 | 143ms | SSL: 2026-06-22 (58 days)
UP           | https://mcneelytreeservice.com/ | HTTP 200 | 710ms | SSL: 2026-06-17 (52 days)
UP           | https://www.mvpgardencenter.com/ | HTTP 200 | 42ms | SSL: 2026-06-14 (50 days)
DOWN         | https://abccarpetcleanerssd.com | ERROR: Head "https://abccarpetcleanerssd.com": EOF
Summary: 229 UP | 2 ERROR | 7 DOWN | 2 UNVERIFIABLE
