=== 2026-05-05 10:08:31 ===
UNVERIFIABLE | https://offshorepropertyservices.com | HTTP 200 | 555ms | SSL: 2026-06-18 (44 days)
DOWN         | http://seaboardrestoration.com/ | ERROR: Get "http://seaboardrestoration.com/": dial tcp: lookup seaboardrestoration.com on 127.0.0.53:53: no such host
UP           | https://platinumpaintingandserviceinc.com | HTTP 200 | 2672ms | SSL: 2026-07-10 (65 days)
UP           | https://aandbauctionservices.com | HTTP 200 | 603ms | SSL: 2026-07-02 (57 days)
UP           | http://reidheatingandair.com | HTTP 200 | 416ms | SSL: 2026-07-20 (76 days)
UP           | https://pristineccs.com/ | HTTP 200 | 481ms | SSL: 2026-07-20 (76 days)
UP           | https://westcoastdents.com | HTTP 200 | 610ms | SSL: 2026-07-30 (86 days)
UP           | https://catoiletwhisperer.com | HTTP 200 | 107ms | SSL: 2026-06-09 (34 days)
UP           | https://ivyheatingandair.com | HTTP 200 | 6667ms | SSL: 2026-06-26 (51 days)
UP           | https://primaryheatingandcooling.com | HTTP 200 | 669ms | SSL: 2026-07-07 (62 days)
UP           | https://businessnotions.com/ | HTTP 200 | 565ms | SSL: 2026-07-24 (80 days)
UP           | https://www.butzwelding.com | HTTP 200 | 310ms | SSL: 2026-06-30 (55 days)
UP           | https://brimicfoundation.com/ | HTTP 200 | 891ms | SSL: 2026-07-02 (58 days)
UP           | https://endlesssummercharters.com/ | HTTP 200 | 563ms | SSL: 2026-07-26 (81 days)
UP           | https://thekiddiekornerboutique.com | HTTP 200 | 272ms | SSL: 2026-07-29 (84 days)
UP           | https://safloralelegance.com | HTTP 200 | 882ms | SSL: 2026-07-16 (71 days)
UP           | http://allbrandsheatingandcooling.com | HTTP 200 | 426ms | SSL: 2026-07-06 (62 days)
UP           | http://plumbersouthfl.com | HTTP 200 | 431ms | SSL: 2026-07-14 (70 days)
UP           | http://wjauction.com | HTTP 200 | 499ms | SSL: 2026-07-14 (70 days)
UP           | https://txpanhandlelogistics.com | HTTP 200 | 637ms | SSL: 2026-07-15 (71 days)
UP           | https://mullinstruckingllc.com/ | HTTP 200 | 503ms | SSL: 2026-05-18 (12 days)
UP           | https://fratiplumbing.net | HTTP 200 | 592ms | SSL: 2026-07-24 (80 days)
UP           | https://loganshouse.com/ | HTTP 200 | 775ms | SSL: 2026-07-22 (78 days)
UP           | http://plantsunlimiteddurham.com | HTTP 200 | 476ms | SSL: 2026-08-03 (89 days)
UP           | http://protechdiesel.biz/ | HTTP 200 | 467ms | SSL: 2026-05-18 (12 days)
UP           | https://cherrycreekshadesanddraperys.com | HTTP 200 | 626ms | SSL: 2026-07-25 (80 days)
UP           | https://centralmotorsale.com | HTTP 200 | 1689ms | SSL: 2026-07-29 (84 days)
UP           | https://jsaengineers.com | HTTP 200 | 623ms | SSL: 2026-05-19 (13 days)
UP           | https://boilertechnologies.com | HTTP 200 | 499ms | SSL: 2026-07-05 (61 days)
UP           | https://trucarma.com/ | HTTP 200 | 615ms | SSL: 2026-06-25 (50 days)
UP           | https://wyomingarmoredservice.com | HTTP 200 | 499ms | SSL: 2026-06-12 (37 days)
UP           | https://brvparkpropane.com/ | HTTP 200 | 573ms | SSL: 2026-07-27 (82 days)
UP           | https://primeappraisalsmi.com | HTTP 200 | 554ms | SSL: 2026-06-21 (47 days)
UP           | https://newenglandgroupctinc.com | HTTP 200 | 801ms | SSL: 2026-06-25 (51 days)
UP           | https://www.napavalleyfitness.com | HTTP 200 | 255ms | SSL: 2026-07-13 (69 days)
UP           | https://www.prosidingandwindows.net/ | HTTP 200 | 259ms | SSL: 2026-07-24 (79 days)
UP           | https://www.eocatx.com/ | HTTP 200 | 350ms | SSL: 2026-06-28 (53 days)
UP           | https://www.drainrooterplumbingsd.com/ | HTTP 200 | 251ms | SSL: 2026-06-16 (41 days)
UP           | https://glassimpressionslv.com | HTTP 200 | 577ms | SSL: 2026-07-04 (59 days)
UP           | https://shultarchitect.com | HTTP 200 | 626ms | SSL: 2026-05-27 (22 days)
UP           | https://inthemix-adc.com | HTTP 200 | 508ms | SSL: 2026-05-26 (21 days)
UP           | https://www.sexton-repairs.com/ | HTTP 200 | 280ms | SSL: 2026-06-27 (52 days)
UP           | https://fraserplumbingarkansas.com/ | HTTP 200 | 644ms | SSL: 2026-07-04 (60 days)
UP           | https://foothillsmachininginc.com | HTTP 200 | 572ms | SSL: 2026-07-20 (75 days)
UP           | https://rangerenovation.com | HTTP 200 | 556ms | SSL: 2026-07-29 (85 days)
UP           | https://modelcoelectric.com/ | HTTP 200 | 510ms | SSL: 2026-05-16 (10 days)
UP           | https://conveyor-tek.com | HTTP 200 | 492ms | SSL: 2026-07-31 (86 days)
UP           | http://longspest.com | HTTP 200 | 549ms | SSL: 2026-06-22 (47 days)
UP           | https://spindledynamicsaxlerepair.com | HTTP 200 | 534ms | SSL: 2026-05-16 (10 days)
UP           | https://mevoutdoor.com/ | HTTP 200 | 524ms | SSL: 2026-06-23 (48 days)
UP           | https://greenbushpros.com/ | HTTP 200 | 528ms | SSL: 2026-07-02 (57 days)
UP           | https://harveysarlesinsurance.com/ | HTTP 200 | 624ms | SSL: 2026-06-19 (45 days)
UP           | http://affordablerooter.com/ | HTTP 200 | 433ms | SSL: 2026-05-19 (14 days)
UP           | https://thomasmccannlaw.com | HTTP 200 | 550ms | SSL: 2026-07-24 (79 days)
UP           | https://southshoretruckrepair.com | HTTP 200 | 544ms | SSL: 2026-06-08 (34 days)
UP           | https://pacificgaragerepair.com | HTTP 200 | 3719ms | SSL: 2026-06-21 (46 days)
UP           | https://www.thespringking.net/ | HTTP 200 | 338ms | SSL: 2026-06-29 (55 days)
UP           | https://www.hansmotosports.com/ | HTTP 200 | 375ms | SSL: 2026-06-19 (44 days)
UP           | https://www.advancedalarmlock.com | HTTP 200 | 323ms | SSL: 2026-07-31 (86 days)
UP           | https://www.amishstonefirepits.com/ | HTTP 200 | 404ms | SSL: 2026-07-26 (81 days)
UP           | https://www.noatoutdoorliving.com/ | HTTP 200 | 353ms | SSL: 2026-07-16 (72 days)
UP           | https://campbellhuitt.com | HTTP 200 | 587ms | SSL: 2026-06-29 (55 days)
UP           | https://www.bulldogmovingclt.com/ | HTTP 200 | 307ms | SSL: 2026-06-15 (41 days)
UP           | https://terseptic.com | HTTP 200 | 1368ms | SSL: 2026-06-22 (47 days)
UP           | https://www.nmwcattorneys.com/ | HTTP 200 | 328ms | SSL: 2026-07-04 (59 days)
UP           | https://www.jandpbikeshop.com/ | HTTP 200 | 329ms | SSL: 2026-06-14 (40 days)
UP           | https://angelabrowderhomecare.com/ | HTTP 200 | 518ms | SSL: 2026-06-14 (40 days)
UP           | https://www.5pointslandscaping.com/ | HTTP 200 | 285ms | SSL: 2026-06-14 (40 days)
UP           | https://carpettechcleaning.com | HTTP 200 | 605ms | SSL: 2026-07-31 (86 days)
UP           | https://www.mtccpressurewashing.com/ | HTTP 200 | 313ms | SSL: 2026-07-01 (57 days)
UP           | https://ochoaelectricsandiego.com | HTTP 200 | 511ms | SSL: 2026-05-19 (13 days)
UP           | https://vanityfairbaths.com | HTTP 200 | 600ms | SSL: 2026-07-10 (66 days)
UP           | https://www.asapcontainers.com/ | HTTP 200 | 308ms | SSL: 2026-07-10 (65 days)
UP           | https://www.boyleheatingandcooling.net/ | HTTP 200 | 617ms | SSL: 2026-07-06 (62 days)
UP           | https://www.zulaufconstruction.com | HTTP 200 | 337ms | SSL: 2026-07-06 (62 days)
UP           | https://www.carpetcleaningomaha.com | HTTP 200 | 264ms | SSL: 2026-07-20 (75 days)
UNVERIFIABLE | https://cakeschocolatesandmore.com/ | HTTP 200 | 592ms | SSL: 2026-07-26 (81 days)
UP           | https://www.victorytireauto.com | HTTP 200 | 265ms | SSL: 2026-07-29 (84 days)
UP           | https://windsorlimo.com | HTTP 200 | 580ms | SSL: 2026-08-02 (89 days)
UP           | https://www.howieglass.com/ | HTTP 200 | 267ms | SSL: 2026-06-14 (39 days)
UP           | https://www.xlsavebig.com | HTTP 200 | 301ms | SSL: 2026-07-05 (61 days)
UP           | https://www.oxicleaners.com | HTTP 200 | 592ms | SSL: 2026-07-30 (85 days)
UP           | https://petstylessalonandspa.com | HTTP 200 | 494ms | SSL: 2026-07-18 (73 days)
UP           | https://www.riverbluffcanecorsos.com | HTTP 200 | 264ms | SSL: 2026-07-26 (81 days)
UP           | https://stoversflooringanddraperycenter.com/ | HTTP 200 | 671ms | SSL: 2026-07-20 (75 days)
UP           | http://www.aseyourlight.com | HTTP 200 | 479ms | SSL: 2026-07-26 (81 days)
UP           | https://www.missouriglassinc.com/ | HTTP 200 | 314ms | SSL: 2026-06-27 (53 days)
UP           | https://www.coddingtonlock.com/ | HTTP 200 | 377ms | SSL: 2026-06-20 (46 days)
ERROR        | https://www.andyperuginos.com/ | HTTP 404 | 272ms | SSL: 2026-06-30 (56 days)
UP           | https://tntcarpetcleaners.com | HTTP 200 | 521ms | SSL: 2026-07-07 (62 days)
UP           | https://www.opsct.com | HTTP 200 | 321ms | SSL: 2026-06-29 (55 days)
UP           | https://securitycompanyms.com | HTTP 200 | 604ms | SSL: 2026-07-18 (74 days)
UP           | https://abbottscatering.com | HTTP 200 | 849ms | SSL: 2026-07-12 (68 days)
UP           | https://timothymwilliamslaw.com | HTTP 200 | 673ms | SSL: 2026-07-08 (64 days)
DOWN         | https://www.garyhuebnerlaw.com/ | ERROR: Get "https://www.garyhuebnerlaw.com/": tls: failed to verify certificate: x509: certificate is valid for broken-ssl.multiscreensite.com, not www.garyhuebnerlaw.com
UP           | https://www.thepoisonivyguy.com/ | HTTP 200 | 336ms | SSL: 2026-08-02 (89 days)
UP           | https://parkpharmacyrx.com | HTTP 200 | 647ms | SSL: 2026-07-25 (81 days)
UP           | https://gillettesignworks.com | HTTP 200 | 551ms | SSL: 2026-05-14 (9 days)
UP           | https://www.richroofing.com/ | HTTP 200 | 425ms | SSL: 2026-07-27 (83 days)
UP           | http://lassiterelectric.com | HTTP 200 | 555ms | SSL: 2026-08-02 (89 days)
UP           | https://www.fatpocketpawn.biz | HTTP 200 | 310ms | SSL: 2026-05-14 (9 days)
UP           | https://lockhartaircare.com | HTTP 200 | 490ms | SSL: 2026-06-20 (45 days)
UP           | https://www.eaglewaterfiltration.com/ | HTTP 200 | 265ms | SSL: 2026-06-20 (45 days)
UP           | https://www.epsteinspaint.com/ | HTTP 200 | 331ms | SSL: 2026-06-13 (39 days)
UP           | https://www.appliancereliancellc.com/ | HTTP 200 | 371ms | SSL: 2026-07-02 (58 days)
UP           | https://www.timworthystransmissionrepairs.com/ | HTTP 200 | 274ms | SSL: 2026-06-27 (53 days)
UP           | https://www.cashgoldnj.com | HTTP 200 | 272ms | SSL: 2026-06-30 (55 days)
UP           | https://dlacupuncture.com | HTTP 200 | 509ms | SSL: 2026-07-10 (66 days)
UP           | https://www.rockyhillmeats.com/ | HTTP 200 | 260ms | SSL: 2026-07-14 (69 days)
UP           | https://www.absheatingandairconditioning.com/ | HTTP 200 | 385ms | SSL: 2026-05-15 (10 days)
UP           | https://tcpestsolutions.com/ | HTTP 200 | 571ms | SSL: 2026-06-12 (38 days)
UP           | https://www.tempbydesign.com/ | HTTP 200 | 254ms | SSL: 2026-06-30 (56 days)
UP           | https://tavosconstructionllc.com/ | HTTP 200 | 612ms | SSL: 2026-06-28 (53 days)
DOWN         | https://www.eastgeorgiatreeservice.com/ | ERROR: Head "https://www.eastgeorgiatreeservice.com/": EOF
UP           | https://coastalcabinetsandgranite.com/ | HTTP 200 | 558ms | SSL: 2026-07-20 (76 days)
ERROR        | https://www.r7electricutah.com/ | HTTP 404 | 263ms | SSL: 2026-07-18 (74 days)
UP           | https://preferredremodeling.net/ | HTTP 200 | 833ms | SSL: 2026-07-07 (63 days)
UP           | https://www.jml-electric.com | HTTP 200 | 274ms | SSL: 2026-07-11 (67 days)
UP           | http://resto-pros.net | HTTP 200 | 412ms | SSL: 2026-07-07 (63 days)
UP           | http://scconstruction.info | HTTP 200 | 92ms | SSL: 2026-07-02 (58 days)
UP           | https://www.porteroutdoorservices.com/ | HTTP 200 | 319ms | SSL: 2026-07-27 (82 days)
UP           | http://killswitchauto.com | HTTP 200 | 425ms | SSL: 2026-07-04 (60 days)
UP           | https://coxdecorativeconcrete.com/ | HTTP 200 | 492ms | SSL: 2026-05-18 (12 days)
UP           | http://charlesfulkroaddisposal.com | HTTP 200 | 498ms | SSL: 2026-07-15 (70 days)
UP           | https://wireguyselectric.com/ | HTTP 200 | 741ms | SSL: 2026-07-17 (73 days)
UP           | https://www.dentconceptstx.com/ | HTTP 200 | 278ms | SSL: 2026-07-20 (75 days)
UP           | https://fincorefrigeration.com | HTTP 200 | 581ms | SSL: 2026-05-16 (11 days)
UP           | http://rocketcitymarine.com | HTTP 200 | 444ms | SSL: 2026-07-20 (76 days)
UP           | https://cleantechsystemsnm.com | HTTP 200 | 562ms | SSL: 2026-07-20 (76 days)
UP           | https://www.affordablecustomgolfcarts.com/ | HTTP 200 | 327ms | SSL: 2026-06-17 (43 days)
UP           | https://greenscapeslawns.com/ | HTTP 200 | 2648ms | SSL: 2026-07-27 (83 days)
UP           | https://jtstree.com/ | HTTP 200 | 511ms | SSL: 2026-05-11 (6 days)
UP           | https://www.dixiefenceohio.com/ | HTTP 200 | 398ms | SSL: 2026-05-18 (13 days)
UP           | https://allkidsarespecial.net | HTTP 200 | 506ms | SSL: 2026-05-26 (21 days)
UP           | https://sgrcalifornia.com/ | HTTP 200 | 571ms | SSL: 2026-05-13 (8 days)
UP           | https://www.garysroofingandconst.com/ | HTTP 200 | 361ms | SSL: 2026-07-28 (83 days)
UP           | https://www.breezehvac.com/ | HTTP 200 | 343ms | SSL: 2026-06-22 (48 days)
UP           | https://rcpoolworks.com | HTTP 200 | 566ms | SSL: 2026-05-17 (12 days)
UP           | https://Freedomcarpet.net | HTTP 200 | 607ms | SSL: 2026-06-17 (43 days)
UP           | https://rolandoroofing.net | HTTP 200 | 509ms | SSL: 2026-06-30 (56 days)
UP           | http://ormondlandscaping.com/ | HTTP 200 | 490ms | SSL: 2026-08-02 (89 days)
UP           | https://www.alliedroofingco.com/ | HTTP 200 | 277ms | SSL: 2026-06-26 (52 days)
UP           | https://www.waterheatersracinewi.com/ | HTTP 200 | 320ms | SSL: 2026-07-08 (64 days)
UP           | https://www.atlanticdrywallandpaint.com/ | HTTP 200 | 311ms | SSL: 2026-06-23 (49 days)
UP           | https://grantsappliancerepairllc.com/ | HTTP 200 | 510ms | SSL: 2026-06-23 (49 days)
UNVERIFIABLE | http://aaaexcavate.com | HTTP 200 | 384ms | SSL: 2026-07-01 (57 days)
UP           | https://gormanandsonslandscaping.com/ | HTTP 200 | 2627ms | SSL: 2026-07-21 (77 days)
UP           | https://texasproroofing.net/ | HTTP 200 | 572ms | SSL: 2026-06-30 (56 days)
UP           | https://www.808towing.com/ | HTTP 200 | 279ms | SSL: 2026-05-14 (9 days)
UP           | https://www.jandbtreeservice.net/ | HTTP 200 | 1281ms | SSL: 2026-07-21 (76 days)
UP           | https://sweetmountainair.co | HTTP 200 | 495ms | SSL: 2026-07-26 (82 days)
UP           | https://www.stormprosva.com/ | HTTP 200 | 266ms | SSL: 2026-07-21 (76 days)
UP           | https://www.atlantic217.com/ | HTTP 200 | 439ms | SSL: 2026-07-05 (61 days)
UP           | https://lakehamiltonappraisals.com/ | HTTP 200 | 584ms | SSL: 2026-05-13 (8 days)
UP           | https://kcservicecenterpa.com | HTTP 200 | 585ms | SSL: 2026-07-19 (75 days)
UP           | https://mobsfloorcare.com/ | HTTP 200 | 488ms | SSL: 2026-06-27 (53 days)
UP           | https://wennigercompressor.com/ | HTTP 200 | 488ms | SSL: 2026-07-19 (74 days)
UP           | https://mauicontainersales.com/ | HTTP 200 | 562ms | SSL: 2026-06-02 (28 days)
UP           | https://www.24-hourrefrigeration.com/ | HTTP 200 | 6389ms | SSL: 2026-07-31 (87 days)
UP           | https://anteaterspestcontrol.net | HTTP 200 | 493ms | SSL: 2026-07-16 (72 days)
UP           | http://furniturefixxers.com | HTTP 200 | 416ms | SSL: 2026-07-24 (79 days)
UP           | https://www.apexgutters.com/ | HTTP 200 | 297ms | SSL: 2026-06-16 (42 days)
UP           | https://blackdogrr.com/ | HTTP 200 | 607ms | SSL: 2026-05-18 (13 days)
UP           | https://hogiesconstruction.com/ | HTTP 200 | 594ms | SSL: 2026-05-27 (22 days)
UP           | https://www.askyline.com/ | HTTP 200 | 5243ms | SSL: 2026-06-24 (50 days)
UP           | https://www.dbarrsvcs.com/ | HTTP 200 | 264ms | SSL: 2026-05-25 (20 days)
UP           | https://powellpestcontrol.net/ | HTTP 200 | 562ms | SSL: 2026-05-26 (21 days)
UP           | https://wireguys.com | HTTP 200 | 727ms | SSL: 2026-06-22 (48 days)
UP           | https://economysidingtn.com/ | HTTP 200 | 502ms | SSL: 2026-05-26 (21 days)
UP           | https://rsccontracting.org/ | HTTP 200 | 539ms | SSL: 2026-06-30 (56 days)
UP           | https://www.bhswelding.com/ | HTTP 200 | 262ms | SSL: 2026-06-13 (39 days)
UP           | https://www.yourfamilysalon.com/ | HTTP 200 | 361ms | SSL: 2026-07-02 (58 days)
UP           | https://www.alswelldrilling.com/ | HTTP 200 | 266ms | SSL: 2026-06-12 (38 days)
UP           | http://customoutdoorsolutionsny.com | HTTP 200 | 402ms | SSL: 2026-07-05 (61 days)
UP           | https://raffoulheatingandair.com | HTTP 200 | 570ms | SSL: 2026-07-05 (61 days)
UP           | http://dynamohi.com | HTTP 200 | 408ms | SSL: 2026-08-02 (89 days)
UP           | https://danrandandassoc.com/ | HTTP 200 | 496ms | SSL: 2026-06-30 (56 days)
UP           | https://carbondalewoodshop.com/ | HTTP 200 | 514ms | SSL: 2026-07-17 (72 days)
UP           | https://smithhvacservices.com/index | HTTP 200 | 920ms | SSL: 2026-06-14 (40 days)
UP           | http://www.junk-punks.com/ | HTTP 200 | 620ms | SSL: 2026-07-22 (78 days)
UP           | https://www.fndcontracting.com | HTTP 200 | 421ms | SSL: 2026-06-28 (53 days)
UP           | http://hopelandscaping.com | HTTP 200 | 476ms | SSL: 2026-06-18 (44 days)
UP           | https://larrysae.com | HTTP 200 | 570ms | SSL: 2026-06-21 (47 days)
UP           | https://www.ezoutcollisioncenter.com/ | HTTP 200 | 262ms | SSL: 2026-07-31 (87 days)
UP           | https://rsccontracting.org/ | HTTP 200 | 151ms | SSL: 2026-06-30 (56 days)
UP           | http://ccelectricbcs.com | HTTP 200 | 542ms | SSL: 2026-08-02 (88 days)
UP           | http://ccelectricbcs.com | HTTP 200 | 391ms | SSL: 2026-08-02 (88 days)
UP           | https://tropicglassenclosuresfl.com/ | HTTP 200 | 677ms | SSL: 2026-06-26 (52 days)
UP           | https://www.fireflycontractor.com/ | HTTP 200 | 327ms | SSL: 2026-07-01 (57 days)
UP           | https://www.tridentconstructiongp.com/ | HTTP 200 | 274ms | SSL: 2026-06-20 (46 days)
UP           | https://roettgerwelding.com/ | HTTP 200 | 512ms | SSL: 2026-07-02 (58 days)
UP           | https://azjanitorialservice.com | HTTP 200 | 760ms | SSL: 2026-06-28 (54 days)
UP           | https://camoconstructionllc.com/ | HTTP 200 | 588ms | SSL: 2026-07-21 (77 days)
UP           | https://totalcomfortcleaners.com | HTTP 200 | 607ms | SSL: 2026-07-22 (78 days)
UP           | https://www.brianemmonsroofing.com/ | HTTP 200 | 490ms | SSL: 2026-06-19 (44 days)
UP           | https://www.customelitedetailcarwash.com/ | HTTP 200 | 318ms | SSL: 2026-07-12 (68 days)
UP           | https://www.noatoutdoorliving.com/ | HTTP 200 | 305ms | SSL: 2026-07-16 (72 days)
UP           | https://southfloridadockandseawall.com | HTTP 200 | 640ms | SSL: 2026-06-14 (40 days)
UP           | https://www.rselectricms.com | HTTP 200 | 274ms | SSL: 2026-07-22 (78 days)
UP           | http://allbrightcleaningkc.com | HTTP 200 | 442ms | SSL: 2026-06-10 (36 days)
UP           | https://paintingbypros.com/ | HTTP 200 | 713ms | SSL: 2026-07-22 (78 days)
UP           | https://www.ancientcitygaragedoors.com | HTTP 200 | 343ms | SSL: 2026-07-30 (86 days)
UP           | https://www.mikeandmikeroofing.com/ | HTTP 200 | 342ms | SSL: 2026-06-29 (55 days)
UP           | https://maxpressfoundationrepair.com/ | HTTP 200 | 550ms | SSL: 2026-06-13 (39 days)
UP           | https://offshorepropertyservices.com | HTTP 200 | 467ms | SSL: 2026-06-18 (44 days)
UP           | http://dynamohi.com | HTTP 200 | 153ms | SSL: 2026-08-02 (89 days)
UP           | https://patdollautomotivewi.com/ | HTTP 200 | 577ms | SSL: 2026-05-31 (26 days)
UP           | http://renewconstructionnm.com | HTTP 200 | 346ms | SSL: 2026-06-18 (43 days)
DOWN         | http://seaboardrestoration.com/ | ERROR: Get "http://seaboardrestoration.com/": dial tcp: lookup seaboardrestoration.com on 127.0.0.53:53: no such host
UP           | https://www.fisherhomeinspectionsllc.com/ | HTTP 200 | 256ms | SSL: 2026-06-13 (39 days)
UP           | https://www.jmplumbersinc.com/ | HTTP 200 | 258ms | SSL: 2026-07-08 (64 days)
UP           | https://finishlineautotire.com/ | HTTP 200 | 511ms | SSL: 2026-05-16 (11 days)
UP           | http://vitosexpress.com | HTTP 200 | 566ms | SSL: 2026-06-13 (39 days)
UP           | https://www.thesignsolution.net/ | HTTP 200 | 294ms | SSL: 2026-06-21 (47 days)
UP           | https://bagremodelers.com/ | HTTP 200 | 583ms | SSL: 2026-06-14 (40 days)
UP           | https://www.problemtree.com | HTTP 200 | 264ms | SSL: 2026-06-13 (39 days)
UP           | https://capri-wash.com | HTTP 200 | 660ms | SSL: 2026-06-14 (40 days)
UP           | https://landscapeofbrainerd.com/ | HTTP 200 | 661ms | SSL: 2026-07-18 (74 days)
UP           | https://totalpackagelandscapeworksllc.com | HTTP 200 | 564ms | SSL: 2026-07-05 (61 days)
UP           | https://acesandblasting.co/ | HTTP 200 | 491ms | SSL: 2026-06-22 (48 days)
UP           | https://5startexasroofing.com/ | HTTP 200 | 588ms | SSL: 2026-07-15 (71 days)
UP           | https://caudletreeservice.com/ | HTTP 200 | 513ms | SSL: 2026-07-06 (61 days)
UP           | https://www.bayoustatemoving.com/ | HTTP 200 | 310ms | SSL: 2026-07-12 (68 days)
UP           | https://www.1classproperties.com/ | HTTP 200 | 325ms | SSL: 2026-07-15 (71 days)
UP           | https://www.1classrealty.com/ | HTTP 200 | 330ms | SSL: 2026-07-15 (71 days)
UP           | https://www.aimhighdetailing.com/ | HTTP 200 | 308ms | SSL: 2026-07-11 (67 days)
UP           | https://www.tampablindsbydesign.com/ | HTTP 200 | 269ms | SSL: 2026-07-26 (82 days)
UP           | http://thelocalplumber.com | HTTP 200 | 541ms | SSL: 2026-07-02 (58 days)
UP           | https://frontieraircon.com/ | HTTP 200 | 567ms | SSL: 2026-05-17 (12 days)
UP           | https://www.saltlakecitycabinetry.com/ | HTTP 200 | 261ms | SSL: 2026-05-19 (14 days)
UP           | https://mantispestma.com | HTTP 200 | 696ms | SSL: 2026-07-17 (73 days)
UP           | https://tyslandscapingiowa.com | HTTP 200 | 633ms | SSL: 2026-07-16 (72 days)
UP           | https://www.herrwelldrillingwi.com/ | HTTP 200 | 268ms | SSL: 2026-06-08 (34 days)
UP           | https://www.problemtree.com/ | HTTP 200 | 2655ms | SSL: 2026-06-13 (39 days)
UP           | https://tandkventures.com/ | HTTP 200 | 553ms | SSL: 2026-06-24 (50 days)
UP           | http://muddyriversconcrete.com | HTTP 200 | 507ms | SSL: 2026-06-09 (35 days)
UP           | https://accurateandconfidentialtaxservice.com/ | HTTP 200 | 697ms | SSL: 2026-06-22 (48 days)
DOWN         | https://mcneelytreeservice.com/ | ERROR: Get "https://mcneelytreeservice.com/": tls: failed to verify certificate: x509: certificate is valid for *.accountterminated.com, accountterminated.com, not mcneelytreeservice.com
UP           | https://www.mvpgardencenter.com/ | HTTP 200 | 269ms | SSL: 2026-06-14 (40 days)
DOWN         | https://abccarpetcleanerssd.com | ERROR: Head "https://abccarpetcleanerssd.com": EOF
Summary: 229 UP | 2 ERROR | 6 DOWN | 3 UNVERIFIABLE
