=== 2026-03-26 08:47:10 ===
UP       | https://offshorepropertyservices.com | HTTP 200 | 1880ms | SSL: 2026-06-18 (84 days)
UP       | http://seaboardrestoration.com/ | HTTP 200 | 2956ms | SSL: 2026-05-11 (46 days)
UP       | https://platinumpaintingandserviceinc.com | HTTP 200 | 2222ms | SSL: 2026-04-18 (23 days)
UP       | https://aandbauctionservices.com | HTTP 200 | 1967ms | SSL: 2026-04-10 (15 days)
UP       | http://reidheatingandair.com | HTTP 200 | 1602ms | SSL: 2026-04-28 (33 days)
UP       | https://pristineccs.com/ | HTTP 200 | 2062ms | SSL: 2026-04-28 (33 days)
UP       | https://westcoastdents.com | HTTP 200 | 2064ms | SSL: 2026-05-08 (43 days)
UP       | https://catoiletwhisperer.com | HTTP 200 | 901ms | SSL: 2026-06-09 (75 days)
UP       | https://ivyheatingandair.com | HTTP 200 | 1818ms | SSL: 2026-04-04 (9 days)
UP       | https://primaryheatingandcooling.com | HTTP 200 | 1742ms | SSL: 2026-04-15 (20 days)
UP       | https://businessnotions.com/ | HTTP 200 | 1643ms | SSL: 2026-05-02 (37 days)
UP       | https://www.butzwelding.com | HTTP 200 | 1144ms | SSL: 2026-04-08 (13 days)
UP       | https://brimicfoundation.com/ | HTTP 200 | 2036ms | SSL: 2026-04-11 (15 days)
UP       | https://endlesssummercharters.com/ | HTTP 200 | 1814ms | SSL: 2026-05-04 (39 days)
UP       | https://thekiddiekornerboutique.com | HTTP 200 | 1035ms | SSL: 2026-05-07 (42 days)
UP       | https://safloralelegance.com | HTTP 200 | 2179ms | SSL: 2026-04-24 (29 days)
UP       | http://allbrandsheatingandcooling.com | HTTP 200 | 1792ms | SSL: 2026-04-14 (19 days)
UP       | http://plumbersouthfl.com | HTTP 200 | 1388ms | SSL: 2026-04-22 (27 days)
UP       | http://wjauction.com | HTTP 200 | 1499ms | SSL: 2026-04-22 (27 days)
UP       | https://txpanhandlelogistics.com | HTTP 200 | 2032ms | SSL: 2026-04-23 (28 days)
UP       | https://mullinstruckingllc.com/ | HTTP 200 | 1985ms | SSL: 2026-05-18 (53 days)
UP       | https://fratiplumbing.net | HTTP 200 | 1720ms | SSL: 2026-05-02 (37 days)
UP       | https://loganshouse.com/ | HTTP 200 | 2411ms | SSL: 2026-04-30 (35 days)
UP       | http://plantsunlimiteddurham.com | HTTP 200 | 1614ms | SSL: 2026-05-12 (47 days)
UP       | http://protechdiesel.biz/ | HTTP 200 | 1352ms | SSL: 2026-05-18 (53 days)
UP       | https://cherrycreekshadesanddraperys.com | HTTP 200 | 1834ms | SSL: 2026-05-03 (38 days)
UP       | https://centralmotorsale.com | HTTP 200 | 1846ms | SSL: 2026-05-07 (42 days)
UP       | https://jsaengineers.com | HTTP 200 | 1848ms | SSL: 2026-05-19 (54 days)
UP       | https://boilertechnologies.com | HTTP 200 | 1822ms | SSL: 2026-04-13 (18 days)
UP       | https://trucarma.com/ | HTTP 200 | 2367ms | SSL: 2026-04-03 (8 days)
UP       | https://wyomingarmoredservice.com | HTTP 200 | 1836ms | SSL: 2026-06-12 (78 days)
UP       | https://brvparkpropane.com/ | HTTP 200 | 1831ms | SSL: 2026-05-05 (40 days)
UP       | https://primeappraisalsmi.com | HTTP 200 | 1589ms | SSL: 2026-06-21 (87 days)
UP       | https://newenglandgroupctinc.com | HTTP 200 | 2465ms | SSL: 2026-04-03 (8 days)
UP       | https://www.napavalleyfitness.com | HTTP 200 | 730ms | SSL: 2026-04-21 (26 days)
UP       | https://www.prosidingandwindows.net/ | HTTP 200 | 952ms | SSL: 2026-05-02 (37 days)
UP       | https://www.eocatx.com/ | HTTP 200 | 815ms | SSL: 2026-04-06 (11 days)
UP       | https://www.drainrooterplumbingsd.com/ | HTTP 200 | 872ms | SSL: 2026-06-16 (82 days)
UP       | https://glassimpressionslv.com | HTTP 200 | 2189ms | SSL: 2026-04-12 (17 days)
UP       | https://shultarchitect.com | HTTP 200 | 1958ms | SSL: 2026-05-27 (62 days)
UP       | https://inthemix-adc.com | HTTP 200 | 1580ms | SSL: 2026-05-26 (61 days)
UP       | https://www.sexton-repairs.com/ | HTTP 200 | 1036ms | SSL: 2026-04-05 (10 days)
UP       | https://fraserplumbingarkansas.com/ | HTTP 200 | 2096ms | SSL: 2026-04-12 (17 days)
UP       | https://foothillsmachininginc.com | HTTP 200 | 1797ms | SSL: 2026-04-28 (33 days)
UP       | https://rangerenovation.com | HTTP 200 | 2343ms | SSL: 2026-05-08 (42 days)
UP       | https://modelcoelectric.com/ | HTTP 200 | 1723ms | SSL: 2026-05-16 (51 days)
UP       | https://conveyor-tek.com | HTTP 200 | 2011ms | SSL: 2026-05-09 (44 days)
UP       | http://longspest.com | HTTP 200 | 1582ms | SSL: 2026-06-22 (88 days)
UP       | https://spindledynamicsaxlerepair.com | HTTP 200 | 2170ms | SSL: 2026-05-16 (51 days)
UP       | https://mevoutdoor.com/ | HTTP 200 | 2169ms | SSL: 2026-06-23 (89 days)
UP       | https://greenbushpros.com/ | HTTP 200 | 2452ms | SSL: 2026-04-10 (15 days)
UP       | https://harveysarlesinsurance.com/ | HTTP 200 | 1771ms | SSL: 2026-06-19 (85 days)
UP       | http://affordablerooter.com/ | HTTP 200 | 2060ms | SSL: 2026-05-19 (54 days)
UP       | https://thomasmccannlaw.com | HTTP 200 | 1765ms | SSL: 2026-05-02 (37 days)
UP       | https://southshoretruckrepair.com | HTTP 200 | 1763ms | SSL: 2026-06-08 (74 days)
UP       | https://pacificgaragerepair.com | HTTP 200 | 2169ms | SSL: 2026-06-21 (87 days)
UP       | https://www.thespringking.net/ | HTTP 200 | 944ms | SSL: 2026-04-07 (12 days)
UP       | https://www.hansmotosports.com/ | HTTP 200 | 1272ms | SSL: 2026-06-19 (85 days)
UP       | https://www.advancedalarmlock.com | HTTP 200 | 1201ms | SSL: 2026-05-09 (44 days)
UP       | https://www.amishstonefirepits.com/ | HTTP 200 | 949ms | SSL: 2026-05-04 (39 days)
UP       | https://www.noatoutdoorliving.com/ | HTTP 200 | 639ms | SSL: 2026-04-24 (29 days)
UP       | https://campbellhuitt.com | HTTP 200 | 2089ms | SSL: 2026-04-07 (12 days)
UP       | https://www.bulldogmovingclt.com/ | HTTP 200 | 1130ms | SSL: 2026-06-15 (81 days)
UP       | https://terseptic.com | HTTP 200 | 2142ms | SSL: 2026-05-03 (38 days)
UP       | https://www.nmwcattorneys.com/ | HTTP 200 | 860ms | SSL: 2026-04-12 (17 days)
UP       | https://www.jandpbikeshop.com/ | HTTP 200 | 1072ms | SSL: 2026-06-14 (80 days)
UP       | https://angelabrowderhomecare.com/ | HTTP 200 | 2136ms | SSL: 2026-06-14 (80 days)
UP       | https://www.5pointslandscaping.com/ | HTTP 200 | 911ms | SSL: 2026-06-14 (80 days)
UP       | https://carpettechcleaning.com | HTTP 200 | 7053ms | SSL: 2026-05-09 (44 days)
UP       | https://www.mtccpressurewashing.com/ | HTTP 200 | 1317ms | SSL: 2026-04-09 (14 days)
UP       | https://ochoaelectricsandiego.com | HTTP 200 | 2226ms | SSL: 2026-05-19 (54 days)
UP       | https://vanityfairbaths.com | HTTP 200 | 2315ms | SSL: 2026-04-18 (23 days)
UP       | https://www.asapcontainers.com/ | HTTP 200 | 1252ms | SSL: 2026-04-18 (23 days)
UP       | https://www.boyleheatingandcooling.net/ | HTTP 200 | 7919ms | SSL: 2026-04-14 (19 days)
UP       | https://www.zulaufconstruction.com | HTTP 200 | 972ms | SSL: 2026-04-14 (19 days)
UP       | https://www.carpetcleaningomaha.com | HTTP 200 | 889ms | SSL: 2026-04-28 (33 days)
UP       | https://cakeschocolatesandmore.com/ | HTTP 200 | 1797ms | SSL: 2026-05-04 (39 days)
UP       | https://www.victorytireauto.com | HTTP 200 | 917ms | SSL: 2026-05-07 (42 days)
UP       | https://windsorlimo.com | HTTP 200 | 1596ms | SSL: 2026-05-11 (46 days)
UP       | https://www.howieglass.com/ | HTTP 200 | 801ms | SSL: 2026-06-14 (80 days)
UP       | https://www.xlsavebig.com | HTTP 200 | 1167ms | SSL: 2026-04-13 (18 days)
UP       | https://www.oxicleaners.com | HTTP 200 | 1280ms | SSL: 2026-05-08 (43 days)
UP       | https://petstylessalonandspa.com | HTTP 200 | 1532ms | SSL: 2026-04-26 (31 days)
UP       | https://www.riverbluffcanecorsos.com | HTTP 200 | 990ms | SSL: 2026-05-04 (39 days)
UP       | https://stoversflooringanddraperycenter.com/ | HTTP 200 | 1801ms | SSL: 2026-04-28 (33 days)
UP       | http://www.aseyourlight.com | HTTP 200 | 1758ms | SSL: 2026-05-04 (39 days)
UP       | https://www.missouriglassinc.com/ | HTTP 200 | 836ms | SSL: 2026-04-05 (10 days)
UP       | https://www.coddingtonlock.com/ | HTTP 200 | 1112ms | SSL: 2026-06-20 (86 days)
UP       | https://www.andyperuginos.com/ | HTTP 200 | 1257ms | SSL: 2026-04-08 (13 days)
UP       | https://tntcarpetcleaners.com | HTTP 200 | 1692ms | SSL: 2026-04-15 (20 days)
UP       | https://www.opsct.com | HTTP 200 | 1092ms | SSL: 2026-04-07 (12 days)
UP       | https://securitycompanyms.com | HTTP 200 | 1768ms | SSL: 2026-04-26 (31 days)
UP       | https://abbottscatering.com | HTTP 200 | 1879ms | SSL: 2026-04-20 (25 days)
UP       | https://timothymwilliamslaw.com | HTTP 200 | 3192ms | SSL: 2026-04-16 (21 days)
UP       | https://www.garyhuebnerlaw.com/ | HTTP 200 | 1012ms | SSL: 2026-04-29 (34 days)
UP       | https://www.thepoisonivyguy.com/ | HTTP 200 | 1045ms | SSL: 2026-05-11 (46 days)
UP       | https://parkpharmacyrx.com | HTTP 200 | 4897ms | SSL: 2026-05-03 (38 days)
UP       | https://gillettesignworks.com | HTTP 200 | 1900ms | SSL: 2026-05-14 (49 days)
UP       | https://www.richroofing.com/ | HTTP 200 | 1083ms | SSL: 2026-05-05 (40 days)
UP       | http://lassiterelectric.com | HTTP 200 | 1945ms | SSL: 2026-05-11 (46 days)
UP       | https://www.fatpocketpawn.biz | HTTP 200 | 1056ms | SSL: 2026-05-14 (49 days)
UP       | https://lockhartaircare.com | HTTP 200 | 1601ms | SSL: 2026-06-20 (86 days)
UP       | https://www.eaglewaterfiltration.com/ | HTTP 200 | 920ms | SSL: 2026-06-20 (86 days)
UP       | https://www.epsteinspaint.com/ | HTTP 200 | 1129ms | SSL: 2026-06-13 (79 days)
UP       | https://www.appliancereliancellc.com/ | HTTP 200 | 992ms | SSL: 2026-04-10 (15 days)
UP       | https://www.timworthystransmissionrepairs.com/ | HTTP 200 | 979ms | SSL: 2026-04-05 (10 days)
UP       | https://www.cashgoldnj.com | HTTP 200 | 882ms | SSL: 2026-04-08 (13 days)
UP       | https://dlacupuncture.com | HTTP 200 | 1934ms | SSL: 2026-04-18 (23 days)
UP       | https://www.rockyhillmeats.com/ | HTTP 200 | 836ms | SSL: 2026-04-22 (27 days)
UP       | https://www.absheatingandairconditioning.com/ | HTTP 200 | 1062ms | SSL: 2026-05-15 (50 days)
UP       | https://tcpestsolutions.com/ | HTTP 200 | 3465ms | SSL: 2026-06-12 (78 days)
UP       | https://www.tempbydesign.com/ | HTTP 200 | 875ms | SSL: 2026-04-08 (13 days)
UP       | https://tavosconstructionllc.com/ | HTTP 200 | 3080ms | SSL: 2026-04-06 (11 days)
DOWN     | https://eastgeorgiatreeservice.com/ | ERROR: Get "https://eastgeorgiatreeservice.com/": EOF
UP       | https://coastalcabinetsandgranite.com/ | HTTP 200 | 2081ms | SSL: 2026-04-28 (33 days)
UP       | https://www.r7electricutah.com/ | HTTP 200 | 933ms | SSL: 2026-04-26 (31 days)
UP       | https://preferredremodeling.net/ | HTTP 200 | 2999ms | SSL: 2026-04-15 (20 days)
UP       | https://www.jml-electric.com | HTTP 200 | 990ms | SSL: 2026-04-19 (24 days)
UP       | http://resto-pros.net | HTTP 200 | 1595ms | SSL: 2026-04-15 (20 days)
UP       | http://scconstruction.info | HTTP 200 | 812ms | SSL: 2026-05-04 (39 days)
UP       | https://www.porteroutdoorservices.com/ | HTTP 200 | 904ms | SSL: 2026-05-05 (40 days)
UP       | http://killswitchauto.com | HTTP 200 | 1963ms | SSL: 2026-04-12 (17 days)
UP       | https://coxdecorativeconcrete.com/ | HTTP 200 | 1786ms | SSL: 2026-05-18 (53 days)
UP       | http://charlesfulkroaddisposal.com | HTTP 200 | 1872ms | SSL: 2026-04-23 (28 days)
UP       | https://wireguyselectric.com/ | HTTP 200 | 1761ms | SSL: 2026-04-25 (30 days)
UP       | https://www.dentconceptstx.com/ | HTTP 200 | 1075ms | SSL: 2026-04-28 (33 days)
UP       | https://fincorefrigeration.com | HTTP 200 | 1716ms | SSL: 2026-05-16 (51 days)
UP       | http://rocketcitymarine.com | HTTP 200 | 1607ms | SSL: 2026-04-28 (33 days)
UP       | https://cleantechsystemsnm.com | HTTP 200 | 1729ms | SSL: 2026-04-28 (33 days)
UP       | https://www.affordablecustomgolfcarts.com/ | HTTP 200 | 1032ms | SSL: 2026-06-17 (83 days)
UP       | https://greenscapeslawns.com/ | HTTP 200 | 1747ms | SSL: 2026-05-05 (40 days)
UP       | https://jtstree.com/ | HTTP 200 | 2248ms | SSL: 2026-05-11 (46 days)
UP       | https://www.dixiefenceohio.com/ | HTTP 200 | 1039ms | SSL: 2026-05-18 (53 days)
UP       | https://allkidsarespecial.net | HTTP 200 | 1846ms | SSL: 2026-05-26 (61 days)
UP       | https://sgrcalifornia.com/ | HTTP 200 | 2103ms | SSL: 2026-05-13 (48 days)
UP       | https://www.garysroofingandconst.com/ | HTTP 200 | 1085ms | SSL: 2026-05-06 (41 days)
UP       | https://www.breezehvac.com/ | HTTP 200 | 1066ms | SSL: 2026-06-22 (88 days)
UP       | https://rcpoolworks.com | HTTP 200 | 1830ms | SSL: 2026-05-17 (52 days)
UP       | https://Freedomcarpet.net | HTTP 200 | 1828ms | SSL: 2026-06-17 (83 days)
UP       | https://rolandoroofing.net | HTTP 200 | 2652ms | SSL: 2026-04-08 (13 days)
UP       | http://ormondlandscaping.com/ | HTTP 200 | 1923ms | SSL: 2026-05-11 (46 days)
UP       | https://www.alliedroofingco.com/ | HTTP 200 | 1012ms | SSL: 2026-04-04 (9 days)
UP       | https://www.waterheatersracinewi.com/ | HTTP 200 | 1213ms | SSL: 2026-04-16 (21 days)
UP       | https://www.atlanticdrywallandpaint.com/ | HTTP 200 | 941ms | SSL: 2026-06-23 (89 days)
UP       | https://grantsappliancerepairllc.com/ | HTTP 200 | 1928ms | SSL: 2026-06-23 (89 days)
UP       | http://aaaexcavate.com | HTTP 200 | 1700ms | SSL: 2026-04-09 (14 days)
UP       | https://gormanandsonslandscaping.com/ | HTTP 200 | 1858ms | SSL: 2026-04-29 (34 days)
UP       | https://texasproroofing.net/ | HTTP 200 | 1933ms | SSL: 2026-04-08 (13 days)
UP       | https://www.808towing.com/ | HTTP 200 | 816ms | SSL: 2026-05-14 (49 days)
UP       | https://www.jandbtreeservice.net/ | HTTP 200 | 810ms | SSL: 2026-04-29 (34 days)
UP       | https://sweetmountainair.co | HTTP 200 | 2785ms | SSL: 2026-05-04 (39 days)
UP       | https://www.stormprosva.com/ | HTTP 200 | 1410ms | SSL: 2026-04-29 (34 days)
UP       | https://www.atlantic217.com/ | HTTP 200 | 1205ms | SSL: 2026-04-13 (18 days)
UP       | https://lakehamiltonappraisals.com/ | HTTP 200 | 1846ms | SSL: 2026-05-13 (48 days)
UP       | https://kcservicecenterpa.com | HTTP 200 | 1965ms | SSL: 2026-04-27 (32 days)
UP       | https://mobsfloorcare.com/ | HTTP 200 | 1809ms | SSL: 2026-04-05 (10 days)
UP       | https://wennigercompressor.com/ | HTTP 200 | 1966ms | SSL: 2026-04-27 (32 days)
UP       | https://mauicontainersales.com/ | HTTP 200 | 2115ms | SSL: 2026-06-02 (68 days)
UP       | https://www.24-hourrefrigeration.com/ | HTTP 200 | 949ms | SSL: 2026-05-09 (44 days)
UP       | https://anteaterspestcontrol.net | HTTP 200 | 1847ms | SSL: 2026-04-24 (29 days)
UP       | http://furniturefixxers.com | HTTP 200 | 1715ms | SSL: 2026-05-02 (37 days)
UP       | https://www.apexgutters.com/ | HTTP 200 | 1075ms | SSL: 2026-06-16 (82 days)
UP       | https://blackdogrr.com/ | HTTP 200 | 2128ms | SSL: 2026-05-18 (53 days)
UP       | https://hogiesconstruction.com/ | HTTP 200 | 2120ms | SSL: 2026-05-27 (62 days)
DOWN     | https://askyline.com/ | ERROR: Get "https://askyline.com/": tls: failed to verify certificate: x509: certificate has expired or is not yet valid: current time 2026-03-26T08:46:39+08:00 is after 2025-08-16T10:17:48Z
UP       | https://www.dbarrsvcs.com/ | HTTP 200 | 1015ms | SSL: 2026-05-25 (60 days)
UP       | https://powellpestcontrol.net/ | HTTP 200 | 1951ms | SSL: 2026-05-26 (61 days)
UP       | https://wireguys.com | HTTP 200 | 2534ms | SSL: 2026-06-22 (88 days)
UP       | https://economysidingtn.com/ | HTTP 200 | 1951ms | SSL: 2026-05-26 (61 days)
UP       | https://rsccontracting.org/ | HTTP 200 | 1809ms | SSL: 2026-04-08 (13 days)
UP       | https://www.bhswelding.com/ | HTTP 200 | 876ms | SSL: 2026-06-13 (79 days)
UP       | https://www.yourfamilysalon.com/ | HTTP 200 | 828ms | SSL: 2026-04-10 (15 days)
UP       | https://www.alswelldrilling.com/ | HTTP 200 | 939ms | SSL: 2026-06-12 (78 days)
UP       | http://customoutdoorsolutionsny.com | HTTP 200 | 1553ms | SSL: 2026-04-13 (18 days)
UP       | https://raffoulheatingandair.com | HTTP 200 | 2894ms | SSL: 2026-04-13 (18 days)
UP       | http://dynamohi.com | HTTP 200 | 1993ms | SSL: 2026-05-11 (46 days)
UP       | https://danrandandassoc.com/ | HTTP 200 | 1982ms | SSL: 2026-04-07 (12 days)
UP       | https://carbondalewoodshop.com/ | HTTP 200 | 2009ms | SSL: 2026-04-30 (35 days)
UP       | https://smithhvacservices.com/index | HTTP 200 | 2693ms | SSL: 2026-06-14 (80 days)
DOWN     | http://junk-punks.com/ | ERROR: Get "https://junk-punks.com/": tls: failed to verify certificate: x509: certificate is valid for broken-ssl.multiscreensite.com, not junk-punks.com
UP       | https://www.fndcontracting.com | HTTP 200 | 810ms | SSL: 2026-03-28 (2 days)
UP       | http://hopelandscaping.com | HTTP 200 | 1493ms | SSL: 2026-06-18 (84 days)
UP       | https://larrysae.com | HTTP 200 | 2305ms | SSL: 2026-06-21 (87 days)
UP       | https://www.ezoutcollisioncenter.com/ | HTTP 200 | 925ms | SSL: 2026-05-09 (44 days)
UP       | https://rsccontracting.org/ | HTTP 200 | 967ms | SSL: 2026-04-08 (13 days)
UP       | http://ccelectricbcs.com | HTTP 200 | 1620ms | SSL: 2026-05-10 (45 days)
UP       | http://ccelectricbcs.com | HTTP 200 | 1602ms | SSL: 2026-05-10 (45 days)
UP       | https://tropicglassenclosuresfl.com/ | HTTP 200 | 1907ms | SSL: 2026-04-04 (9 days)
UP       | https://www.fireflycontractor.com/ | HTTP 200 | 972ms | SSL: 2026-04-09 (14 days)
UP       | https://www.tridentconstructiongp.com/ | HTTP 200 | 993ms | SSL: 2026-06-20 (86 days)
UP       | https://roettgerwelding.com/ | HTTP 200 | 1905ms | SSL: 2026-04-10 (15 days)
UP       | https://azjanitorialservice.com | HTTP 200 | 2613ms | SSL: 2026-04-06 (11 days)
UP       | https://camoconstructionllc.com/ | HTTP 200 | 1971ms | SSL: 2026-04-29 (34 days)
UP       | https://totalcomfortcleaners.com | HTTP 200 | 1922ms | SSL: 2026-04-30 (35 days)
UP       | https://www.brianemmonsroofing.com/ | HTTP 200 | 1267ms | SSL: 2026-06-19 (85 days)
UP       | https://www.customelitedetailcarwash.com/ | HTTP 200 | 1103ms | SSL: 2026-04-20 (25 days)
UP       | https://www.noatoutdoorliving.com/ | HTTP 200 | 910ms | SSL: 2026-04-24 (29 days)
UP       | https://southfloridadockandseawall.com | HTTP 200 | 2069ms | SSL: 2026-06-14 (80 days)
UP       | https://www.rselectricms.com | HTTP 200 | 1128ms | SSL: 2026-04-30 (35 days)
UP       | http://allbrightcleaningkc.com | HTTP 200 | 1773ms | SSL: 2026-06-10 (76 days)
UP       | https://paintingbypros.com/ | HTTP 200 | 2453ms | SSL: 2026-04-30 (35 days)
UP       | https://www.ancientcitygaragedoors.com | HTTP 200 | 1505ms | SSL: 2026-05-08 (43 days)
UP       | https://www.mikeandmikeroofing.com/ | HTTP 200 | 1301ms | SSL: 2026-05-03 (38 days)
UP       | https://maxpressfoundationrepair.com/ | HTTP 200 | 3802ms | SSL: 2026-06-13 (79 days)
UP       | https://offshorepropertyservices.com | HTTP 200 | 1025ms | SSL: 2026-06-18 (84 days)
UP       | http://dynamohi.com | HTTP 200 | 1155ms | SSL: 2026-05-11 (46 days)
UP       | https://patdollautomotivewi.com/ | HTTP 200 | 2427ms | SSL: 2026-05-31 (66 days)
UP       | http://renewconstructionnm.com | HTTP 200 | 582ms | SSL: 2026-06-18 (84 days)
UP       | http://seaboardrestoration.com/ | HTTP 200 | 1437ms | SSL: 2026-05-11 (46 days)
UP       | https://www.fisherhomeinspectionsllc.com/ | HTTP 200 | 1128ms | SSL: 2026-06-13 (79 days)
UP       | https://www.jmplumbersinc.com/ | HTTP 200 | 1131ms | SSL: 2026-04-16 (21 days)
UP       | https://finishlineautotire.com/ | HTTP 200 | 2052ms | SSL: 2026-05-16 (51 days)
UP       | http://vitosexpress.com | HTTP 200 | 2405ms | SSL: 2026-06-13 (79 days)
UP       | https://www.thesignsolution.net/ | HTTP 200 | 1488ms | SSL: 2026-06-21 (87 days)
UP       | https://bagremodelers.com/ | HTTP 200 | 2243ms | SSL: 2026-06-14 (80 days)
UP       | https://www.problemtree.com | HTTP 200 | 1390ms | SSL: 2026-06-13 (79 days)
UP       | https://capri-wash.com | HTTP 200 | 2163ms | SSL: 2026-06-14 (80 days)
UP       | https://landscapeofbrainerd.com/ | HTTP 200 | 2313ms | SSL: 2026-04-26 (31 days)
UP       | https://totalpackagelandscapeworksllc.com | HTTP 200 | 1869ms | SSL: 2026-04-13 (18 days)
UP       | https://acesandblasting.co/ | HTTP 200 | 1706ms | SSL: 2026-06-22 (88 days)
UP       | https://5startexasroofing.com/ | HTTP 200 | 1856ms | SSL: 2026-04-23 (28 days)
UP       | https://caudletreeservice.com/ | HTTP 200 | 1848ms | SSL: 2026-04-14 (19 days)
UP       | https://www.bayoustatemoving.com/ | HTTP 200 | 912ms | SSL: 2026-04-20 (25 days)
UP       | https://www.1classproperties.com/ | HTTP 200 | 894ms | SSL: 2026-04-23 (28 days)
UP       | https://www.1classrealty.com/ | HTTP 200 | 862ms | SSL: 2026-04-23 (28 days)
UP       | https://www.aimhighdetailing.com/ | HTTP 200 | 1178ms | SSL: 2026-04-19 (24 days)
UP       | https://www.tampablindsbydesign.com/ | HTTP 200 | 1066ms | SSL: 2026-05-04 (39 days)
ERROR    | http://thelocalplumber.com | HTTP 403 | 4721ms | SSL: 
UP       | https://frontieraircon.com/ | HTTP 200 | 3517ms | SSL: 2026-05-17 (52 days)
UP       | https://www.saltlakecitycabinetry.com/ | HTTP 200 | 939ms | SSL: 2026-05-19 (54 days)
UP       | https://mantispestma.com | HTTP 200 | 2664ms | SSL: 2026-04-25 (30 days)
UP       | https://tyslandscapingiowa.com | HTTP 200 | 2038ms | SSL: 2026-04-24 (29 days)
UP       | https://www.herrwelldrillingwi.com/ | HTTP 200 | 723ms | SSL: 2026-06-08 (74 days)
UP       | https://www.problemtree.com/ | HTTP 200 | 705ms | SSL: 2026-06-13 (79 days)
UP       | https://tandkventures.com/ | HTTP 200 | 1480ms | SSL: 2026-06-17 (83 days)
UP       | http://muddyriversconcrete.com | HTTP 200 | 1801ms | SSL: 2026-06-09 (75 days)
UP       | https://accurateandconfidentialtaxservice.com/ | HTTP 200 | 1831ms | SSL: 2026-06-22 (88 days)
UP       | https://mcneelytreeservice.com/ | HTTP 200 | 1880ms | SSL: 2026-06-17 (83 days)
UP       | https://www.mvpgardencenter.com/ | HTTP 200 | 1217ms | SSL: 2026-06-14 (80 days)
ERROR    | https://abccarpetcleanerssd.com | HTTP 404 | 1373ms | SSL: 2026-06-20 (86 days)
Summary: 235 UP | 2 ERROR | 3 DOWN
=== 2026-03-26 08:50:44 ===
UP       | https://offshorepropertyservices.com | HTTP 200 | 1894ms | SSL: 2026-06-18 (84 days)
UP       | http://seaboardrestoration.com/ | HTTP 200 | 2724ms | SSL: 2026-05-11 (46 days)
UP       | https://platinumpaintingandserviceinc.com | HTTP 200 | 2214ms | SSL: 2026-04-18 (23 days)
UP       | https://aandbauctionservices.com | HTTP 200 | 2432ms | SSL: 2026-04-10 (15 days)
UP       | http://reidheatingandair.com | HTTP 200 | 1466ms | SSL: 2026-04-28 (33 days)
UP       | https://pristineccs.com/ | HTTP 200 | 1549ms | SSL: 2026-04-28 (33 days)
UP       | https://westcoastdents.com | HTTP 200 | 2219ms | SSL: 2026-05-08 (43 days)
UP       | https://catoiletwhisperer.com | HTTP 200 | 784ms | SSL: 2026-06-09 (75 days)
UP       | https://ivyheatingandair.com | HTTP 200 | 2256ms | SSL: 2026-04-04 (9 days)
UP       | https://primaryheatingandcooling.com | HTTP 200 | 2250ms | SSL: 2026-04-15 (20 days)
UP       | https://businessnotions.com/ | HTTP 200 | 1975ms | SSL: 2026-05-02 (37 days)
UP       | https://www.butzwelding.com | HTTP 200 | 633ms | SSL: 2026-04-08 (13 days)
UP       | https://brimicfoundation.com/ | HTTP 200 | 1888ms | SSL: 2026-04-11 (15 days)
UP       | https://endlesssummercharters.com/ | HTTP 200 | 1564ms | SSL: 2026-05-04 (39 days)
UP       | https://thekiddiekornerboutique.com | HTTP 200 | 1108ms | SSL: 2026-05-07 (42 days)
UP       | https://safloralelegance.com | HTTP 200 | 2254ms | SSL: 2026-04-24 (29 days)
UP       | http://allbrandsheatingandcooling.com | HTTP 200 | 1554ms | SSL: 2026-04-14 (19 days)
UP       | http://plumbersouthfl.com | HTTP 200 | 1718ms | SSL: 2026-04-22 (27 days)
UP       | http://wjauction.com | HTTP 200 | 2001ms | SSL: 2026-04-22 (27 days)
UP       | https://txpanhandlelogistics.com | HTTP 200 | 2220ms | SSL: 2026-04-23 (28 days)
UP       | https://mullinstruckingllc.com/ | HTTP 200 | 1760ms | SSL: 2026-05-18 (53 days)
UP       | https://fratiplumbing.net | HTTP 200 | 1858ms | SSL: 2026-05-02 (37 days)
UP       | https://loganshouse.com/ | HTTP 200 | 1824ms | SSL: 2026-04-30 (35 days)
UP       | http://plantsunlimiteddurham.com | HTTP 200 | 1906ms | SSL: 2026-05-12 (47 days)
UP       | http://protechdiesel.biz/ | HTTP 200 | 1605ms | SSL: 2026-05-18 (53 days)
UP       | https://cherrycreekshadesanddraperys.com | HTTP 200 | 2124ms | SSL: 2026-05-03 (38 days)
UP       | https://centralmotorsale.com | HTTP 200 | 2128ms | SSL: 2026-05-07 (42 days)
UP       | https://jsaengineers.com | HTTP 200 | 2167ms | SSL: 2026-05-19 (54 days)
UP       | https://boilertechnologies.com | HTTP 200 | 1947ms | SSL: 2026-04-13 (18 days)
UP       | https://trucarma.com/ | HTTP 200 | 2430ms | SSL: 2026-04-03 (8 days)
UP       | https://wyomingarmoredservice.com | HTTP 200 | 2060ms | SSL: 2026-06-12 (78 days)
UP       | https://brvparkpropane.com/ | HTTP 200 | 1727ms | SSL: 2026-05-05 (40 days)
UP       | https://primeappraisalsmi.com | HTTP 200 | 1749ms | SSL: 2026-06-21 (87 days)
UP       | https://newenglandgroupctinc.com | HTTP 200 | 2966ms | SSL: 2026-04-03 (8 days)
UP       | https://www.napavalleyfitness.com | HTTP 200 | 1027ms | SSL: 2026-04-21 (26 days)
UP       | https://www.prosidingandwindows.net/ | HTTP 200 | 1226ms | SSL: 2026-05-02 (37 days)
UP       | https://www.eocatx.com/ | HTTP 200 | 1438ms | SSL: 2026-04-06 (11 days)
UP       | https://www.drainrooterplumbingsd.com/ | HTTP 200 | 1102ms | SSL: 2026-06-16 (82 days)
UP       | https://glassimpressionslv.com | HTTP 200 | 2142ms | SSL: 2026-04-12 (17 days)
UP       | https://shultarchitect.com | HTTP 200 | 2058ms | SSL: 2026-05-27 (62 days)
UP       | https://inthemix-adc.com | HTTP 200 | 2054ms | SSL: 2026-05-26 (61 days)
UP       | https://www.sexton-repairs.com/ | HTTP 200 | 1440ms | SSL: 2026-04-05 (10 days)
UP       | https://fraserplumbingarkansas.com/ | HTTP 200 | 1849ms | SSL: 2026-04-12 (17 days)
UP       | https://foothillsmachininginc.com | HTTP 200 | 2134ms | SSL: 2026-04-28 (33 days)
UP       | https://rangerenovation.com | HTTP 200 | 1634ms | SSL: 2026-05-08 (42 days)
UP       | https://modelcoelectric.com/ | HTTP 200 | 1561ms | SSL: 2026-05-16 (51 days)
UP       | https://conveyor-tek.com | HTTP 200 | 2097ms | SSL: 2026-05-09 (44 days)
UP       | http://longspest.com | HTTP 200 | 2512ms | SSL: 2026-06-22 (88 days)
UP       | https://spindledynamicsaxlerepair.com | HTTP 200 | 1942ms | SSL: 2026-05-16 (51 days)
UP       | https://mevoutdoor.com/ | HTTP 200 | 2138ms | SSL: 2026-06-23 (89 days)
UP       | https://greenbushpros.com/ | HTTP 200 | 2361ms | SSL: 2026-04-10 (15 days)
UP       | https://harveysarlesinsurance.com/ | HTTP 200 | 2323ms | SSL: 2026-06-19 (85 days)
UP       | http://affordablerooter.com/ | HTTP 200 | 2478ms | SSL: 2026-05-19 (54 days)
UP       | https://thomasmccannlaw.com | HTTP 200 | 2176ms | SSL: 2026-05-02 (37 days)
UP       | https://southshoretruckrepair.com | HTTP 200 | 2315ms | SSL: 2026-06-08 (74 days)
UP       | https://pacificgaragerepair.com | HTTP 200 | 3399ms | SSL: 2026-06-21 (87 days)
UP       | https://www.thespringking.net/ | HTTP 200 | 1231ms | SSL: 2026-04-07 (12 days)
UP       | https://www.hansmotosports.com/ | HTTP 200 | 1107ms | SSL: 2026-06-19 (85 days)
UP       | https://www.advancedalarmlock.com | HTTP 200 | 1168ms | SSL: 2026-05-09 (44 days)
UP       | https://www.amishstonefirepits.com/ | HTTP 200 | 1009ms | SSL: 2026-05-04 (39 days)
UP       | https://www.noatoutdoorliving.com/ | HTTP 200 | 1178ms | SSL: 2026-04-24 (29 days)
UP       | https://campbellhuitt.com | HTTP 200 | 2339ms | SSL: 2026-04-07 (12 days)
UP       | https://www.bulldogmovingclt.com/ | HTTP 200 | 1107ms | SSL: 2026-06-15 (81 days)
UP       | https://terseptic.com | HTTP 200 | 6764ms | SSL: 2026-05-03 (38 days)
UP       | https://www.nmwcattorneys.com/ | HTTP 200 | 950ms | SSL: 2026-04-12 (17 days)
UP       | https://www.jandpbikeshop.com/ | HTTP 200 | 1263ms | SSL: 2026-06-14 (80 days)
UP       | https://angelabrowderhomecare.com/ | HTTP 200 | 2349ms | SSL: 2026-06-14 (80 days)
UP       | https://www.5pointslandscaping.com/ | HTTP 200 | 947ms | SSL: 2026-06-14 (80 days)
UP       | https://carpettechcleaning.com | HTTP 200 | 3746ms | SSL: 2026-05-09 (44 days)
UP       | https://www.mtccpressurewashing.com/ | HTTP 200 | 1399ms | SSL: 2026-04-09 (14 days)
UP       | https://ochoaelectricsandiego.com | HTTP 200 | 2005ms | SSL: 2026-05-19 (54 days)
UP       | https://vanityfairbaths.com | HTTP 200 | 3229ms | SSL: 2026-04-18 (23 days)
UP       | https://www.asapcontainers.com/ | HTTP 200 | 1085ms | SSL: 2026-04-18 (23 days)
UP       | https://www.boyleheatingandcooling.net/ | HTTP 200 | 2590ms | SSL: 2026-04-14 (19 days)
UP       | https://www.zulaufconstruction.com | HTTP 200 | 776ms | SSL: 2026-04-14 (19 days)
UP       | https://www.carpetcleaningomaha.com | HTTP 200 | 917ms | SSL: 2026-04-28 (33 days)
UP       | https://cakeschocolatesandmore.com/ | HTTP 200 | 1794ms | SSL: 2026-05-04 (39 days)
UP       | https://www.victorytireauto.com | HTTP 200 | 1199ms | SSL: 2026-05-07 (42 days)
UP       | https://windsorlimo.com | HTTP 200 | 2125ms | SSL: 2026-05-11 (46 days)
UP       | https://www.howieglass.com/ | HTTP 200 | 841ms | SSL: 2026-06-14 (80 days)
UP       | https://www.xlsavebig.com | HTTP 200 | 1005ms | SSL: 2026-04-13 (18 days)
UP       | https://www.oxicleaners.com | HTTP 200 | 1033ms | SSL: 2026-05-08 (43 days)
UP       | https://petstylessalonandspa.com | HTTP 200 | 1944ms | SSL: 2026-04-26 (31 days)
UP       | https://www.riverbluffcanecorsos.com | HTTP 200 | 823ms | SSL: 2026-05-04 (39 days)
UP       | https://stoversflooringanddraperycenter.com/ | HTTP 200 | 1543ms | SSL: 2026-04-28 (33 days)
UP       | http://www.aseyourlight.com | HTTP 200 | 1325ms | SSL: 2026-05-04 (39 days)
UP       | https://www.missouriglassinc.com/ | HTTP 200 | 813ms | SSL: 2026-04-05 (10 days)
UP       | https://www.coddingtonlock.com/ | HTTP 200 | 1072ms | SSL: 2026-06-20 (86 days)
UP       | https://www.andyperuginos.com/ | HTTP 200 | 1180ms | SSL: 2026-04-08 (13 days)
UP       | https://tntcarpetcleaners.com | HTTP 200 | 1788ms | SSL: 2026-04-15 (20 days)
UP       | https://www.opsct.com | HTTP 200 | 918ms | SSL: 2026-04-07 (12 days)
UP       | https://securitycompanyms.com | HTTP 200 | 2002ms | SSL: 2026-04-26 (31 days)
UP       | https://abbottscatering.com | HTTP 200 | 1611ms | SSL: 2026-04-20 (25 days)
UP       | https://timothymwilliamslaw.com | HTTP 200 | 2050ms | SSL: 2026-04-16 (21 days)
UP       | https://www.garyhuebnerlaw.com/ | HTTP 200 | 1335ms | SSL: 2026-04-29 (34 days)
UP       | https://www.thepoisonivyguy.com/ | HTTP 200 | 1129ms | SSL: 2026-05-11 (46 days)
UP       | https://parkpharmacyrx.com | HTTP 200 | 2449ms | SSL: 2026-05-03 (38 days)
UP       | https://gillettesignworks.com | HTTP 200 | 2016ms | SSL: 2026-05-14 (49 days)
UP       | https://www.richroofing.com/ | HTTP 200 | 1128ms | SSL: 2026-05-05 (40 days)
UP       | http://lassiterelectric.com | HTTP 200 | 2001ms | SSL: 2026-05-11 (46 days)
UP       | https://www.fatpocketpawn.biz | HTTP 200 | 961ms | SSL: 2026-05-14 (49 days)
UP       | https://lockhartaircare.com | HTTP 200 | 2025ms | SSL: 2026-06-20 (86 days)
UP       | https://www.eaglewaterfiltration.com/ | HTTP 200 | 1323ms | SSL: 2026-06-20 (86 days)
UP       | https://www.epsteinspaint.com/ | HTTP 200 | 1133ms | SSL: 2026-06-13 (79 days)
UP       | https://www.appliancereliancellc.com/ | HTTP 200 | 914ms | SSL: 2026-04-10 (15 days)
UP       | https://www.timworthystransmissionrepairs.com/ | HTTP 200 | 1128ms | SSL: 2026-04-05 (10 days)
UP       | https://www.cashgoldnj.com | HTTP 200 | 1064ms | SSL: 2026-04-08 (13 days)
UP       | https://dlacupuncture.com | HTTP 200 | 2110ms | SSL: 2026-04-18 (23 days)
UP       | https://www.rockyhillmeats.com/ | HTTP 200 | 1298ms | SSL: 2026-04-22 (27 days)
UP       | https://www.absheatingandairconditioning.com/ | HTTP 200 | 1117ms | SSL: 2026-05-15 (50 days)
UP       | https://tcpestsolutions.com/ | HTTP 200 | 2356ms | SSL: 2026-06-12 (78 days)
UP       | https://www.tempbydesign.com/ | HTTP 200 | 710ms | SSL: 2026-04-08 (13 days)
UP       | https://tavosconstructionllc.com/ | HTTP 200 | 1949ms | SSL: 2026-04-06 (11 days)
DOWN     | https://www.eastgeorgiatreeservice.com/ | ERROR: Get "https://www.eastgeorgiatreeservice.com/": EOF
UP       | https://coastalcabinetsandgranite.com/ | HTTP 200 | 1955ms | SSL: 2026-04-28 (33 days)
UP       | https://www.r7electricutah.com/ | HTTP 200 | 1290ms | SSL: 2026-04-26 (31 days)
UP       | https://preferredremodeling.net/ | HTTP 200 | 2511ms | SSL: 2026-04-15 (20 days)
UP       | https://www.jml-electric.com | HTTP 200 | 1278ms | SSL: 2026-04-19 (24 days)
UP       | http://resto-pros.net | HTTP 200 | 2035ms | SSL: 2026-04-15 (20 days)
UP       | http://scconstruction.info | HTTP 200 | 1249ms | SSL: 2026-05-04 (39 days)
UP       | https://www.porteroutdoorservices.com/ | HTTP 200 | 1031ms | SSL: 2026-05-05 (40 days)
UP       | http://killswitchauto.com | HTTP 200 | 1378ms | SSL: 2026-04-12 (17 days)
UP       | https://coxdecorativeconcrete.com/ | HTTP 200 | 2064ms | SSL: 2026-05-18 (53 days)
UP       | http://charlesfulkroaddisposal.com | HTTP 200 | 1588ms | SSL: 2026-04-23 (28 days)
UP       | https://wireguyselectric.com/ | HTTP 200 | 2227ms | SSL: 2026-04-25 (30 days)
UP       | https://www.dentconceptstx.com/ | HTTP 200 | 1024ms | SSL: 2026-04-28 (33 days)
UP       | https://fincorefrigeration.com | HTTP 200 | 2032ms | SSL: 2026-05-16 (51 days)
UP       | http://rocketcitymarine.com | HTTP 200 | 1617ms | SSL: 2026-04-28 (33 days)
UP       | https://cleantechsystemsnm.com | HTTP 200 | 1692ms | SSL: 2026-04-28 (33 days)
UP       | https://www.affordablecustomgolfcarts.com/ | HTTP 200 | 1031ms | SSL: 2026-06-17 (83 days)
UP       | https://greenscapeslawns.com/ | HTTP 200 | 1764ms | SSL: 2026-05-05 (40 days)
UP       | https://jtstree.com/ | HTTP 200 | 1538ms | SSL: 2026-05-11 (46 days)
UP       | https://www.dixiefenceohio.com/ | HTTP 200 | 1056ms | SSL: 2026-05-18 (53 days)
UP       | https://allkidsarespecial.net | HTTP 200 | 1899ms | SSL: 2026-05-26 (61 days)
UP       | https://sgrcalifornia.com/ | HTTP 200 | 1938ms | SSL: 2026-05-13 (48 days)
UP       | https://www.garysroofingandconst.com/ | HTTP 200 | 731ms | SSL: 2026-05-06 (41 days)
UP       | https://www.breezehvac.com/ | HTTP 200 | 1212ms | SSL: 2026-06-22 (88 days)
UP       | https://rcpoolworks.com | HTTP 200 | 1808ms | SSL: 2026-05-17 (52 days)
UP       | https://Freedomcarpet.net | HTTP 200 | 1987ms | SSL: 2026-06-17 (83 days)
UP       | https://rolandoroofing.net | HTTP 200 | 1975ms | SSL: 2026-04-08 (13 days)
UP       | http://ormondlandscaping.com/ | HTTP 200 | 1925ms | SSL: 2026-05-11 (46 days)
UP       | https://www.alliedroofingco.com/ | HTTP 200 | 1072ms | SSL: 2026-04-04 (9 days)
UP       | https://www.waterheatersracinewi.com/ | HTTP 200 | 1031ms | SSL: 2026-04-16 (21 days)
UP       | https://www.atlanticdrywallandpaint.com/ | HTTP 200 | 1289ms | SSL: 2026-06-23 (89 days)
UP       | https://grantsappliancerepairllc.com/ | HTTP 200 | 1850ms | SSL: 2026-06-23 (89 days)
UP       | http://aaaexcavate.com | HTTP 200 | 1835ms | SSL: 2026-04-09 (14 days)
UP       | https://gormanandsonslandscaping.com/ | HTTP 200 | 2141ms | SSL: 2026-04-29 (34 days)
UP       | https://texasproroofing.net/ | HTTP 200 | 1944ms | SSL: 2026-04-08 (13 days)
UP       | https://www.808towing.com/ | HTTP 200 | 1266ms | SSL: 2026-05-14 (49 days)
UP       | https://www.jandbtreeservice.net/ | HTTP 200 | 1052ms | SSL: 2026-04-29 (34 days)
UP       | https://sweetmountainair.co | HTTP 200 | 1669ms | SSL: 2026-05-04 (39 days)
UP       | https://www.stormprosva.com/ | HTTP 200 | 1228ms | SSL: 2026-04-29 (34 days)
UP       | https://www.atlantic217.com/ | HTTP 200 | 1229ms | SSL: 2026-04-13 (18 days)
UP       | https://lakehamiltonappraisals.com/ | HTTP 200 | 2067ms | SSL: 2026-05-13 (48 days)
UP       | https://kcservicecenterpa.com | HTTP 200 | 1968ms | SSL: 2026-04-27 (32 days)
UP       | https://mobsfloorcare.com/ | HTTP 200 | 1755ms | SSL: 2026-04-05 (10 days)
UP       | https://wennigercompressor.com/ | HTTP 200 | 3070ms | SSL: 2026-04-27 (32 days)
UP       | https://mauicontainersales.com/ | HTTP 200 | 1950ms | SSL: 2026-06-02 (68 days)
UP       | https://www.24-hourrefrigeration.com/ | HTTP 200 | 1053ms | SSL: 2026-05-09 (44 days)
UP       | https://anteaterspestcontrol.net | HTTP 200 | 2046ms | SSL: 2026-04-24 (29 days)
UP       | http://furniturefixxers.com | HTTP 200 | 1415ms | SSL: 2026-05-02 (37 days)
UP       | https://www.apexgutters.com/ | HTTP 200 | 1111ms | SSL: 2026-06-16 (82 days)
UP       | https://blackdogrr.com/ | HTTP 200 | 2031ms | SSL: 2026-05-18 (53 days)
UP       | https://hogiesconstruction.com/ | HTTP 200 | 1846ms | SSL: 2026-05-27 (62 days)
UP       | https://www.askyline.com/ | HTTP 200 | 1224ms | SSL: 2026-06-09 (75 days)
UP       | https://www.dbarrsvcs.com/ | HTTP 200 | 1131ms | SSL: 2026-05-25 (60 days)
UP       | https://powellpestcontrol.net/ | HTTP 200 | 2156ms | SSL: 2026-05-26 (61 days)
UP       | https://wireguys.com | HTTP 200 | 2235ms | SSL: 2026-06-22 (88 days)
UP       | https://economysidingtn.com/ | HTTP 200 | 1781ms | SSL: 2026-05-26 (61 days)
UP       | https://rsccontracting.org/ | HTTP 200 | 1515ms | SSL: 2026-04-08 (13 days)
UP       | https://www.bhswelding.com/ | HTTP 200 | 1039ms | SSL: 2026-06-13 (79 days)
UP       | https://www.yourfamilysalon.com/ | HTTP 200 | 1071ms | SSL: 2026-04-10 (15 days)
UP       | https://www.alswelldrilling.com/ | HTTP 200 | 806ms | SSL: 2026-06-12 (78 days)
UP       | http://customoutdoorsolutionsny.com | HTTP 200 | 1538ms | SSL: 2026-04-13 (18 days)
UP       | https://raffoulheatingandair.com | HTTP 200 | 2859ms | SSL: 2026-04-13 (18 days)
UP       | http://dynamohi.com | HTTP 200 | 1827ms | SSL: 2026-05-11 (46 days)
UP       | https://danrandandassoc.com/ | HTTP 200 | 1864ms | SSL: 2026-04-07 (12 days)
UP       | https://carbondalewoodshop.com/ | HTTP 200 | 1223ms | SSL: 2026-04-30 (35 days)
UP       | https://smithhvacservices.com/index | HTTP 200 | 2591ms | SSL: 2026-06-14 (80 days)
UP       | http://www.junk-punks.com/ | HTTP 200 | 1193ms | SSL: 2026-06-22 (88 days)
UP       | https://www.fndcontracting.com | HTTP 200 | 1182ms | SSL: 2026-03-28 (2 days)
UP       | http://hopelandscaping.com | HTTP 200 | 1447ms | SSL: 2026-06-18 (84 days)
UP       | https://larrysae.com | HTTP 200 | 2153ms | SSL: 2026-06-21 (87 days)
UP       | https://www.ezoutcollisioncenter.com/ | HTTP 200 | 1017ms | SSL: 2026-05-09 (44 days)
UP       | https://rsccontracting.org/ | HTTP 200 | 1024ms | SSL: 2026-04-08 (13 days)
UP       | http://ccelectricbcs.com | HTTP 200 | 1414ms | SSL: 2026-05-10 (45 days)
UP       | http://ccelectricbcs.com | HTTP 200 | 1085ms | SSL: 2026-05-10 (45 days)
UP       | https://tropicglassenclosuresfl.com/ | HTTP 200 | 3139ms | SSL: 2026-04-04 (9 days)
UP       | https://www.fireflycontractor.com/ | HTTP 200 | 843ms | SSL: 2026-04-09 (14 days)
UP       | https://www.tridentconstructiongp.com/ | HTTP 200 | 976ms | SSL: 2026-06-20 (86 days)
UP       | https://roettgerwelding.com/ | HTTP 200 | 1885ms | SSL: 2026-04-10 (15 days)
UP       | https://azjanitorialservice.com | HTTP 200 | 2783ms | SSL: 2026-04-06 (11 days)
UP       | https://camoconstructionllc.com/ | HTTP 200 | 1987ms | SSL: 2026-04-29 (34 days)
UP       | https://totalcomfortcleaners.com | HTTP 200 | 1861ms | SSL: 2026-04-30 (35 days)
UP       | https://www.brianemmonsroofing.com/ | HTTP 200 | 1191ms | SSL: 2026-06-19 (85 days)
UP       | https://www.customelitedetailcarwash.com/ | HTTP 200 | 947ms | SSL: 2026-04-20 (25 days)
UP       | https://www.noatoutdoorliving.com/ | HTTP 200 | 940ms | SSL: 2026-04-24 (29 days)
UP       | https://southfloridadockandseawall.com | HTTP 200 | 2065ms | SSL: 2026-06-14 (80 days)
UP       | https://www.rselectricms.com | HTTP 200 | 1018ms | SSL: 2026-04-30 (35 days)
UP       | http://allbrightcleaningkc.com | HTTP 200 | 1655ms | SSL: 2026-06-10 (76 days)
UP       | https://paintingbypros.com/ | HTTP 200 | 1934ms | SSL: 2026-04-30 (35 days)
UP       | https://www.ancientcitygaragedoors.com | HTTP 200 | 716ms | SSL: 2026-05-08 (43 days)
UP       | https://www.mikeandmikeroofing.com/ | HTTP 200 | 886ms | SSL: 2026-05-03 (38 days)
UP       | https://maxpressfoundationrepair.com/ | HTTP 200 | 2189ms | SSL: 2026-06-13 (79 days)
UP       | https://offshorepropertyservices.com | HTTP 200 | 1734ms | SSL: 2026-06-18 (84 days)
UP       | http://dynamohi.com | HTTP 200 | 1155ms | SSL: 2026-05-11 (46 days)
UP       | https://patdollautomotivewi.com/ | HTTP 200 | 1800ms | SSL: 2026-05-31 (66 days)
UP       | http://renewconstructionnm.com | HTTP 200 | 578ms | SSL: 2026-06-18 (84 days)
UP       | http://seaboardrestoration.com/ | HTTP 200 | 3460ms | SSL: 2026-05-11 (46 days)
UP       | https://www.fisherhomeinspectionsllc.com/ | HTTP 200 | 1078ms | SSL: 2026-06-13 (79 days)
UP       | https://www.jmplumbersinc.com/ | HTTP 200 | 987ms | SSL: 2026-04-16 (21 days)
UP       | https://finishlineautotire.com/ | HTTP 200 | 1946ms | SSL: 2026-05-16 (51 days)
UP       | http://vitosexpress.com | HTTP 200 | 2106ms | SSL: 2026-06-13 (79 days)
UP       | https://www.thesignsolution.net/ | HTTP 200 | 1020ms | SSL: 2026-06-21 (87 days)
UP       | https://bagremodelers.com/ | HTTP 200 | 1845ms | SSL: 2026-06-14 (80 days)
UP       | https://www.problemtree.com | HTTP 200 | 631ms | SSL: 2026-06-13 (79 days)
UP       | https://capri-wash.com | HTTP 200 | 1765ms | SSL: 2026-06-14 (80 days)
UP       | https://landscapeofbrainerd.com/ | HTTP 200 | 1953ms | SSL: 2026-04-26 (31 days)
UP       | https://totalpackagelandscapeworksllc.com | HTTP 200 | 1744ms | SSL: 2026-04-13 (18 days)
UP       | https://acesandblasting.co/ | HTTP 200 | 1856ms | SSL: 2026-06-22 (88 days)
UP       | https://5startexasroofing.com/ | HTTP 200 | 1858ms | SSL: 2026-04-23 (28 days)
UP       | https://caudletreeservice.com/ | HTTP 200 | 1674ms | SSL: 2026-04-14 (19 days)
UP       | https://www.bayoustatemoving.com/ | HTTP 200 | 959ms | SSL: 2026-04-20 (25 days)
UP       | https://www.1classproperties.com/ | HTTP 200 | 688ms | SSL: 2026-04-23 (28 days)
UP       | https://www.1classrealty.com/ | HTTP 200 | 892ms | SSL: 2026-04-23 (28 days)
UP       | https://www.aimhighdetailing.com/ | HTTP 200 | 771ms | SSL: 2026-04-19 (24 days)
UP       | https://www.tampablindsbydesign.com/ | HTTP 200 | 840ms | SSL: 2026-05-04 (39 days)
ERROR    | http://thelocalplumber.com | HTTP 403 | 840ms | SSL: 
UP       | https://frontieraircon.com/ | HTTP 200 | 2070ms | SSL: 2026-05-17 (52 days)
UP       | https://www.saltlakecitycabinetry.com/ | HTTP 200 | 837ms | SSL: 2026-05-19 (54 days)
UP       | https://mantispestma.com | HTTP 200 | 2357ms | SSL: 2026-04-25 (30 days)
UP       | https://tyslandscapingiowa.com | HTTP 200 | 1714ms | SSL: 2026-04-24 (29 days)
UP       | https://www.herrwelldrillingwi.com/ | HTTP 200 | 874ms | SSL: 2026-06-08 (74 days)
UP       | https://www.problemtree.com/ | HTTP 200 | 845ms | SSL: 2026-06-13 (79 days)
UP       | https://tandkventures.com/ | HTTP 200 | 1644ms | SSL: 2026-06-17 (83 days)
UP       | http://muddyriversconcrete.com | HTTP 200 | 1934ms | SSL: 2026-06-09 (75 days)
UP       | https://accurateandconfidentialtaxservice.com/ | HTTP 200 | 1632ms | SSL: 2026-06-22 (88 days)
UP       | https://mcneelytreeservice.com/ | HTTP 200 | 1721ms | SSL: 2026-06-17 (83 days)
UP       | https://www.mvpgardencenter.com/ | HTTP 200 | 889ms | SSL: 2026-06-14 (80 days)
ERROR    | https://abccarpetcleanerssd.com | HTTP 404 | 1588ms | SSL: 2026-06-20 (86 days)
Summary: 237 UP | 2 ERROR | 1 DOWN
=== 2026-03-26 09:00:16 ===
UP           | https://offshorepropertyservices.com | HTTP 200 | 1855ms | SSL: 2026-06-18 (84 days)
UP           | http://seaboardrestoration.com/ | HTTP 200 | 2106ms | SSL: 2026-05-11 (46 days)
UP           | https://platinumpaintingandserviceinc.com | HTTP 200 | 2349ms | SSL: 2026-04-18 (23 days)
UP           | https://aandbauctionservices.com | HTTP 200 | 2050ms | SSL: 2026-04-10 (15 days)
UP           | http://reidheatingandair.com | HTTP 200 | 1867ms | SSL: 2026-04-28 (33 days)
UP           | https://pristineccs.com/ | HTTP 200 | 1696ms | SSL: 2026-04-28 (33 days)
UP           | https://westcoastdents.com | HTTP 200 | 1742ms | SSL: 2026-05-08 (43 days)
UP           | https://catoiletwhisperer.com | HTTP 200 | 815ms | SSL: 2026-06-09 (75 days)
UP           | https://ivyheatingandair.com | HTTP 200 | 7055ms | SSL: 2026-04-04 (9 days)
UP           | https://primaryheatingandcooling.com | HTTP 200 | 2896ms | SSL: 2026-04-15 (20 days)
UP           | https://businessnotions.com/ | HTTP 200 | 1966ms | SSL: 2026-05-02 (37 days)
UP           | https://www.butzwelding.com | HTTP 200 | 873ms | SSL: 2026-04-08 (13 days)
UP           | https://brimicfoundation.com/ | HTTP 200 | 2379ms | SSL: 2026-04-11 (15 days)
UP           | https://endlesssummercharters.com/ | HTTP 200 | 2621ms | SSL: 2026-05-04 (39 days)
UP           | https://thekiddiekornerboutique.com | HTTP 200 | 1474ms | SSL: 2026-05-07 (42 days)
UP           | https://safloralelegance.com | HTTP 200 | 2607ms | SSL: 2026-04-24 (29 days)
UP           | http://allbrandsheatingandcooling.com | HTTP 200 | 1978ms | SSL: 2026-04-14 (19 days)
UP           | http://plumbersouthfl.com | HTTP 200 | 1844ms | SSL: 2026-04-22 (27 days)
UP           | http://wjauction.com | HTTP 200 | 1643ms | SSL: 2026-04-22 (27 days)
UP           | https://txpanhandlelogistics.com | HTTP 200 | 2347ms | SSL: 2026-04-23 (28 days)
UP           | https://mullinstruckingllc.com/ | HTTP 200 | 1620ms | SSL: 2026-05-18 (53 days)
UP           | https://fratiplumbing.net | HTTP 200 | 1646ms | SSL: 2026-05-02 (37 days)
UP           | https://loganshouse.com/ | HTTP 200 | 2436ms | SSL: 2026-04-30 (35 days)
UP           | http://plantsunlimiteddurham.com | HTTP 200 | 1593ms | SSL: 2026-05-12 (47 days)
UP           | http://protechdiesel.biz/ | HTTP 200 | 1416ms | SSL: 2026-05-18 (53 days)
UP           | https://cherrycreekshadesanddraperys.com | HTTP 200 | 2191ms | SSL: 2026-05-03 (38 days)
UP           | https://centralmotorsale.com | HTTP 200 | 2242ms | SSL: 2026-05-07 (42 days)
UP           | https://jsaengineers.com | HTTP 200 | 2352ms | SSL: 2026-05-19 (54 days)
UP           | https://boilertechnologies.com | HTTP 200 | 2882ms | SSL: 2026-04-13 (18 days)
UP           | https://trucarma.com/ | HTTP 200 | 3446ms | SSL: 2026-04-03 (8 days)
UP           | https://wyomingarmoredservice.com | HTTP 200 | 2531ms | SSL: 2026-06-12 (78 days)
UP           | https://brvparkpropane.com/ | HTTP 200 | 1875ms | SSL: 2026-05-05 (40 days)
UP           | https://primeappraisalsmi.com | HTTP 200 | 1482ms | SSL: 2026-06-21 (87 days)
UP           | https://newenglandgroupctinc.com | HTTP 200 | 2777ms | SSL: 2026-04-03 (8 days)
UP           | https://www.napavalleyfitness.com | HTTP 200 | 1038ms | SSL: 2026-04-21 (26 days)
UP           | https://www.prosidingandwindows.net/ | HTTP 200 | 909ms | SSL: 2026-05-02 (37 days)
UP           | https://www.eocatx.com/ | HTTP 200 | 859ms | SSL: 2026-04-06 (11 days)
UP           | https://www.drainrooterplumbingsd.com/ | HTTP 200 | 1083ms | SSL: 2026-06-16 (82 days)
UP           | https://glassimpressionslv.com | HTTP 200 | 2234ms | SSL: 2026-04-12 (17 days)
UP           | https://shultarchitect.com | HTTP 200 | 2002ms | SSL: 2026-05-27 (62 days)
UP           | https://inthemix-adc.com | HTTP 200 | 2286ms | SSL: 2026-05-26 (61 days)
UP           | https://www.sexton-repairs.com/ | HTTP 200 | 1970ms | SSL: 2026-04-05 (10 days)
UP           | https://fraserplumbingarkansas.com/ | HTTP 200 | 1647ms | SSL: 2026-04-12 (17 days)
UP           | https://foothillsmachininginc.com | HTTP 200 | 1902ms | SSL: 2026-04-28 (33 days)
UP           | https://rangerenovation.com | HTTP 200 | 1855ms | SSL: 2026-05-08 (42 days)
UP           | https://modelcoelectric.com/ | HTTP 200 | 1636ms | SSL: 2026-05-16 (51 days)
UP           | https://conveyor-tek.com | HTTP 200 | 1762ms | SSL: 2026-05-09 (44 days)
UP           | http://longspest.com | HTTP 200 | 1600ms | SSL: 2026-06-22 (88 days)
UP           | https://spindledynamicsaxlerepair.com | HTTP 200 | 1502ms | SSL: 2026-05-16 (51 days)
UP           | https://mevoutdoor.com/ | HTTP 200 | 2044ms | SSL: 2026-06-23 (89 days)
UP           | https://greenbushpros.com/ | HTTP 200 | 2081ms | SSL: 2026-04-10 (15 days)
UP           | https://harveysarlesinsurance.com/ | HTTP 200 | 1502ms | SSL: 2026-06-19 (85 days)
UP           | http://affordablerooter.com/ | HTTP 200 | 1810ms | SSL: 2026-05-19 (54 days)
UP           | https://thomasmccannlaw.com | HTTP 200 | 1803ms | SSL: 2026-05-02 (37 days)
UP           | https://southshoretruckrepair.com | HTTP 200 | 1952ms | SSL: 2026-06-08 (74 days)
UP           | https://pacificgaragerepair.com | HTTP 200 | 7232ms | SSL: 2026-06-21 (87 days)
UP           | https://www.thespringking.net/ | HTTP 200 | 935ms | SSL: 2026-04-07 (12 days)
UP           | https://www.hansmotosports.com/ | HTTP 200 | 766ms | SSL: 2026-06-19 (85 days)
UP           | https://www.advancedalarmlock.com | HTTP 200 | 1055ms | SSL: 2026-05-09 (44 days)
UP           | https://www.amishstonefirepits.com/ | HTTP 200 | 784ms | SSL: 2026-05-04 (39 days)
UP           | https://www.noatoutdoorliving.com/ | HTTP 200 | 820ms | SSL: 2026-04-24 (29 days)
UP           | https://campbellhuitt.com | HTTP 200 | 1529ms | SSL: 2026-04-07 (12 days)
UP           | https://www.bulldogmovingclt.com/ | HTTP 200 | 898ms | SSL: 2026-06-15 (81 days)
UP           | https://terseptic.com | HTTP 200 | 2239ms | SSL: 2026-05-03 (38 days)
UP           | https://www.nmwcattorneys.com/ | HTTP 200 | 879ms | SSL: 2026-04-12 (17 days)
UP           | https://www.jandpbikeshop.com/ | HTTP 200 | 642ms | SSL: 2026-06-14 (80 days)
UP           | https://angelabrowderhomecare.com/ | HTTP 200 | 1983ms | SSL: 2026-06-14 (80 days)
UP           | https://www.5pointslandscaping.com/ | HTTP 200 | 1156ms | SSL: 2026-06-14 (80 days)
UP           | https://carpettechcleaning.com | HTTP 200 | 2857ms | SSL: 2026-05-09 (44 days)
UP           | https://www.mtccpressurewashing.com/ | HTTP 200 | 1367ms | SSL: 2026-04-09 (14 days)
UP           | https://ochoaelectricsandiego.com | HTTP 200 | 2498ms | SSL: 2026-05-19 (54 days)
UP           | https://vanityfairbaths.com | HTTP 200 | 3659ms | SSL: 2026-04-18 (23 days)
UP           | https://www.asapcontainers.com/ | HTTP 200 | 944ms | SSL: 2026-04-18 (23 days)
UP           | https://www.boyleheatingandcooling.net/ | HTTP 200 | 4926ms | SSL: 2026-04-14 (19 days)
UP           | https://www.zulaufconstruction.com | HTTP 200 | 1057ms | SSL: 2026-04-14 (19 days)
UP           | https://www.carpetcleaningomaha.com | HTTP 200 | 853ms | SSL: 2026-04-28 (33 days)
UP           | https://cakeschocolatesandmore.com/ | HTTP 200 | 2353ms | SSL: 2026-05-04 (39 days)
UP           | https://www.victorytireauto.com | HTTP 200 | 1285ms | SSL: 2026-05-07 (42 days)
UP           | https://windsorlimo.com | HTTP 200 | 2803ms | SSL: 2026-05-11 (46 days)
UP           | https://www.howieglass.com/ | HTTP 200 | 1160ms | SSL: 2026-06-14 (80 days)
UP           | https://www.xlsavebig.com | HTTP 200 | 1245ms | SSL: 2026-04-13 (18 days)
UP           | https://www.oxicleaners.com | HTTP 200 | 1074ms | SSL: 2026-05-08 (43 days)
UP           | https://petstylessalonandspa.com | HTTP 200 | 1870ms | SSL: 2026-04-26 (31 days)
UP           | https://www.riverbluffcanecorsos.com | HTTP 200 | 1129ms | SSL: 2026-05-04 (39 days)
UP           | https://stoversflooringanddraperycenter.com/ | HTTP 200 | 2886ms | SSL: 2026-04-28 (33 days)
UP           | http://www.aseyourlight.com | HTTP 200 | 2191ms | SSL: 2026-05-04 (39 days)
UP           | https://www.missouriglassinc.com/ | HTTP 200 | 1291ms | SSL: 2026-04-05 (10 days)
UP           | https://www.coddingtonlock.com/ | HTTP 200 | 1499ms | SSL: 2026-06-20 (86 days)
UP           | https://www.andyperuginos.com/ | HTTP 200 | 1564ms | SSL: 2026-04-08 (13 days)
UP           | https://tntcarpetcleaners.com | HTTP 200 | 2065ms | SSL: 2026-04-15 (20 days)
UP           | https://www.opsct.com | HTTP 200 | 1024ms | SSL: 2026-04-07 (12 days)
UP           | https://securitycompanyms.com | HTTP 200 | 2191ms | SSL: 2026-04-26 (31 days)
UP           | https://abbottscatering.com | HTTP 200 | 1868ms | SSL: 2026-04-20 (25 days)
UP           | https://timothymwilliamslaw.com | HTTP 200 | 2257ms | SSL: 2026-04-16 (21 days)
UP           | https://www.garyhuebnerlaw.com/ | HTTP 200 | 1043ms | SSL: 2026-04-29 (34 days)
UP           | https://www.thepoisonivyguy.com/ | HTTP 200 | 2197ms | SSL: 2026-05-11 (46 days)
UP           | https://parkpharmacyrx.com | HTTP 200 | 2031ms | SSL: 2026-05-03 (38 days)
UP           | https://gillettesignworks.com | HTTP 200 | 4374ms | SSL: 2026-05-14 (49 days)
UP           | https://www.richroofing.com/ | HTTP 200 | 5768ms | SSL: 2026-05-05 (40 days)
UP           | http://lassiterelectric.com | HTTP 200 | 2222ms | SSL: 2026-05-11 (46 days)
UP           | https://www.fatpocketpawn.biz | HTTP 200 | 1204ms | SSL: 2026-05-14 (49 days)
UP           | https://lockhartaircare.com | HTTP 200 | 2393ms | SSL: 2026-06-20 (86 days)
UP           | https://www.eaglewaterfiltration.com/ | HTTP 200 | 1309ms | SSL: 2026-06-20 (86 days)
UP           | https://www.epsteinspaint.com/ | HTTP 200 | 771ms | SSL: 2026-06-13 (79 days)
UP           | https://www.appliancereliancellc.com/ | HTTP 200 | 1126ms | SSL: 2026-04-10 (15 days)
UP           | https://www.timworthystransmissionrepairs.com/ | HTTP 200 | 1034ms | SSL: 2026-04-05 (10 days)
UP           | https://www.cashgoldnj.com | HTTP 200 | 1723ms | SSL: 2026-04-08 (13 days)
UP           | https://dlacupuncture.com | HTTP 200 | 2295ms | SSL: 2026-04-18 (23 days)
UP           | https://www.rockyhillmeats.com/ | HTTP 200 | 854ms | SSL: 2026-04-22 (27 days)
UP           | https://www.absheatingandairconditioning.com/ | HTTP 200 | 836ms | SSL: 2026-05-15 (50 days)
UP           | https://tcpestsolutions.com/ | HTTP 200 | 3541ms | SSL: 2026-06-12 (78 days)
UP           | https://www.tempbydesign.com/ | HTTP 200 | 1312ms | SSL: 2026-04-08 (13 days)
UP           | https://tavosconstructionllc.com/ | HTTP 200 | 2398ms | SSL: 2026-04-06 (11 days)
DOWN         | https://www.eastgeorgiatreeservice.com/ | ERROR: Get "https://www.eastgeorgiatreeservice.com/": EOF
UP           | https://coastalcabinetsandgranite.com/ | HTTP 200 | 2395ms | SSL: 2026-04-28 (33 days)
UP           | https://www.r7electricutah.com/ | HTTP 200 | 1022ms | SSL: 2026-04-26 (31 days)
UP           | https://preferredremodeling.net/ | HTTP 200 | 3374ms | SSL: 2026-04-15 (20 days)
UP           | https://www.jml-electric.com | HTTP 200 | 1245ms | SSL: 2026-04-19 (24 days)
UP           | http://resto-pros.net | HTTP 200 | 2454ms | SSL: 2026-04-15 (20 days)
UP           | http://scconstruction.info | HTTP 200 | 1417ms | SSL: 2026-05-04 (39 days)
UP           | https://www.porteroutdoorservices.com/ | HTTP 200 | 1241ms | SSL: 2026-05-05 (40 days)
UP           | http://killswitchauto.com | HTTP 200 | 1846ms | SSL: 2026-04-12 (17 days)
UP           | https://coxdecorativeconcrete.com/ | HTTP 200 | 1767ms | SSL: 2026-05-18 (53 days)
UP           | http://charlesfulkroaddisposal.com | HTTP 200 | 1767ms | SSL: 2026-04-23 (28 days)
UP           | https://wireguyselectric.com/ | HTTP 200 | 1781ms | SSL: 2026-04-25 (30 days)
UP           | https://www.dentconceptstx.com/ | HTTP 200 | 1167ms | SSL: 2026-04-28 (33 days)
UP           | https://fincorefrigeration.com | HTTP 200 | 2314ms | SSL: 2026-05-16 (51 days)
UP           | http://rocketcitymarine.com | HTTP 200 | 1696ms | SSL: 2026-04-28 (33 days)
UP           | https://cleantechsystemsnm.com | HTTP 200 | 1846ms | SSL: 2026-04-28 (33 days)
UP           | https://www.affordablecustomgolfcarts.com/ | HTTP 200 | 1202ms | SSL: 2026-06-17 (83 days)
UP           | https://greenscapeslawns.com/ | HTTP 200 | 2514ms | SSL: 2026-05-05 (40 days)
UP           | https://jtstree.com/ | HTTP 200 | 2064ms | SSL: 2026-05-11 (46 days)
UP           | https://www.dixiefenceohio.com/ | HTTP 200 | 1692ms | SSL: 2026-05-18 (53 days)
UP           | https://allkidsarespecial.net | HTTP 200 | 2274ms | SSL: 2026-05-26 (61 days)
UP           | https://sgrcalifornia.com/ | HTTP 200 | 2224ms | SSL: 2026-05-13 (48 days)
UP           | https://www.garysroofingandconst.com/ | HTTP 200 | 1352ms | SSL: 2026-05-06 (41 days)
UP           | https://www.breezehvac.com/ | HTTP 200 | 866ms | SSL: 2026-06-22 (88 days)
UP           | https://rcpoolworks.com | HTTP 200 | 2507ms | SSL: 2026-05-17 (52 days)
UP           | https://Freedomcarpet.net | HTTP 200 | 2128ms | SSL: 2026-06-17 (83 days)
UP           | https://rolandoroofing.net | HTTP 200 | 2115ms | SSL: 2026-04-08 (13 days)
UP           | http://ormondlandscaping.com/ | HTTP 200 | 1922ms | SSL: 2026-05-11 (46 days)
UP           | https://www.alliedroofingco.com/ | HTTP 200 | 867ms | SSL: 2026-04-04 (9 days)
UP           | https://www.waterheatersracinewi.com/ | HTTP 200 | 919ms | SSL: 2026-04-16 (21 days)
UP           | https://www.atlanticdrywallandpaint.com/ | HTTP 200 | 740ms | SSL: 2026-06-23 (89 days)
UP           | https://grantsappliancerepairllc.com/ | HTTP 200 | 2544ms | SSL: 2026-06-23 (89 days)
UP           | http://aaaexcavate.com | HTTP 200 | 1729ms | SSL: 2026-04-09 (14 days)
UP           | https://gormanandsonslandscaping.com/ | HTTP 200 | 2542ms | SSL: 2026-04-29 (34 days)
UP           | https://texasproroofing.net/ | HTTP 200 | 2049ms | SSL: 2026-04-08 (13 days)
UP           | https://www.808towing.com/ | HTTP 200 | 986ms | SSL: 2026-05-14 (49 days)
UP           | https://www.jandbtreeservice.net/ | HTTP 200 | 971ms | SSL: 2026-04-29 (34 days)
UP           | https://sweetmountainair.co | HTTP 200 | 1610ms | SSL: 2026-05-04 (39 days)
UP           | https://www.stormprosva.com/ | HTTP 200 | 1035ms | SSL: 2026-04-29 (34 days)
UP           | https://www.atlantic217.com/ | HTTP 200 | 1034ms | SSL: 2026-04-13 (18 days)
UP           | https://lakehamiltonappraisals.com/ | HTTP 200 | 2246ms | SSL: 2026-05-13 (48 days)
UP           | https://kcservicecenterpa.com | HTTP 200 | 2011ms | SSL: 2026-04-27 (32 days)
UP           | https://mobsfloorcare.com/ | HTTP 200 | 2329ms | SSL: 2026-04-05 (10 days)
UP           | https://wennigercompressor.com/ | HTTP 200 | 2329ms | SSL: 2026-04-27 (32 days)
UP           | https://mauicontainersales.com/ | HTTP 200 | 2366ms | SSL: 2026-06-02 (68 days)
UP           | https://www.24-hourrefrigeration.com/ | HTTP 200 | 1035ms | SSL: 2026-05-09 (44 days)
UP           | https://anteaterspestcontrol.net | HTTP 200 | 1789ms | SSL: 2026-04-24 (29 days)
UP           | http://furniturefixxers.com | HTTP 200 | 1593ms | SSL: 2026-05-02 (37 days)
UP           | https://www.apexgutters.com/ | HTTP 200 | 1116ms | SSL: 2026-06-16 (82 days)
UP           | https://blackdogrr.com/ | HTTP 200 | 1852ms | SSL: 2026-05-18 (53 days)
UP           | https://hogiesconstruction.com/ | HTTP 200 | 3231ms | SSL: 2026-05-27 (62 days)
UP           | https://www.askyline.com/ | HTTP 200 | 1266ms | SSL: 2026-06-09 (75 days)
UP           | https://www.dbarrsvcs.com/ | HTTP 200 | 822ms | SSL: 2026-05-25 (60 days)
UP           | https://powellpestcontrol.net/ | HTTP 200 | 5058ms | SSL: 2026-05-26 (61 days)
UP           | https://wireguys.com | HTTP 200 | 2111ms | SSL: 2026-06-22 (88 days)
UP           | https://economysidingtn.com/ | HTTP 200 | 2284ms | SSL: 2026-05-26 (61 days)
UP           | https://rsccontracting.org/ | HTTP 200 | 1974ms | SSL: 2026-04-08 (13 days)
UP           | https://www.bhswelding.com/ | HTTP 200 | 1048ms | SSL: 2026-06-13 (79 days)
UP           | https://www.yourfamilysalon.com/ | HTTP 200 | 1000ms | SSL: 2026-04-10 (15 days)
UP           | https://www.alswelldrilling.com/ | HTTP 200 | 967ms | SSL: 2026-06-12 (78 days)
UP           | http://customoutdoorsolutionsny.com | HTTP 200 | 1723ms | SSL: 2026-04-13 (18 days)
UP           | https://raffoulheatingandair.com | HTTP 200 | 2513ms | SSL: 2026-04-13 (18 days)
UP           | http://dynamohi.com | HTTP 200 | 2490ms | SSL: 2026-05-11 (46 days)
UP           | https://danrandandassoc.com/ | HTTP 200 | 2516ms | SSL: 2026-04-07 (12 days)
UP           | https://carbondalewoodshop.com/ | HTTP 200 | 1116ms | SSL: 2026-04-30 (35 days)
UP           | https://smithhvacservices.com/index | HTTP 200 | 3158ms | SSL: 2026-06-14 (80 days)
UP           | http://www.junk-punks.com/ | HTTP 200 | 1640ms | SSL: 2026-06-22 (88 days)
UP           | https://www.fndcontracting.com | HTTP 200 | 1244ms | SSL: 2026-03-28 (2 days)
UP           | http://hopelandscaping.com | HTTP 200 | 1763ms | SSL: 2026-06-18 (84 days)
UP           | https://larrysae.com | HTTP 200 | 1840ms | SSL: 2026-06-21 (87 days)
UP           | https://www.ezoutcollisioncenter.com/ | HTTP 200 | 792ms | SSL: 2026-05-09 (44 days)
UP           | https://rsccontracting.org/ | HTTP 200 | 479ms | SSL: 2026-04-08 (13 days)
UP           | http://ccelectricbcs.com | HTTP 200 | 1230ms | SSL: 2026-05-10 (45 days)
UP           | http://ccelectricbcs.com | HTTP 200 | 1022ms | SSL: 2026-05-10 (45 days)
UP           | https://tropicglassenclosuresfl.com/ | HTTP 200 | 1748ms | SSL: 2026-04-04 (9 days)
UP           | https://www.fireflycontractor.com/ | HTTP 200 | 797ms | SSL: 2026-04-09 (14 days)
UP           | https://www.tridentconstructiongp.com/ | HTTP 200 | 824ms | SSL: 2026-06-20 (86 days)
UP           | https://roettgerwelding.com/ | HTTP 200 | 1854ms | SSL: 2026-04-10 (15 days)
UP           | https://azjanitorialservice.com | HTTP 200 | 3533ms | SSL: 2026-04-06 (11 days)
UP           | https://camoconstructionllc.com/ | HTTP 200 | 1732ms | SSL: 2026-04-29 (34 days)
UP           | https://totalcomfortcleaners.com | HTTP 200 | 1710ms | SSL: 2026-04-30 (35 days)
UP           | https://www.brianemmonsroofing.com/ | HTTP 200 | 1520ms | SSL: 2026-06-19 (85 days)
UP           | https://www.customelitedetailcarwash.com/ | HTTP 200 | 780ms | SSL: 2026-04-20 (25 days)
UP           | https://www.noatoutdoorliving.com/ | HTTP 200 | 1065ms | SSL: 2026-04-24 (29 days)
UP           | https://southfloridadockandseawall.com | HTTP 200 | 2419ms | SSL: 2026-06-14 (80 days)
UP           | https://www.rselectricms.com | HTTP 200 | 734ms | SSL: 2026-04-30 (35 days)
UP           | http://allbrightcleaningkc.com | HTTP 200 | 1857ms | SSL: 2026-06-10 (76 days)
UP           | https://paintingbypros.com/ | HTTP 200 | 2211ms | SSL: 2026-04-30 (35 days)
UP           | https://www.ancientcitygaragedoors.com | HTTP 200 | 1285ms | SSL: 2026-05-08 (43 days)
UP           | https://www.mikeandmikeroofing.com/ | HTTP 200 | 906ms | SSL: 2026-05-03 (38 days)
UP           | https://maxpressfoundationrepair.com/ | HTTP 200 | 1926ms | SSL: 2026-06-13 (79 days)
UP           | https://offshorepropertyservices.com | HTTP 200 | 2330ms | SSL: 2026-06-18 (84 days)
UP           | http://dynamohi.com | HTTP 200 | 2404ms | SSL: 2026-05-11 (46 days)
UP           | https://patdollautomotivewi.com/ | HTTP 200 | 1852ms | SSL: 2026-05-31 (66 days)
UP           | http://renewconstructionnm.com | HTTP 200 | 703ms | SSL: 2026-06-18 (84 days)
UP           | http://seaboardrestoration.com/ | HTTP 200 | 2263ms | SSL: 2026-05-11 (46 days)
UP           | https://www.fisherhomeinspectionsllc.com/ | HTTP 200 | 921ms | SSL: 2026-06-13 (79 days)
UP           | https://www.jmplumbersinc.com/ | HTTP 200 | 951ms | SSL: 2026-04-16 (21 days)
UP           | https://finishlineautotire.com/ | HTTP 200 | 2666ms | SSL: 2026-05-16 (51 days)
UP           | http://vitosexpress.com | HTTP 200 | 2342ms | SSL: 2026-06-13 (79 days)
UP           | https://www.thesignsolution.net/ | HTTP 200 | 1109ms | SSL: 2026-06-21 (87 days)
UP           | https://bagremodelers.com/ | HTTP 200 | 2185ms | SSL: 2026-06-14 (80 days)
UP           | https://www.problemtree.com | HTTP 200 | 915ms | SSL: 2026-06-13 (79 days)
UP           | https://capri-wash.com | HTTP 200 | 2064ms | SSL: 2026-06-14 (80 days)
UP           | https://landscapeofbrainerd.com/ | HTTP 200 | 1918ms | SSL: 2026-04-26 (31 days)
UP           | https://totalpackagelandscapeworksllc.com | HTTP 200 | 2847ms | SSL: 2026-04-13 (18 days)
UP           | https://acesandblasting.co/ | HTTP 200 | 7192ms | SSL: 2026-06-22 (88 days)
UP           | https://5startexasroofing.com/ | HTTP 200 | 3482ms | SSL: 2026-04-23 (28 days)
UP           | https://caudletreeservice.com/ | HTTP 200 | 3470ms | SSL: 2026-04-14 (18 days)
UP           | https://www.bayoustatemoving.com/ | HTTP 200 | 1141ms | SSL: 2026-04-20 (25 days)
UP           | https://www.1classproperties.com/ | HTTP 200 | 1045ms | SSL: 2026-04-23 (28 days)
UP           | https://www.1classrealty.com/ | HTTP 200 | 865ms | SSL: 2026-04-23 (28 days)
UP           | https://www.aimhighdetailing.com/ | HTTP 200 | 1198ms | SSL: 2026-04-19 (24 days)
UP           | https://www.tampablindsbydesign.com/ | HTTP 200 | 865ms | SSL: 2026-05-04 (39 days)
ERROR        | http://thelocalplumber.com | HTTP 403 | 1267ms | SSL: 
UP           | https://frontieraircon.com/ | HTTP 200 | 2357ms | SSL: 2026-05-17 (52 days)
UP           | https://www.saltlakecitycabinetry.com/ | HTTP 200 | 1098ms | SSL: 2026-05-19 (54 days)
UP           | https://mantispestma.com | HTTP 200 | 3620ms | SSL: 2026-04-25 (30 days)
UP           | https://tyslandscapingiowa.com | HTTP 200 | 1927ms | SSL: 2026-04-24 (29 days)
UP           | https://www.herrwelldrillingwi.com/ | HTTP 200 | 1305ms | SSL: 2026-06-08 (74 days)
UP           | https://www.problemtree.com/ | HTTP 200 | 466ms | SSL: 2026-06-13 (79 days)
UP           | https://tandkventures.com/ | HTTP 200 | 1781ms | SSL: 2026-06-17 (83 days)
UP           | http://muddyriversconcrete.com | HTTP 200 | 1445ms | SSL: 2026-06-09 (75 days)
UP           | https://accurateandconfidentialtaxservice.com/ | HTTP 200 | 1993ms | SSL: 2026-06-22 (88 days)
UP           | https://mcneelytreeservice.com/ | HTTP 200 | 1778ms | SSL: 2026-06-17 (83 days)
UP           | https://www.mvpgardencenter.com/ | HTTP 200 | 705ms | SSL: 2026-06-14 (80 days)
ERROR        | https://abccarpetcleanerssd.com | HTTP 404 | 1180ms | SSL: 2026-06-20 (86 days)
Summary: 237 UP | 2 ERROR | 1 DOWN | 0 UNVERIFIABLE
=== 2026-03-26 09:05:51 ===
UP           | https://offshorepropertyservices.com | HTTP 200 | 2164ms | SSL: 2026-06-18 (84 days)
UP           | http://seaboardrestoration.com/ | HTTP 200 | 2530ms | SSL: 2026-05-11 (46 days)
UP           | https://platinumpaintingandserviceinc.com | HTTP 200 | 1671ms | SSL: 2026-04-18 (23 days)
UP           | https://aandbauctionservices.com | HTTP 200 | 2276ms | SSL: 2026-04-10 (15 days)
UP           | http://reidheatingandair.com | HTTP 200 | 1637ms | SSL: 2026-04-28 (33 days)
UP           | https://pristineccs.com/ | HTTP 200 | 2033ms | SSL: 2026-04-28 (33 days)
UP           | https://westcoastdents.com | HTTP 200 | 3613ms | SSL: 2026-05-08 (43 days)
UP           | https://catoiletwhisperer.com | HTTP 200 | 621ms | SSL: 2026-06-09 (75 days)
UP           | https://ivyheatingandair.com | HTTP 200 | 1810ms | SSL: 2026-04-04 (9 days)
UP           | https://primaryheatingandcooling.com | HTTP 200 | 2712ms | SSL: 2026-04-15 (20 days)
UP           | https://businessnotions.com/ | HTTP 200 | 2353ms | SSL: 2026-05-02 (37 days)
UP           | https://www.butzwelding.com | HTTP 200 | 1169ms | SSL: 2026-04-08 (12 days)
UP           | https://brimicfoundation.com/ | HTTP 200 | 2160ms | SSL: 2026-04-11 (15 days)
UP           | https://endlesssummercharters.com/ | HTTP 200 | 2065ms | SSL: 2026-05-04 (39 days)
UP           | https://thekiddiekornerboutique.com | HTTP 200 | 1029ms | SSL: 2026-05-07 (42 days)
UP           | https://safloralelegance.com | HTTP 200 | 2329ms | SSL: 2026-04-24 (29 days)
UP           | http://allbrandsheatingandcooling.com | HTTP 200 | 2078ms | SSL: 2026-04-14 (19 days)
UP           | http://plumbersouthfl.com | HTTP 200 | 2962ms | SSL: 2026-04-22 (27 days)
UP           | http://wjauction.com | HTTP 200 | 1614ms | SSL: 2026-04-22 (27 days)
UP           | https://txpanhandlelogistics.com | HTTP 200 | 2509ms | SSL: 2026-04-23 (28 days)
UP           | https://mullinstruckingllc.com/ | HTTP 200 | 1970ms | SSL: 2026-05-18 (53 days)
UP           | https://fratiplumbing.net | HTTP 200 | 2528ms | SSL: 2026-05-02 (37 days)
UP           | https://loganshouse.com/ | HTTP 200 | 1997ms | SSL: 2026-04-30 (35 days)
UP           | http://plantsunlimiteddurham.com | HTTP 200 | 1604ms | SSL: 2026-05-12 (47 days)
UP           | http://protechdiesel.biz/ | HTTP 200 | 1587ms | SSL: 2026-05-18 (53 days)
UP           | https://cherrycreekshadesanddraperys.com | HTTP 200 | 1947ms | SSL: 2026-05-03 (38 days)
UP           | https://centralmotorsale.com | HTTP 200 | 4204ms | SSL: 2026-05-07 (42 days)
UP           | https://jsaengineers.com | HTTP 200 | 2096ms | SSL: 2026-05-19 (54 days)
UP           | https://boilertechnologies.com | HTTP 200 | 2280ms | SSL: 2026-04-13 (18 days)
UP           | https://trucarma.com/ | HTTP 200 | 2230ms | SSL: 2026-04-03 (8 days)
UP           | https://wyomingarmoredservice.com | HTTP 200 | 2230ms | SSL: 2026-06-12 (78 days)
UP           | https://brvparkpropane.com/ | HTTP 200 | 1995ms | SSL: 2026-05-05 (40 days)
UP           | https://primeappraisalsmi.com | HTTP 200 | 3730ms | SSL: 2026-06-21 (87 days)
UP           | https://newenglandgroupctinc.com | HTTP 200 | 3707ms | SSL: 2026-04-03 (8 days)
UP           | https://www.napavalleyfitness.com | HTTP 200 | 1145ms | SSL: 2026-04-21 (26 days)
UP           | https://www.prosidingandwindows.net/ | HTTP 200 | 1245ms | SSL: 2026-05-02 (37 days)
UP           | https://www.eocatx.com/ | HTTP 200 | 758ms | SSL: 2026-04-06 (11 days)
UP           | https://www.drainrooterplumbingsd.com/ | HTTP 200 | 1012ms | SSL: 2026-06-16 (82 days)
UP           | https://glassimpressionslv.com | HTTP 200 | 7834ms | SSL: 2026-04-12 (17 days)
UP           | https://shultarchitect.com | HTTP 200 | 1968ms | SSL: 2026-05-27 (62 days)
UP           | https://inthemix-adc.com | HTTP 200 | 2387ms | SSL: 2026-05-26 (61 days)
UP           | https://www.sexton-repairs.com/ | HTTP 200 | 1249ms | SSL: 2026-04-05 (10 days)
UP           | https://fraserplumbingarkansas.com/ | HTTP 200 | 3096ms | SSL: 2026-04-12 (17 days)
UP           | https://foothillsmachininginc.com | HTTP 200 | 3372ms | SSL: 2026-04-28 (33 days)
UP           | https://rangerenovation.com | HTTP 200 | 2847ms | SSL: 2026-05-08 (42 days)
UP           | https://modelcoelectric.com/ | HTTP 200 | 3063ms | SSL: 2026-05-16 (51 days)
UP           | https://conveyor-tek.com | HTTP 200 | 2759ms | SSL: 2026-05-09 (44 days)
UP           | http://longspest.com | HTTP 200 | 6943ms | SSL: 2026-06-22 (88 days)
UP           | https://spindledynamicsaxlerepair.com | HTTP 200 | 6819ms | SSL: 2026-05-16 (51 days)
UP           | https://mevoutdoor.com/ | HTTP 200 | 3229ms | SSL: 2026-06-23 (89 days)
UP           | https://greenbushpros.com/ | HTTP 200 | 4257ms | SSL: 2026-04-10 (15 days)
UP           | https://harveysarlesinsurance.com/ | HTTP 200 | 3344ms | SSL: 2026-06-19 (85 days)
UP           | http://affordablerooter.com/ | HTTP 200 | 2281ms | SSL: 2026-05-19 (54 days)
UP           | https://thomasmccannlaw.com | HTTP 200 | 2926ms | SSL: 2026-05-02 (37 days)
UP           | https://southshoretruckrepair.com | HTTP 200 | 2579ms | SSL: 2026-06-08 (74 days)
UP           | https://pacificgaragerepair.com | HTTP 200 | 1920ms | SSL: 2026-06-21 (87 days)
UP           | https://www.thespringking.net/ | HTTP 200 | 782ms | SSL: 2026-04-07 (12 days)
UP           | https://www.hansmotosports.com/ | HTTP 200 | 1025ms | SSL: 2026-06-19 (85 days)
UP           | https://www.advancedalarmlock.com | HTTP 200 | 951ms | SSL: 2026-05-09 (44 days)
UP           | https://www.amishstonefirepits.com/ | HTTP 200 | 783ms | SSL: 2026-05-04 (39 days)
UP           | https://www.noatoutdoorliving.com/ | HTTP 200 | 867ms | SSL: 2026-04-24 (29 days)
UP           | https://campbellhuitt.com | HTTP 200 | 1791ms | SSL: 2026-04-07 (12 days)
UP           | https://www.bulldogmovingclt.com/ | HTTP 200 | 846ms | SSL: 2026-06-15 (81 days)
UP           | https://terseptic.com | HTTP 200 | 2128ms | SSL: 2026-05-03 (38 days)
UP           | https://www.nmwcattorneys.com/ | HTTP 200 | 1238ms | SSL: 2026-04-12 (17 days)
UP           | https://www.jandpbikeshop.com/ | HTTP 200 | 1238ms | SSL: 2026-06-14 (80 days)
UP           | https://angelabrowderhomecare.com/ | HTTP 200 | 7210ms | SSL: 2026-06-14 (80 days)
UP           | https://www.5pointslandscaping.com/ | HTTP 200 | 6484ms | SSL: 2026-06-14 (80 days)
UP           | https://carpettechcleaning.com | HTTP 200 | 1919ms | SSL: 2026-05-09 (44 days)
UP           | https://www.mtccpressurewashing.com/ | HTTP 200 | 1061ms | SSL: 2026-04-09 (14 days)
UP           | https://ochoaelectricsandiego.com | HTTP 200 | 1711ms | SSL: 2026-05-19 (54 days)
UP           | https://vanityfairbaths.com | HTTP 200 | 1910ms | SSL: 2026-04-18 (23 days)
UP           | https://www.asapcontainers.com/ | HTTP 200 | 1087ms | SSL: 2026-04-18 (23 days)
UP           | https://www.boyleheatingandcooling.net/ | HTTP 200 | 2927ms | SSL: 2026-04-14 (19 days)
UP           | https://www.zulaufconstruction.com | HTTP 200 | 1082ms | SSL: 2026-04-14 (19 days)
UP           | https://www.carpetcleaningomaha.com | HTTP 200 | 764ms | SSL: 2026-04-28 (33 days)
UP           | https://cakeschocolatesandmore.com/ | HTTP 200 | 1893ms | SSL: 2026-05-04 (39 days)
UP           | https://www.victorytireauto.com | HTTP 200 | 1089ms | SSL: 2026-05-07 (42 days)
UP           | https://windsorlimo.com | HTTP 200 | 1938ms | SSL: 2026-05-11 (46 days)
UP           | https://www.howieglass.com/ | HTTP 200 | 1162ms | SSL: 2026-06-14 (80 days)
UP           | https://www.xlsavebig.com | HTTP 200 | 1022ms | SSL: 2026-04-13 (18 days)
UP           | https://www.oxicleaners.com | HTTP 200 | 1224ms | SSL: 2026-05-08 (43 days)
UP           | https://petstylessalonandspa.com | HTTP 200 | 2197ms | SSL: 2026-04-26 (31 days)
UP           | https://www.riverbluffcanecorsos.com | HTTP 200 | 779ms | SSL: 2026-05-04 (39 days)
UP           | https://stoversflooringanddraperycenter.com/ | HTTP 200 | 2334ms | SSL: 2026-04-28 (33 days)
UP           | http://www.aseyourlight.com | HTTP 200 | 1891ms | SSL: 2026-05-04 (39 days)
UP           | https://www.missouriglassinc.com/ | HTTP 200 | 1252ms | SSL: 2026-04-05 (10 days)
UP           | https://www.coddingtonlock.com/ | HTTP 200 | 1106ms | SSL: 2026-06-20 (86 days)
UP           | https://www.andyperuginos.com/ | HTTP 200 | 1062ms | SSL: 2026-04-08 (13 days)
UP           | https://tntcarpetcleaners.com | HTTP 200 | 2405ms | SSL: 2026-04-15 (20 days)
UP           | https://www.opsct.com | HTTP 200 | 889ms | SSL: 2026-04-07 (12 days)
UP           | https://securitycompanyms.com | HTTP 200 | 2332ms | SSL: 2026-04-26 (31 days)
UP           | https://abbottscatering.com | HTTP 200 | 2112ms | SSL: 2026-04-20 (25 days)
UP           | https://timothymwilliamslaw.com | HTTP 200 | 4831ms | SSL: 2026-04-16 (21 days)
UP           | https://www.garyhuebnerlaw.com/ | HTTP 200 | 822ms | SSL: 2026-04-29 (34 days)
UP           | https://www.thepoisonivyguy.com/ | HTTP 200 | 1455ms | SSL: 2026-05-11 (46 days)
UP           | https://parkpharmacyrx.com | HTTP 200 | 2156ms | SSL: 2026-05-03 (38 days)
UP           | https://gillettesignworks.com | HTTP 200 | 1931ms | SSL: 2026-05-14 (49 days)
UP           | https://www.richroofing.com/ | HTTP 200 | 1196ms | SSL: 2026-05-05 (40 days)
UP           | http://lassiterelectric.com | HTTP 200 | 2149ms | SSL: 2026-05-11 (46 days)
UP           | https://www.fatpocketpawn.biz | HTTP 200 | 926ms | SSL: 2026-05-14 (49 days)
UP           | https://lockhartaircare.com | HTTP 200 | 1804ms | SSL: 2026-06-20 (86 days)
UP           | https://www.eaglewaterfiltration.com/ | HTTP 200 | 1167ms | SSL: 2026-06-20 (86 days)
UP           | https://www.epsteinspaint.com/ | HTTP 200 | 1334ms | SSL: 2026-06-13 (79 days)
UP           | https://www.appliancereliancellc.com/ | HTTP 200 | 671ms | SSL: 2026-04-10 (15 days)
UP           | https://www.timworthystransmissionrepairs.com/ | HTTP 200 | 2091ms | SSL: 2026-04-05 (10 days)
UP           | https://www.cashgoldnj.com | HTTP 200 | 1119ms | SSL: 2026-04-08 (13 days)
UP           | https://dlacupuncture.com | HTTP 200 | 4812ms | SSL: 2026-04-18 (23 days)
UP           | https://www.rockyhillmeats.com/ | HTTP 200 | 858ms | SSL: 2026-04-22 (27 days)
UP           | https://www.absheatingandairconditioning.com/ | HTTP 200 | 1280ms | SSL: 2026-05-15 (50 days)
UP           | https://tcpestsolutions.com/ | HTTP 200 | 2269ms | SSL: 2026-06-12 (78 days)
UP           | https://www.tempbydesign.com/ | HTTP 200 | 1190ms | SSL: 2026-04-08 (13 days)
UP           | https://tavosconstructionllc.com/ | HTTP 200 | 2237ms | SSL: 2026-04-06 (11 days)
DOWN         | https://www.eastgeorgiatreeservice.com/ | ERROR: Head "https://www.eastgeorgiatreeservice.com/": EOF
UP           | https://coastalcabinetsandgranite.com/ | HTTP 200 | 2216ms | SSL: 2026-04-28 (33 days)
UP           | https://www.r7electricutah.com/ | HTTP 200 | 939ms | SSL: 2026-04-26 (31 days)
UP           | https://preferredremodeling.net/ | HTTP 200 | 2563ms | SSL: 2026-04-15 (20 days)
UP           | https://www.jml-electric.com | HTTP 200 | 896ms | SSL: 2026-04-19 (24 days)
UP           | http://resto-pros.net | HTTP 200 | 1878ms | SSL: 2026-04-15 (20 days)
UP           | http://scconstruction.info | HTTP 200 | 1089ms | SSL: 2026-05-04 (39 days)
UP           | https://www.porteroutdoorservices.com/ | HTTP 200 | 930ms | SSL: 2026-05-05 (40 days)
UP           | http://killswitchauto.com | HTTP 200 | 1681ms | SSL: 2026-04-12 (17 days)
UP           | https://coxdecorativeconcrete.com/ | HTTP 200 | 2163ms | SSL: 2026-05-18 (53 days)
UP           | http://charlesfulkroaddisposal.com | HTTP 200 | 1670ms | SSL: 2026-04-23 (28 days)
UP           | https://wireguyselectric.com/ | HTTP 200 | 1839ms | SSL: 2026-04-25 (30 days)
UP           | https://www.dentconceptstx.com/ | HTTP 200 | 1087ms | SSL: 2026-04-28 (33 days)
UP           | https://fincorefrigeration.com | HTTP 200 | 1587ms | SSL: 2026-05-16 (51 days)
UP           | http://rocketcitymarine.com | HTTP 200 | 1404ms | SSL: 2026-04-28 (33 days)
UP           | https://cleantechsystemsnm.com | HTTP 200 | 1727ms | SSL: 2026-04-28 (33 days)
UP           | https://www.affordablecustomgolfcarts.com/ | HTTP 200 | 739ms | SSL: 2026-06-17 (83 days)
UP           | https://greenscapeslawns.com/ | HTTP 200 | 2239ms | SSL: 2026-05-05 (40 days)
UP           | https://jtstree.com/ | HTTP 200 | 1977ms | SSL: 2026-05-11 (46 days)
UP           | https://www.dixiefenceohio.com/ | HTTP 200 | 1300ms | SSL: 2026-05-18 (53 days)
UP           | https://allkidsarespecial.net | HTTP 200 | 2190ms | SSL: 2026-05-26 (61 days)
UP           | https://sgrcalifornia.com/ | HTTP 200 | 2086ms | SSL: 2026-05-13 (48 days)
UP           | https://www.garysroofingandconst.com/ | HTTP 200 | 703ms | SSL: 2026-05-06 (41 days)
UP           | https://www.breezehvac.com/ | HTTP 200 | 1177ms | SSL: 2026-06-22 (88 days)
UP           | https://rcpoolworks.com | HTTP 200 | 1790ms | SSL: 2026-05-17 (52 days)
UP           | https://Freedomcarpet.net | HTTP 200 | 2153ms | SSL: 2026-06-17 (83 days)
UP           | https://rolandoroofing.net | HTTP 200 | 1940ms | SSL: 2026-04-08 (13 days)
UP           | http://ormondlandscaping.com/ | HTTP 200 | 2119ms | SSL: 2026-05-11 (46 days)
UP           | https://www.alliedroofingco.com/ | HTTP 200 | 836ms | SSL: 2026-04-04 (9 days)
UP           | https://www.waterheatersracinewi.com/ | HTTP 200 | 1314ms | SSL: 2026-04-16 (21 days)
UP           | https://www.atlanticdrywallandpaint.com/ | HTTP 200 | 1216ms | SSL: 2026-06-23 (89 days)
UP           | https://grantsappliancerepairllc.com/ | HTTP 200 | 2090ms | SSL: 2026-06-23 (89 days)
UP           | http://aaaexcavate.com | HTTP 200 | 1690ms | SSL: 2026-04-09 (14 days)
UP           | https://gormanandsonslandscaping.com/ | HTTP 200 | 1829ms | SSL: 2026-04-29 (34 days)
UP           | https://texasproroofing.net/ | HTTP 200 | 1567ms | SSL: 2026-04-08 (13 days)
UP           | https://www.808towing.com/ | HTTP 200 | 1307ms | SSL: 2026-05-14 (49 days)
UP           | https://www.jandbtreeservice.net/ | HTTP 200 | 879ms | SSL: 2026-04-29 (34 days)
UP           | https://sweetmountainair.co | HTTP 200 | 2224ms | SSL: 2026-05-04 (39 days)
UP           | https://www.stormprosva.com/ | HTTP 200 | 1507ms | SSL: 2026-04-29 (34 days)
UP           | https://www.atlantic217.com/ | HTTP 200 | 679ms | SSL: 2026-04-13 (18 days)
UP           | https://lakehamiltonappraisals.com/ | HTTP 200 | 2015ms | SSL: 2026-05-13 (48 days)
UP           | https://kcservicecenterpa.com | HTTP 200 | 1989ms | SSL: 2026-04-27 (32 days)
UP           | https://mobsfloorcare.com/ | HTTP 200 | 2293ms | SSL: 2026-04-05 (10 days)
UP           | https://wennigercompressor.com/ | HTTP 200 | 3488ms | SSL: 2026-04-27 (32 days)
UP           | https://mauicontainersales.com/ | HTTP 200 | 2098ms | SSL: 2026-06-02 (68 days)
UP           | https://www.24-hourrefrigeration.com/ | HTTP 200 | 1326ms | SSL: 2026-05-09 (44 days)
UP           | https://anteaterspestcontrol.net | HTTP 200 | 3088ms | SSL: 2026-04-24 (29 days)
UP           | http://furniturefixxers.com | HTTP 200 | 1645ms | SSL: 2026-05-02 (37 days)
UP           | https://www.apexgutters.com/ | HTTP 200 | 1115ms | SSL: 2026-06-16 (82 days)
UP           | https://blackdogrr.com/ | HTTP 200 | 2129ms | SSL: 2026-05-18 (53 days)
UP           | https://hogiesconstruction.com/ | HTTP 200 | 2121ms | SSL: 2026-05-27 (62 days)
UP           | https://www.askyline.com/ | HTTP 200 | 1327ms | SSL: 2026-06-09 (75 days)
UP           | https://www.dbarrsvcs.com/ | HTTP 200 | 1128ms | SSL: 2026-05-25 (60 days)
UP           | https://powellpestcontrol.net/ | HTTP 200 | 1877ms | SSL: 2026-05-26 (61 days)
UP           | https://wireguys.com | HTTP 200 | 2696ms | SSL: 2026-06-22 (88 days)
UP           | https://economysidingtn.com/ | HTTP 200 | 2341ms | SSL: 2026-05-26 (61 days)
UP           | https://rsccontracting.org/ | HTTP 200 | 2431ms | SSL: 2026-04-08 (13 days)
UP           | https://www.bhswelding.com/ | HTTP 200 | 1289ms | SSL: 2026-06-13 (79 days)
UP           | https://www.yourfamilysalon.com/ | HTTP 200 | 1274ms | SSL: 2026-04-10 (15 days)
UP           | https://www.alswelldrilling.com/ | HTTP 200 | 1158ms | SSL: 2026-06-12 (78 days)
UP           | http://customoutdoorsolutionsny.com | HTTP 200 | 2051ms | SSL: 2026-04-13 (18 days)
UP           | https://raffoulheatingandair.com | HTTP 200 | 2287ms | SSL: 2026-04-13 (18 days)
UP           | http://dynamohi.com | HTTP 200 | 2058ms | SSL: 2026-05-11 (46 days)
UP           | https://danrandandassoc.com/ | HTTP 200 | 2278ms | SSL: 2026-04-07 (12 days)
UP           | https://carbondalewoodshop.com/ | HTTP 200 | 497ms | SSL: 2026-04-30 (35 days)
UP           | https://smithhvacservices.com/index | HTTP 200 | 2670ms | SSL: 2026-06-14 (80 days)
UP           | http://www.junk-punks.com/ | HTTP 200 | 1239ms | SSL: 2026-06-22 (88 days)
UP           | https://www.fndcontracting.com | HTTP 200 | 679ms | SSL: 2026-03-28 (2 days)
UP           | http://hopelandscaping.com | HTTP 200 | 2053ms | SSL: 2026-06-18 (84 days)
UP           | https://larrysae.com | HTTP 200 | 1867ms | SSL: 2026-06-21 (87 days)
UP           | https://www.ezoutcollisioncenter.com/ | HTTP 200 | 1144ms | SSL: 2026-05-09 (44 days)
UP           | https://rsccontracting.org/ | HTTP 200 | 493ms | SSL: 2026-04-08 (13 days)
UP           | http://ccelectricbcs.com | HTTP 200 | 1942ms | SSL: 2026-05-10 (45 days)
UP           | http://ccelectricbcs.com | HTTP 200 | 1775ms | SSL: 2026-05-10 (45 days)
UP           | https://tropicglassenclosuresfl.com/ | HTTP 200 | 2007ms | SSL: 2026-04-04 (9 days)
UP           | https://www.fireflycontractor.com/ | HTTP 200 | 1177ms | SSL: 2026-04-09 (14 days)
UP           | https://www.tridentconstructiongp.com/ | HTTP 200 | 1167ms | SSL: 2026-06-20 (86 days)
UP           | https://roettgerwelding.com/ | HTTP 200 | 2258ms | SSL: 2026-04-10 (15 days)
UP           | https://azjanitorialservice.com | HTTP 200 | 2584ms | SSL: 2026-04-06 (11 days)
UP           | https://camoconstructionllc.com/ | HTTP 200 | 3026ms | SSL: 2026-04-29 (34 days)
UP           | https://totalcomfortcleaners.com | HTTP 200 | 2953ms | SSL: 2026-04-30 (35 days)
UP           | https://www.brianemmonsroofing.com/ | HTTP 200 | 1725ms | SSL: 2026-06-19 (85 days)
UP           | https://www.customelitedetailcarwash.com/ | HTTP 200 | 1249ms | SSL: 2026-04-20 (25 days)
UP           | https://www.noatoutdoorliving.com/ | HTTP 200 | 812ms | SSL: 2026-04-24 (29 days)
UP           | https://southfloridadockandseawall.com | HTTP 200 | 3041ms | SSL: 2026-06-14 (80 days)
UP           | https://www.rselectricms.com | HTTP 200 | 971ms | SSL: 2026-04-30 (35 days)
UP           | http://allbrightcleaningkc.com | HTTP 200 | 1800ms | SSL: 2026-06-10 (76 days)
UP           | https://paintingbypros.com/ | HTTP 200 | 1642ms | SSL: 2026-04-30 (35 days)
UP           | https://www.ancientcitygaragedoors.com | HTTP 200 | 738ms | SSL: 2026-05-08 (43 days)
UP           | https://www.mikeandmikeroofing.com/ | HTTP 200 | 881ms | SSL: 2026-05-03 (38 days)
UP           | https://maxpressfoundationrepair.com/ | HTTP 200 | 2107ms | SSL: 2026-06-13 (79 days)
UP           | https://offshorepropertyservices.com | HTTP 200 | 2727ms | SSL: 2026-06-18 (84 days)
UP           | http://dynamohi.com | HTTP 200 | 480ms | SSL: 2026-05-11 (46 days)
UP           | https://patdollautomotivewi.com/ | HTTP 200 | 3521ms | SSL: 2026-05-31 (66 days)
UP           | http://renewconstructionnm.com | HTTP 200 | 944ms | SSL: 2026-06-18 (84 days)
UP           | http://seaboardrestoration.com/ | HTTP 200 | 3635ms | SSL: 2026-05-11 (46 days)
UP           | https://www.fisherhomeinspectionsllc.com/ | HTTP 200 | 1540ms | SSL: 2026-06-13 (79 days)
UP           | https://www.jmplumbersinc.com/ | HTTP 200 | 1185ms | SSL: 2026-04-16 (21 days)
UP           | https://finishlineautotire.com/ | HTTP 200 | 2334ms | SSL: 2026-05-16 (51 days)
UP           | http://vitosexpress.com | HTTP 200 | 2611ms | SSL: 2026-06-13 (79 days)
UP           | https://www.thesignsolution.net/ | HTTP 200 | 789ms | SSL: 2026-06-21 (87 days)
UP           | https://bagremodelers.com/ | HTTP 200 | 2171ms | SSL: 2026-06-14 (80 days)
UP           | https://www.problemtree.com | HTTP 200 | 804ms | SSL: 2026-06-13 (79 days)
UP           | https://capri-wash.com | HTTP 200 | 2324ms | SSL: 2026-06-14 (80 days)
UP           | https://landscapeofbrainerd.com/ | HTTP 200 | 1746ms | SSL: 2026-04-26 (31 days)
UP           | https://totalpackagelandscapeworksllc.com | HTTP 200 | 2069ms | SSL: 2026-04-13 (18 days)
UP           | https://acesandblasting.co/ | HTTP 200 | 1752ms | SSL: 2026-06-22 (88 days)
UP           | https://5startexasroofing.com/ | HTTP 200 | 2396ms | SSL: 2026-04-23 (28 days)
UP           | https://caudletreeservice.com/ | HTTP 200 | 1858ms | SSL: 2026-04-14 (18 days)
UP           | https://www.bayoustatemoving.com/ | HTTP 200 | 857ms | SSL: 2026-04-20 (25 days)
UP           | https://www.1classproperties.com/ | HTTP 200 | 830ms | SSL: 2026-04-23 (28 days)
UP           | https://www.1classrealty.com/ | HTTP 200 | 1149ms | SSL: 2026-04-23 (28 days)
UP           | https://www.aimhighdetailing.com/ | HTTP 200 | 735ms | SSL: 2026-04-19 (24 days)
UP           | https://www.tampablindsbydesign.com/ | HTTP 200 | 1008ms | SSL: 2026-05-04 (39 days)
ERROR        | http://thelocalplumber.com | HTTP 403 | 4842ms | SSL: 
UP           | https://frontieraircon.com/ | HTTP 200 | 2056ms | SSL: 2026-05-17 (52 days)
UP           | https://www.saltlakecitycabinetry.com/ | HTTP 200 | 863ms | SSL: 2026-05-19 (54 days)
UP           | https://mantispestma.com | HTTP 200 | 2641ms | SSL: 2026-04-25 (30 days)
UP           | https://tyslandscapingiowa.com | HTTP 200 | 2463ms | SSL: 2026-04-24 (29 days)
UP           | https://www.herrwelldrillingwi.com/ | HTTP 200 | 911ms | SSL: 2026-06-08 (74 days)
UP           | https://www.problemtree.com/ | HTTP 200 | 214ms | SSL: 2026-06-13 (79 days)
UP           | https://tandkventures.com/ | HTTP 200 | 1572ms | SSL: 2026-06-17 (83 days)
UP           | http://muddyriversconcrete.com | HTTP 200 | 1655ms | SSL: 2026-06-09 (75 days)
UP           | https://accurateandconfidentialtaxservice.com/ | HTTP 200 | 1980ms | SSL: 2026-06-22 (88 days)
UP           | https://mcneelytreeservice.com/ | HTTP 200 | 1570ms | SSL: 2026-06-17 (83 days)
UP           | https://www.mvpgardencenter.com/ | HTTP 200 | 761ms | SSL: 2026-06-14 (80 days)
ERROR        | https://abccarpetcleanerssd.com | HTTP 404 | 927ms | SSL: 2026-06-20 (86 days)
Summary: 237 UP | 2 ERROR | 1 DOWN | 0 UNVERIFIABLE
