=== 2026-04-29 10:12:31 ===
UP           | https://offshorepropertyservices.com | HTTP 200 | 512ms | SSL: 2026-06-18 (50 days)
DOWN         | http://seaboardrestoration.com/ | ERROR: Get "http://seaboardrestoration.com/": dial tcp: lookup seaboardrestoration.com on 127.0.0.53:53: no such host
UP           | https://platinumpaintingandserviceinc.com | HTTP 200 | 571ms | SSL: 2026-07-10 (71 days)
UP           | https://aandbauctionservices.com | HTTP 200 | 550ms | SSL: 2026-07-02 (63 days)
UP           | http://reidheatingandair.com | HTTP 200 | 399ms | SSL: 2026-07-20 (82 days)
UP           | https://pristineccs.com/ | HTTP 200 | 488ms | SSL: 2026-07-20 (82 days)
UP           | https://westcoastdents.com | HTTP 200 | 542ms | SSL: 2026-05-08 (9 days)
UP           | https://catoiletwhisperer.com | HTTP 200 | 26ms | SSL: 2026-06-09 (40 days)
UP           | https://ivyheatingandair.com | HTTP 200 | 499ms | SSL: 2026-06-26 (57 days)
UP           | https://primaryheatingandcooling.com | HTTP 200 | 619ms | SSL: 2026-07-07 (68 days)
UP           | https://businessnotions.com/ | HTTP 200 | 536ms | SSL: 2026-07-24 (86 days)
UP           | https://www.butzwelding.com | HTTP 200 | 388ms | SSL: 2026-06-30 (61 days)
UP           | https://brimicfoundation.com/ | HTTP 200 | 676ms | SSL: 2026-07-02 (64 days)
UP           | https://endlesssummercharters.com/ | HTTP 200 | 552ms | SSL: 2026-07-26 (87 days)
UP           | https://thekiddiekornerboutique.com | HTTP 200 | 246ms | SSL: 2026-05-07 (7 days)
UP           | https://safloralelegance.com | HTTP 200 | 705ms | SSL: 2026-07-16 (77 days)
UP           | http://allbrandsheatingandcooling.com | HTTP 200 | 399ms | SSL: 2026-07-06 (68 days)
UP           | http://plumbersouthfl.com | HTTP 200 | 460ms | SSL: 2026-07-14 (76 days)
UP           | http://wjauction.com | HTTP 200 | 398ms | SSL: 2026-07-14 (76 days)
UP           | https://txpanhandlelogistics.com | HTTP 200 | 742ms | SSL: 2026-07-15 (77 days)
UP           | https://mullinstruckingllc.com/ | HTTP 200 | 6789ms | SSL: 2026-05-18 (18 days)
UP           | https://fratiplumbing.net | HTTP 200 | 459ms | SSL: 2026-07-24 (86 days)
UP           | https://loganshouse.com/ | HTTP 200 | 730ms | SSL: 2026-07-22 (84 days)
UP           | http://plantsunlimiteddurham.com | HTTP 200 | 703ms | SSL: 2026-05-12 (12 days)
UP           | http://protechdiesel.biz/ | HTTP 200 | 413ms | SSL: 2026-05-18 (18 days)
UP           | https://cherrycreekshadesanddraperys.com | HTTP 200 | 473ms | SSL: 2026-07-25 (86 days)
UP           | https://centralmotorsale.com | HTTP 200 | 487ms | SSL: 2026-05-07 (7 days)
UP           | https://jsaengineers.com | HTTP 200 | 485ms | SSL: 2026-05-19 (19 days)
UP           | https://boilertechnologies.com | HTTP 200 | 545ms | SSL: 2026-07-05 (67 days)
UP           | https://trucarma.com/ | HTTP 200 | 509ms | SSL: 2026-06-25 (56 days)
UP           | https://wyomingarmoredservice.com | HTTP 200 | 495ms | SSL: 2026-06-12 (43 days)
UP           | https://brvparkpropane.com/ | HTTP 200 | 494ms | SSL: 2026-07-27 (88 days)
UP           | https://primeappraisalsmi.com | HTTP 200 | 484ms | SSL: 2026-06-21 (53 days)
UP           | https://newenglandgroupctinc.com | HTTP 200 | 698ms | SSL: 2026-06-25 (57 days)
UP           | https://www.napavalleyfitness.com | HTTP 200 | 237ms | SSL: 2026-07-13 (75 days)
UP           | https://www.prosidingandwindows.net/ | HTTP 200 | 229ms | SSL: 2026-07-24 (85 days)
UP           | https://www.eocatx.com/ | HTTP 200 | 234ms | SSL: 2026-06-28 (59 days)
UP           | https://www.drainrooterplumbingsd.com/ | HTTP 200 | 227ms | SSL: 2026-06-16 (47 days)
UP           | https://glassimpressionslv.com | HTTP 200 | 505ms | SSL: 2026-07-04 (65 days)
UP           | https://shultarchitect.com | HTTP 200 | 513ms | SSL: 2026-05-27 (28 days)
UP           | https://inthemix-adc.com | HTTP 200 | 6812ms | SSL: 2026-05-26 (27 days)
UP           | https://www.sexton-repairs.com/ | HTTP 200 | 292ms | SSL: 2026-06-27 (58 days)
UP           | https://fraserplumbingarkansas.com/ | HTTP 200 | 567ms | SSL: 2026-07-04 (66 days)
UP           | https://foothillsmachininginc.com | HTTP 200 | 520ms | SSL: 2026-07-20 (81 days)
UP           | https://rangerenovation.com | HTTP 200 | 494ms | SSL: 2026-05-08 (8 days)
UP           | https://modelcoelectric.com/ | HTTP 200 | 487ms | SSL: 2026-05-16 (16 days)
UP           | https://conveyor-tek.com | HTTP 200 | 554ms | SSL: 2026-05-09 (9 days)
UP           | http://longspest.com | HTTP 200 | 477ms | SSL: 2026-06-22 (53 days)
UP           | https://spindledynamicsaxlerepair.com | HTTP 200 | 663ms | SSL: 2026-05-16 (16 days)
UP           | https://mevoutdoor.com/ | HTTP 200 | 669ms | SSL: 2026-06-23 (54 days)
UP           | https://greenbushpros.com/ | HTTP 200 | 508ms | SSL: 2026-07-02 (63 days)
UP           | https://harveysarlesinsurance.com/ | HTTP 200 | 571ms | SSL: 2026-06-19 (51 days)
UP           | http://affordablerooter.com/ | HTTP 200 | 491ms | SSL: 2026-05-19 (20 days)
UP           | https://thomasmccannlaw.com | HTTP 200 | 534ms | SSL: 2026-07-24 (85 days)
UP           | https://southshoretruckrepair.com | HTTP 200 | 6725ms | SSL: 2026-06-08 (40 days)
UP           | https://pacificgaragerepair.com | HTTP 200 | 6696ms | SSL: 2026-06-21 (52 days)
UP           | https://www.thespringking.net/ | HTTP 200 | 244ms | SSL: 2026-06-29 (61 days)
UP           | https://www.hansmotosports.com/ | HTTP 200 | 234ms | SSL: 2026-06-19 (50 days)
UP           | https://www.advancedalarmlock.com | HTTP 200 | 278ms | SSL: 2026-05-09 (9 days)
UP           | https://www.amishstonefirepits.com/ | HTTP 200 | 351ms | SSL: 2026-07-26 (87 days)
UP           | https://www.noatoutdoorliving.com/ | HTTP 200 | 302ms | SSL: 2026-07-16 (78 days)
UP           | https://campbellhuitt.com | HTTP 200 | 536ms | SSL: 2026-06-29 (61 days)
UP           | https://www.bulldogmovingclt.com/ | HTTP 200 | 353ms | SSL: 2026-06-15 (47 days)
DOWN         | https://terseptic.com | ERROR: Get "https://terseptic.com": tls: failed to verify certificate: x509: certificate is valid for broken-ssl.multiscreensite.com, not terseptic.com
UP           | https://www.nmwcattorneys.com/ | HTTP 200 | 330ms | SSL: 2026-07-04 (65 days)
UP           | https://www.jandpbikeshop.com/ | HTTP 200 | 274ms | SSL: 2026-06-14 (46 days)
UP           | https://angelabrowderhomecare.com/ | HTTP 200 | 498ms | SSL: 2026-06-14 (46 days)
UP           | https://www.5pointslandscaping.com/ | HTTP 200 | 280ms | SSL: 2026-06-14 (46 days)
UP           | https://carpettechcleaning.com | HTTP 200 | 546ms | SSL: 2026-05-09 (9 days)
UP           | https://www.mtccpressurewashing.com/ | HTTP 200 | 348ms | SSL: 2026-07-01 (63 days)
UP           | https://ochoaelectricsandiego.com | HTTP 200 | 475ms | SSL: 2026-05-19 (19 days)
UP           | https://vanityfairbaths.com | HTTP 200 | 553ms | SSL: 2026-07-10 (72 days)
UP           | https://www.asapcontainers.com/ | HTTP 200 | 275ms | SSL: 2026-07-10 (71 days)
UP           | https://www.boyleheatingandcooling.net/ | HTTP 200 | 713ms | SSL: 2026-07-06 (68 days)
UP           | https://www.zulaufconstruction.com | HTTP 200 | 261ms | SSL: 2026-07-06 (68 days)
UP           | https://www.carpetcleaningomaha.com | HTTP 200 | 273ms | SSL: 2026-07-20 (81 days)
UP           | https://cakeschocolatesandmore.com/ | HTTP 200 | 529ms | SSL: 2026-07-26 (87 days)
UP           | https://www.victorytireauto.com | HTTP 200 | 234ms | SSL: 2026-05-07 (7 days)
UP           | https://windsorlimo.com | HTTP 200 | 590ms | SSL: 2026-05-11 (12 days)
UP           | https://www.howieglass.com/ | HTTP 200 | 226ms | SSL: 2026-06-14 (45 days)
UP           | https://www.xlsavebig.com | HTTP 200 | 340ms | SSL: 2026-07-05 (67 days)
UP           | https://www.oxicleaners.com | HTTP 200 | 290ms | SSL: 2026-05-08 (8 days)
UP           | https://petstylessalonandspa.com | HTTP 200 | 571ms | SSL: 2026-07-18 (79 days)
UP           | https://www.riverbluffcanecorsos.com | HTTP 200 | 222ms | SSL: 2026-07-26 (87 days)
UP           | https://stoversflooringanddraperycenter.com/ | HTTP 200 | 461ms | SSL: 2026-07-20 (81 days)
UP           | http://www.aseyourlight.com | HTTP 200 | 417ms | SSL: 2026-07-26 (87 days)
UP           | https://www.missouriglassinc.com/ | HTTP 200 | 301ms | SSL: 2026-06-27 (59 days)
UP           | https://www.coddingtonlock.com/ | HTTP 200 | 270ms | SSL: 2026-06-20 (52 days)
ERROR        | https://www.andyperuginos.com/ | HTTP 404 | 238ms | SSL: 2026-06-30 (62 days)
UP           | https://tntcarpetcleaners.com | HTTP 200 | 480ms | SSL: 2026-07-07 (68 days)
UP           | https://www.opsct.com | HTTP 200 | 316ms | SSL: 2026-06-29 (61 days)
UP           | https://securitycompanyms.com | HTTP 200 | 553ms | SSL: 2026-07-18 (80 days)
UP           | https://abbottscatering.com | HTTP 200 | 601ms | SSL: 2026-07-12 (74 days)
UP           | https://timothymwilliamslaw.com | HTTP 200 | 627ms | SSL: 2026-07-08 (70 days)
DOWN         | https://www.garyhuebnerlaw.com/ | ERROR: Get "https://www.garyhuebnerlaw.com/": tls: failed to verify certificate: x509: certificate is valid for broken-ssl.multiscreensite.com, not www.garyhuebnerlaw.com
UP           | https://www.thepoisonivyguy.com/ | HTTP 200 | 300ms | SSL: 2026-05-11 (12 days)
UP           | https://parkpharmacyrx.com | HTTP 200 | 600ms | SSL: 2026-07-25 (87 days)
UP           | https://gillettesignworks.com | HTTP 200 | 503ms | SSL: 2026-05-14 (15 days)
UP           | https://www.richroofing.com/ | HTTP 200 | 266ms | SSL: 2026-07-27 (89 days)
UP           | http://lassiterelectric.com | HTTP 200 | 516ms | SSL: 2026-05-11 (12 days)
UP           | https://www.fatpocketpawn.biz | HTTP 200 | 321ms | SSL: 2026-05-14 (15 days)
UP           | https://lockhartaircare.com | HTTP 200 | 616ms | SSL: 2026-06-20 (51 days)
UP           | https://www.eaglewaterfiltration.com/ | HTTP 200 | 240ms | SSL: 2026-06-20 (51 days)
UP           | https://www.epsteinspaint.com/ | HTTP 200 | 359ms | SSL: 2026-06-13 (45 days)
UP           | https://www.appliancereliancellc.com/ | HTTP 200 | 274ms | SSL: 2026-07-02 (64 days)
UP           | https://www.timworthystransmissionrepairs.com/ | HTTP 200 | 260ms | SSL: 2026-06-27 (59 days)
UP           | https://www.cashgoldnj.com | HTTP 200 | 237ms | SSL: 2026-06-30 (61 days)
UP           | https://dlacupuncture.com | HTTP 200 | 508ms | SSL: 2026-07-10 (72 days)
UP           | https://www.rockyhillmeats.com/ | HTTP 200 | 310ms | SSL: 2026-07-14 (75 days)
UP           | https://www.absheatingandairconditioning.com/ | HTTP 200 | 265ms | SSL: 2026-05-15 (16 days)
UP           | https://tcpestsolutions.com/ | HTTP 200 | 526ms | SSL: 2026-06-12 (44 days)
UP           | https://www.tempbydesign.com/ | HTTP 200 | 231ms | SSL: 2026-06-30 (62 days)
UP           | https://tavosconstructionllc.com/ | HTTP 200 | 531ms | SSL: 2026-06-28 (59 days)
DOWN         | https://www.eastgeorgiatreeservice.com/ | ERROR: Head "https://www.eastgeorgiatreeservice.com/": EOF
UP           | https://coastalcabinetsandgranite.com/ | HTTP 200 | 476ms | SSL: 2026-07-20 (82 days)
ERROR        | https://www.r7electricutah.com/ | HTTP 404 | 244ms | SSL: 2026-07-18 (80 days)
UP           | https://preferredremodeling.net/ | HTTP 200 | 671ms | SSL: 2026-07-07 (69 days)
UP           | https://www.jml-electric.com | HTTP 200 | 234ms | SSL: 2026-07-11 (73 days)
UP           | http://resto-pros.net | HTTP 200 | 448ms | SSL: 2026-07-07 (69 days)
UP           | http://scconstruction.info | HTTP 200 | 96ms | SSL: 2026-07-02 (64 days)
UP           | https://www.porteroutdoorservices.com/ | HTTP 200 | 234ms | SSL: 2026-07-27 (88 days)
UP           | http://killswitchauto.com | HTTP 200 | 450ms | SSL: 2026-07-04 (66 days)
UP           | https://coxdecorativeconcrete.com/ | HTTP 200 | 563ms | SSL: 2026-05-18 (18 days)
UP           | http://charlesfulkroaddisposal.com | HTTP 200 | 452ms | SSL: 2026-07-15 (76 days)
UP           | https://wireguyselectric.com/ | HTTP 200 | 532ms | SSL: 2026-07-17 (79 days)
UP           | https://www.dentconceptstx.com/ | HTTP 200 | 232ms | SSL: 2026-07-20 (81 days)
UP           | https://fincorefrigeration.com | HTTP 200 | 486ms | SSL: 2026-05-16 (17 days)
UP           | http://rocketcitymarine.com | HTTP 200 | 396ms | SSL: 2026-07-20 (82 days)
UP           | https://cleantechsystemsnm.com | HTTP 200 | 463ms | SSL: 2026-07-20 (82 days)
UP           | https://www.affordablecustomgolfcarts.com/ | HTTP 200 | 277ms | SSL: 2026-06-17 (49 days)
UP           | https://greenscapeslawns.com/ | HTTP 200 | 479ms | SSL: 2026-07-27 (89 days)
UP           | https://jtstree.com/ | HTTP 200 | 462ms | SSL: 2026-05-11 (12 days)
UP           | https://www.dixiefenceohio.com/ | HTTP 200 | 377ms | SSL: 2026-05-18 (19 days)
UP           | https://allkidsarespecial.net | HTTP 200 | 6659ms | SSL: 2026-05-26 (27 days)
UP           | https://sgrcalifornia.com/ | HTTP 200 | 488ms | SSL: 2026-05-13 (14 days)
UP           | https://www.garysroofingandconst.com/ | HTTP 200 | 226ms | SSL: 2026-05-06 (7 days)
UP           | https://www.breezehvac.com/ | HTTP 200 | 266ms | SSL: 2026-06-22 (54 days)
UP           | https://rcpoolworks.com | HTTP 200 | 553ms | SSL: 2026-05-17 (18 days)
UP           | https://Freedomcarpet.net | HTTP 200 | 474ms | SSL: 2026-06-17 (49 days)
UP           | https://rolandoroofing.net | HTTP 200 | 480ms | SSL: 2026-06-30 (62 days)
UP           | http://ormondlandscaping.com/ | HTTP 200 | 433ms | SSL: 2026-05-11 (12 days)
UP           | https://www.alliedroofingco.com/ | HTTP 200 | 231ms | SSL: 2026-06-26 (58 days)
UP           | https://www.waterheatersracinewi.com/ | HTTP 200 | 282ms | SSL: 2026-07-08 (70 days)
UP           | https://www.atlanticdrywallandpaint.com/ | HTTP 200 | 274ms | SSL: 2026-06-23 (55 days)
UP           | https://grantsappliancerepairllc.com/ | HTTP 200 | 539ms | SSL: 2026-06-23 (55 days)
UP           | http://aaaexcavate.com | HTTP 200 | 404ms | SSL: 2026-07-01 (63 days)
UP           | https://gormanandsonslandscaping.com/ | HTTP 200 | 472ms | SSL: 2026-07-21 (83 days)
UP           | https://texasproroofing.net/ | HTTP 200 | 484ms | SSL: 2026-06-30 (62 days)
UP           | https://www.808towing.com/ | HTTP 200 | 292ms | SSL: 2026-05-14 (15 days)
UP           | https://www.jandbtreeservice.net/ | HTTP 200 | 6349ms | SSL: 2026-07-21 (82 days)
UP           | https://sweetmountainair.co | HTTP 200 | 463ms | SSL: 2026-07-26 (88 days)
UP           | https://www.stormprosva.com/ | HTTP 200 | 237ms | SSL: 2026-07-21 (82 days)
UP           | https://www.atlantic217.com/ | HTTP 200 | 304ms | SSL: 2026-07-05 (67 days)
UP           | https://lakehamiltonappraisals.com/ | HTTP 200 | 532ms | SSL: 2026-05-13 (14 days)
UP           | https://kcservicecenterpa.com | HTTP 200 | 524ms | SSL: 2026-07-19 (81 days)
UP           | https://mobsfloorcare.com/ | HTTP 200 | 534ms | SSL: 2026-06-27 (59 days)
UP           | https://wennigercompressor.com/ | HTTP 200 | 497ms | SSL: 2026-07-19 (80 days)
UP           | https://mauicontainersales.com/ | HTTP 200 | 492ms | SSL: 2026-06-02 (34 days)
UP           | https://www.24-hourrefrigeration.com/ | HTTP 200 | 236ms | SSL: 2026-05-09 (10 days)
UP           | https://anteaterspestcontrol.net | HTTP 200 | 534ms | SSL: 2026-07-16 (78 days)
UP           | http://furniturefixxers.com | HTTP 200 | 461ms | SSL: 2026-07-24 (85 days)
UP           | https://www.apexgutters.com/ | HTTP 200 | 259ms | SSL: 2026-06-16 (48 days)
UP           | https://blackdogrr.com/ | HTTP 200 | 511ms | SSL: 2026-05-18 (19 days)
UP           | https://hogiesconstruction.com/ | HTTP 200 | 577ms | SSL: 2026-05-27 (28 days)
UP           | https://www.askyline.com/ | HTTP 200 | 360ms | SSL: 2026-06-24 (56 days)
UP           | https://www.dbarrsvcs.com/ | HTTP 200 | 295ms | SSL: 2026-05-25 (26 days)
UP           | https://powellpestcontrol.net/ | HTTP 200 | 532ms | SSL: 2026-05-26 (27 days)
UP           | https://wireguys.com | HTTP 200 | 615ms | SSL: 2026-06-22 (54 days)
UP           | https://economysidingtn.com/ | HTTP 200 | 461ms | SSL: 2026-05-26 (27 days)
UP           | https://rsccontracting.org/ | HTTP 200 | 528ms | SSL: 2026-06-30 (62 days)
UP           | https://www.bhswelding.com/ | HTTP 200 | 233ms | SSL: 2026-06-13 (45 days)
UP           | https://www.yourfamilysalon.com/ | HTTP 200 | 242ms | SSL: 2026-07-02 (64 days)
UP           | https://www.alswelldrilling.com/ | HTTP 200 | 245ms | SSL: 2026-06-12 (44 days)
UP           | http://customoutdoorsolutionsny.com | HTTP 200 | 605ms | SSL: 2026-07-05 (67 days)
UP           | https://raffoulheatingandair.com | HTTP 200 | 517ms | SSL: 2026-07-05 (67 days)
UP           | http://dynamohi.com | HTTP 200 | 407ms | SSL: 2026-05-11 (12 days)
UP           | https://danrandandassoc.com/ | HTTP 200 | 508ms | SSL: 2026-06-30 (62 days)
UP           | https://carbondalewoodshop.com/ | HTTP 200 | 519ms | SSL: 2026-07-17 (78 days)
UP           | https://smithhvacservices.com/index | HTTP 200 | 757ms | SSL: 2026-06-14 (46 days)
UP           | http://www.junk-punks.com/ | HTTP 200 | 578ms | SSL: 2026-07-22 (84 days)
UP           | https://www.fndcontracting.com | HTTP 200 | 349ms | SSL: 2026-06-28 (59 days)
UP           | http://hopelandscaping.com | HTTP 200 | 447ms | SSL: 2026-06-18 (50 days)
UP           | https://larrysae.com | HTTP 200 | 612ms | SSL: 2026-06-21 (53 days)
UP           | https://www.ezoutcollisioncenter.com/ | HTTP 200 | 268ms | SSL: 2026-05-09 (10 days)
UP           | https://rsccontracting.org/ | HTTP 200 | 143ms | SSL: 2026-06-30 (62 days)
UP           | http://ccelectricbcs.com | HTTP 200 | 403ms | SSL: 2026-05-10 (11 days)
UP           | http://ccelectricbcs.com | HTTP 200 | 400ms | SSL: 2026-05-10 (11 days)
UP           | https://tropicglassenclosuresfl.com/ | HTTP 200 | 672ms | SSL: 2026-06-26 (58 days)
UP           | https://www.fireflycontractor.com/ | HTTP 200 | 278ms | SSL: 2026-07-01 (63 days)
UP           | https://www.tridentconstructiongp.com/ | HTTP 200 | 247ms | SSL: 2026-06-20 (52 days)
UP           | https://roettgerwelding.com/ | HTTP 200 | 471ms | SSL: 2026-07-02 (64 days)
UP           | https://azjanitorialservice.com | HTTP 200 | 760ms | SSL: 2026-06-28 (60 days)
UP           | https://camoconstructionllc.com/ | HTTP 200 | 508ms | SSL: 2026-07-21 (83 days)
UP           | https://totalcomfortcleaners.com | HTTP 200 | 720ms | SSL: 2026-07-22 (84 days)
UP           | https://www.brianemmonsroofing.com/ | HTTP 200 | 413ms | SSL: 2026-06-19 (50 days)
UP           | https://www.customelitedetailcarwash.com/ | HTTP 200 | 235ms | SSL: 2026-07-12 (74 days)
UP           | https://www.noatoutdoorliving.com/ | HTTP 200 | 204ms | SSL: 2026-07-16 (78 days)
UP           | https://southfloridadockandseawall.com | HTTP 200 | 498ms | SSL: 2026-06-14 (46 days)
UP           | https://www.rselectricms.com | HTTP 200 | 243ms | SSL: 2026-07-22 (84 days)
UP           | http://allbrightcleaningkc.com | HTTP 200 | 457ms | SSL: 2026-06-10 (42 days)
UP           | https://paintingbypros.com/ | HTTP 200 | 538ms | SSL: 2026-07-22 (84 days)
UP           | https://www.ancientcitygaragedoors.com | HTTP 200 | 229ms | SSL: 2026-05-08 (9 days)
UP           | https://www.mikeandmikeroofing.com/ | HTTP 200 | 294ms | SSL: 2026-06-29 (61 days)
UP           | https://maxpressfoundationrepair.com/ | HTTP 200 | 597ms | SSL: 2026-06-13 (45 days)
UP           | https://offshorepropertyservices.com | HTTP 200 | 582ms | SSL: 2026-06-18 (50 days)
UP           | http://dynamohi.com | HTTP 200 | 1483ms | SSL: 2026-05-11 (12 days)
UP           | https://patdollautomotivewi.com/ | HTTP 200 | 499ms | SSL: 2026-05-31 (32 days)
UP           | http://renewconstructionnm.com | HTTP 200 | 319ms | SSL: 2026-06-18 (49 days)
DOWN         | http://seaboardrestoration.com/ | ERROR: Get "http://seaboardrestoration.com/": dial tcp: lookup seaboardrestoration.com on 127.0.0.53:53: no such host
UP           | https://www.fisherhomeinspectionsllc.com/ | HTTP 200 | 303ms | SSL: 2026-06-13 (45 days)
UP           | https://www.jmplumbersinc.com/ | HTTP 200 | 238ms | SSL: 2026-07-08 (70 days)
UP           | https://finishlineautotire.com/ | HTTP 200 | 566ms | SSL: 2026-05-16 (17 days)
UP           | http://vitosexpress.com | HTTP 200 | 494ms | SSL: 2026-06-13 (45 days)
UP           | https://www.thesignsolution.net/ | HTTP 200 | 269ms | SSL: 2026-06-21 (53 days)
UP           | https://bagremodelers.com/ | HTTP 200 | 528ms | SSL: 2026-06-14 (46 days)
UP           | https://www.problemtree.com | HTTP 200 | 270ms | SSL: 2026-06-13 (45 days)
UP           | https://capri-wash.com | HTTP 200 | 500ms | SSL: 2026-06-14 (46 days)
UP           | https://landscapeofbrainerd.com/ | HTTP 200 | 531ms | SSL: 2026-07-18 (80 days)
UP           | https://totalpackagelandscapeworksllc.com | HTTP 200 | 564ms | SSL: 2026-07-05 (67 days)
UP           | https://acesandblasting.co/ | HTTP 200 | 453ms | SSL: 2026-06-22 (54 days)
UP           | https://5startexasroofing.com/ | HTTP 200 | 463ms | SSL: 2026-07-15 (77 days)
UP           | https://caudletreeservice.com/ | HTTP 200 | 596ms | SSL: 2026-07-06 (67 days)
UP           | https://www.bayoustatemoving.com/ | HTTP 200 | 267ms | SSL: 2026-07-12 (74 days)
UP           | https://www.1classproperties.com/ | HTTP 200 | 336ms | SSL: 2026-07-15 (77 days)
UP           | https://www.1classrealty.com/ | HTTP 200 | 311ms | SSL: 2026-07-15 (77 days)
UNVERIFIABLE | https://www.aimhighdetailing.com/ | HTTP 200 | 217ms | SSL: 2026-07-11 (73 days)
UP           | https://www.tampablindsbydesign.com/ | HTTP 200 | 236ms | SSL: 2026-07-26 (88 days)
UP           | http://thelocalplumber.com | HTTP 200 | 487ms | SSL: 2026-07-02 (64 days)
UP           | https://frontieraircon.com/ | HTTP 200 | 579ms | SSL: 2026-05-17 (18 days)
UP           | https://www.saltlakecitycabinetry.com/ | HTTP 200 | 237ms | SSL: 2026-05-19 (20 days)
UP           | https://mantispestma.com | HTTP 200 | 948ms | SSL: 2026-07-17 (79 days)
UP           | https://tyslandscapingiowa.com | HTTP 200 | 540ms | SSL: 2026-07-16 (78 days)
UP           | https://www.herrwelldrillingwi.com/ | HTTP 200 | 233ms | SSL: 2026-06-08 (40 days)
UNVERIFIABLE | https://www.problemtree.com/ | HTTP 200 | 263ms | SSL: 2026-06-13 (45 days)
UP           | https://tandkventures.com/ | HTTP 200 | 732ms | SSL: 2026-06-24 (56 days)
UP           | http://muddyriversconcrete.com | HTTP 200 | 477ms | SSL: 2026-06-09 (41 days)
UP           | https://accurateandconfidentialtaxservice.com/ | HTTP 200 | 536ms | SSL: 2026-06-22 (54 days)
UP           | https://mcneelytreeservice.com/ | HTTP 200 | 812ms | SSL: 2026-06-17 (48 days)
UP           | https://www.mvpgardencenter.com/ | HTTP 200 | 275ms | SSL: 2026-06-14 (46 days)
DOWN         | https://abccarpetcleanerssd.com | ERROR: Head "https://abccarpetcleanerssd.com": EOF
Summary: 230 UP | 2 ERROR | 6 DOWN | 2 UNVERIFIABLE
