=== 2026-05-09 09:25:28 ===
UP           | https://offshorepropertyservices.com | HTTP 200 | 704ms | SSL: 2026-06-18 (40 days)
DOWN         | http://seaboardrestoration.com/ | ERROR: Get "http://seaboardrestoration.com/": dial tcp: lookup seaboardrestoration.com on 127.0.0.53:53: no such host
UP           | https://platinumpaintingandserviceinc.com | HTTP 200 | 658ms | SSL: 2026-07-10 (61 days)
UP           | https://aandbauctionservices.com | HTTP 200 | 6744ms | SSL: 2026-07-02 (53 days)
UP           | http://reidheatingandair.com | HTTP 200 | 576ms | SSL: 2026-07-20 (72 days)
UP           | https://pristineccs.com/ | HTTP 200 | 649ms | SSL: 2026-07-20 (72 days)
UP           | https://westcoastdents.com | HTTP 200 | 569ms | SSL: 2026-07-30 (82 days)
UP           | https://catoiletwhisperer.com | HTTP 200 | 158ms | SSL: 2026-06-09 (30 days)
UP           | https://ivyheatingandair.com | HTTP 200 | 582ms | SSL: 2026-06-26 (47 days)
UP           | https://primaryheatingandcooling.com | HTTP 200 | 679ms | SSL: 2026-07-07 (58 days)
UP           | https://businessnotions.com/ | HTTP 200 | 670ms | SSL: 2026-07-24 (76 days)
UP           | https://www.butzwelding.com | HTTP 200 | 442ms | SSL: 2026-06-30 (51 days)
UP           | https://brimicfoundation.com/ | HTTP 200 | 598ms | SSL: 2026-07-02 (54 days)
UP           | https://endlesssummercharters.com/ | HTTP 200 | 681ms | SSL: 2026-07-26 (77 days)
UP           | https://thekiddiekornerboutique.com | HTTP 200 | 229ms | SSL: 2026-07-29 (80 days)
UP           | https://safloralelegance.com | HTTP 200 | 727ms | SSL: 2026-07-16 (67 days)
UP           | http://allbrandsheatingandcooling.com | HTTP 200 | 522ms | SSL: 2026-07-06 (58 days)
UP           | http://plumbersouthfl.com | HTTP 200 | 568ms | SSL: 2026-07-14 (66 days)
UP           | http://wjauction.com | HTTP 200 | 616ms | SSL: 2026-07-14 (66 days)
UP           | https://txpanhandlelogistics.com | HTTP 200 | 705ms | SSL: 2026-07-15 (67 days)
UP           | https://mullinstruckingllc.com/ | HTTP 200 | 524ms | SSL: 2026-05-18 (8 days)
UP           | https://fratiplumbing.net | HTTP 200 | 691ms | SSL: 2026-07-24 (76 days)
UP           | https://loganshouse.com/ | HTTP 200 | 732ms | SSL: 2026-07-22 (74 days)
UP           | http://plantsunlimiteddurham.com | HTTP 200 | 494ms | SSL: 2026-08-03 (85 days)
UP           | http://protechdiesel.biz/ | HTTP 200 | 921ms | SSL: 2026-05-18 (8 days)
UP           | https://cherrycreekshadesanddraperys.com | HTTP 200 | 538ms | SSL: 2026-07-25 (76 days)
UP           | https://centralmotorsale.com | HTTP 200 | 537ms | SSL: 2026-07-29 (80 days)
DOWN         | https://jsaengineers.com | ERROR: Get "https://www.jsaengineers.com/": net/http: TLS handshake timeout
UP           | https://boilertechnologies.com | HTTP 200 | 577ms | SSL: 2026-07-05 (57 days)
UP           | https://trucarma.com/ | HTTP 200 | 2737ms | SSL: 2026-06-25 (46 days)
UP           | https://wyomingarmoredservice.com | HTTP 200 | 582ms | SSL: 2026-06-12 (33 days)
UNVERIFIABLE | https://brvparkpropane.com/ | HTTP 200 | 482ms | SSL: 2026-07-27 (78 days)
UP           | https://primeappraisalsmi.com | HTTP 200 | 626ms | SSL: 2026-06-21 (43 days)
UP           | https://newenglandgroupctinc.com | HTTP 200 | 966ms | SSL: 2026-06-25 (47 days)
UP           | https://www.napavalleyfitness.com | HTTP 200 | 300ms | SSL: 2026-07-13 (65 days)
UP           | https://www.prosidingandwindows.net/ | HTTP 200 | 320ms | SSL: 2026-07-24 (75 days)
UP           | https://www.eocatx.com/ | HTTP 200 | 424ms | SSL: 2026-06-28 (49 days)
UP           | https://www.drainrooterplumbingsd.com/ | HTTP 200 | 399ms | SSL: 2026-06-16 (37 days)
UP           | https://glassimpressionslv.com | HTTP 200 | 606ms | SSL: 2026-07-04 (55 days)
UP           | https://shultarchitect.com | HTTP 200 | 656ms | SSL: 2026-05-27 (18 days)
UP           | https://inthemix-adc.com | HTTP 200 | 542ms | SSL: 2026-05-26 (17 days)
UP           | https://www.sexton-repairs.com/ | HTTP 200 | 304ms | SSL: 2026-06-27 (48 days)
ERROR        | https://fraserplumbingarkansas.com/ | HTTP 404 | 260ms | SSL: 2026-07-04 (56 days)
UP           | https://foothillsmachininginc.com | HTTP 200 | 704ms | SSL: 2026-07-20 (71 days)
UP           | https://rangerenovation.com | HTTP 200 | 665ms | SSL: 2026-07-29 (81 days)
UP           | https://modelcoelectric.com/ | HTTP 200 | 623ms | SSL: 2026-05-16 (6 days)
UP           | https://conveyor-tek.com | HTTP 200 | 660ms | SSL: 2026-07-31 (82 days)
UP           | http://longspest.com | HTTP 200 | 432ms | SSL: 2026-06-22 (43 days)
UP           | https://spindledynamicsaxlerepair.com | HTTP 200 | 524ms | SSL: 2026-08-07 (89 days)
UP           | https://mevoutdoor.com/ | HTTP 200 | 2659ms | SSL: 2026-06-23 (44 days)
UP           | https://greenbushpros.com/ | HTTP 200 | 591ms | SSL: 2026-07-02 (53 days)
UP           | https://harveysarlesinsurance.com/ | HTTP 200 | 601ms | SSL: 2026-06-19 (41 days)
UP           | http://affordablerooter.com/ | HTTP 200 | 519ms | SSL: 2026-05-19 (10 days)
UP           | https://thomasmccannlaw.com | HTTP 200 | 571ms | SSL: 2026-07-24 (75 days)
UP           | https://southshoretruckrepair.com | HTTP 200 | 608ms | SSL: 2026-06-08 (30 days)
UP           | https://pacificgaragerepair.com | HTTP 200 | 659ms | SSL: 2026-06-21 (42 days)
UP           | https://www.thespringking.net/ | HTTP 200 | 316ms | SSL: 2026-06-29 (51 days)
UP           | https://www.hansmotosports.com/ | HTTP 200 | 308ms | SSL: 2026-06-19 (41 days)
UP           | https://www.advancedalarmlock.com | HTTP 200 | 320ms | SSL: 2026-07-31 (82 days)
UP           | https://www.amishstonefirepits.com/ | HTTP 200 | 373ms | SSL: 2026-07-26 (77 days)
UP           | https://www.noatoutdoorliving.com/ | HTTP 200 | 344ms | SSL: 2026-07-16 (68 days)
UP           | https://campbellhuitt.com | HTTP 200 | 2666ms | SSL: 2026-06-29 (51 days)
UP           | https://www.bulldogmovingclt.com/ | HTTP 200 | 252ms | SSL: 2026-06-15 (37 days)
DOWN         | https://terseptic.com | ERROR: Get "https://terseptic.com": tls: failed to verify certificate: x509: certificate is valid for broken-ssl.multiscreensite.com, not terseptic.com
UP           | https://www.nmwcattorneys.com/ | HTTP 200 | 328ms | SSL: 2026-07-04 (55 days)
UP           | https://www.jandpbikeshop.com/ | HTTP 200 | 416ms | SSL: 2026-06-14 (36 days)
UP           | https://angelabrowderhomecare.com/ | HTTP 200 | 574ms | SSL: 2026-06-14 (36 days)
UP           | https://www.5pointslandscaping.com/ | HTTP 200 | 346ms | SSL: 2026-06-14 (36 days)
UP           | https://carpettechcleaning.com | HTTP 200 | 655ms | SSL: 2026-07-31 (82 days)
UP           | https://www.mtccpressurewashing.com/ | HTTP 200 | 374ms | SSL: 2026-07-01 (53 days)
DOWN         | https://ochoaelectricsandiego.com | ERROR: Get "https://ochoaelectricsandiego.com": net/http: TLS handshake timeout
UP           | https://vanityfairbaths.com | HTTP 200 | 658ms | SSL: 2026-07-10 (62 days)
UP           | https://www.asapcontainers.com/ | HTTP 200 | 363ms | SSL: 2026-07-10 (61 days)
UP           | https://www.boyleheatingandcooling.net/ | HTTP 200 | 794ms | SSL: 2026-07-06 (58 days)
UP           | https://www.zulaufconstruction.com | HTTP 200 | 274ms | SSL: 2026-07-06 (58 days)
UP           | https://www.carpetcleaningomaha.com | HTTP 200 | 318ms | SSL: 2026-07-20 (71 days)
UP           | https://cakeschocolatesandmore.com/ | HTTP 200 | 645ms | SSL: 2026-07-26 (78 days)
UP           | https://www.victorytireauto.com | HTTP 200 | 316ms | SSL: 2026-07-29 (80 days)
UP           | https://windsorlimo.com | HTTP 200 | 624ms | SSL: 2026-08-02 (85 days)
UP           | https://www.howieglass.com/ | HTTP 200 | 328ms | SSL: 2026-06-14 (35 days)
UP           | https://www.xlsavebig.com | HTTP 200 | 354ms | SSL: 2026-07-05 (57 days)
UP           | https://www.oxicleaners.com | HTTP 200 | 321ms | SSL: 2026-07-30 (81 days)
UP           | https://petstylessalonandspa.com | HTTP 200 | 637ms | SSL: 2026-07-18 (70 days)
UP           | https://www.riverbluffcanecorsos.com | HTTP 200 | 321ms | SSL: 2026-07-26 (78 days)
UP           | https://stoversflooringanddraperycenter.com/ | HTTP 200 | 621ms | SSL: 2026-07-20 (71 days)
UP           | http://www.aseyourlight.com | HTTP 200 | 575ms | SSL: 2026-07-26 (78 days)
UP           | https://www.missouriglassinc.com/ | HTTP 200 | 378ms | SSL: 2026-06-27 (49 days)
UP           | https://www.coddingtonlock.com/ | HTTP 200 | 348ms | SSL: 2026-06-20 (42 days)
ERROR        | https://www.andyperuginos.com/ | HTTP 404 | 369ms | SSL: 2026-06-30 (52 days)
UP           | https://tntcarpetcleaners.com | HTTP 200 | 582ms | SSL: 2026-07-07 (58 days)
UP           | https://www.opsct.com | HTTP 200 | 333ms | SSL: 2026-06-29 (51 days)
UP           | https://securitycompanyms.com | HTTP 200 | 679ms | SSL: 2026-07-18 (70 days)
UP           | https://abbottscatering.com | HTTP 200 | 813ms | SSL: 2026-07-12 (64 days)
UP           | https://timothymwilliamslaw.com | HTTP 200 | 676ms | SSL: 2026-07-08 (60 days)
DOWN         | https://www.garyhuebnerlaw.com/ | ERROR: Get "https://www.garyhuebnerlaw.com/": tls: failed to verify certificate: x509: certificate is valid for broken-ssl.multiscreensite.com, not www.garyhuebnerlaw.com
UP           | https://www.thepoisonivyguy.com/ | HTTP 200 | 364ms | SSL: 2026-08-02 (85 days)
UP           | https://parkpharmacyrx.com | HTTP 200 | 830ms | SSL: 2026-07-25 (77 days)
UP           | https://gillettesignworks.com | HTTP 200 | 730ms | SSL: 2026-08-05 (88 days)
UP           | https://www.richroofing.com/ | HTTP 200 | 388ms | SSL: 2026-07-27 (79 days)
UP           | http://lassiterelectric.com | HTTP 200 | 768ms | SSL: 2026-08-02 (85 days)
UP           | https://www.fatpocketpawn.biz | HTTP 200 | 351ms | SSL: 2026-08-05 (88 days)
UP           | https://lockhartaircare.com | HTTP 200 | 599ms | SSL: 2026-06-20 (41 days)
UP           | https://www.eaglewaterfiltration.com/ | HTTP 200 | 340ms | SSL: 2026-06-20 (41 days)
UP           | https://www.epsteinspaint.com/ | HTTP 200 | 393ms | SSL: 2026-06-13 (35 days)
UP           | https://www.appliancereliancellc.com/ | HTTP 200 | 323ms | SSL: 2026-07-02 (54 days)
UP           | https://www.timworthystransmissionrepairs.com/ | HTTP 200 | 331ms | SSL: 2026-06-27 (49 days)
UP           | https://www.cashgoldnj.com | HTTP 200 | 329ms | SSL: 2026-06-30 (51 days)
UP           | https://dlacupuncture.com | HTTP 200 | 539ms | SSL: 2026-07-10 (62 days)
UP           | https://www.rockyhillmeats.com/ | HTTP 200 | 320ms | SSL: 2026-07-14 (65 days)
UP           | https://www.absheatingandairconditioning.com/ | HTTP 200 | 329ms | SSL: 2026-08-06 (89 days)
UP           | https://tcpestsolutions.com/ | HTTP 200 | 569ms | SSL: 2026-06-12 (34 days)
UP           | https://www.tempbydesign.com/ | HTTP 200 | 310ms | SSL: 2026-06-30 (52 days)
UP           | https://tavosconstructionllc.com/ | HTTP 200 | 648ms | SSL: 2026-06-28 (50 days)
DOWN         | https://www.eastgeorgiatreeservice.com/ | ERROR: Head "https://www.eastgeorgiatreeservice.com/": EOF
UP           | https://coastalcabinetsandgranite.com/ | HTTP 200 | 624ms | SSL: 2026-07-20 (72 days)
ERROR        | https://www.r7electricutah.com/ | HTTP 404 | 371ms | SSL: 2026-07-18 (70 days)
UP           | https://preferredremodeling.net/ | HTTP 200 | 663ms | SSL: 2026-07-07 (59 days)
UP           | https://www.jml-electric.com | HTTP 200 | 328ms | SSL: 2026-07-11 (63 days)
UP           | http://resto-pros.net | HTTP 200 | 529ms | SSL: 2026-07-07 (59 days)
UP           | http://scconstruction.info | HTTP 200 | 214ms | SSL: 2026-07-02 (54 days)
UP           | https://www.porteroutdoorservices.com/ | HTTP 200 | 330ms | SSL: 2026-07-27 (79 days)
UP           | http://killswitchauto.com | HTTP 200 | 486ms | SSL: 2026-07-04 (56 days)
UP           | https://coxdecorativeconcrete.com/ | HTTP 200 | 6910ms | SSL: 2026-05-18 (9 days)
UP           | http://charlesfulkroaddisposal.com | HTTP 200 | 512ms | SSL: 2026-07-15 (66 days)
UP           | https://wireguyselectric.com/ | HTTP 200 | 540ms | SSL: 2026-07-17 (69 days)
UP           | https://www.dentconceptstx.com/ | HTTP 200 | 303ms | SSL: 2026-07-20 (72 days)
UP           | https://fincorefrigeration.com | HTTP 200 | 569ms | SSL: 2026-05-16 (7 days)
UP           | http://rocketcitymarine.com | HTTP 200 | 528ms | SSL: 2026-07-20 (72 days)
UP           | https://cleantechsystemsnm.com | HTTP 200 | 554ms | SSL: 2026-07-20 (72 days)
UP           | https://www.affordablecustomgolfcarts.com/ | HTTP 200 | 325ms | SSL: 2026-06-17 (39 days)
UNVERIFIABLE | https://greenscapeslawns.com/ | HTTP 200 | 504ms | SSL: 2026-07-27 (79 days)
UP           | https://jtstree.com/ | HTTP 200 | 649ms | SSL: 2026-08-03 (86 days)
UP           | https://www.dixiefenceohio.com/ | HTTP 200 | 2592ms | SSL: 2026-05-18 (9 days)
UP           | https://allkidsarespecial.net | HTTP 200 | 563ms | SSL: 2026-05-26 (17 days)
UP           | https://sgrcalifornia.com/ | HTTP 200 | 1078ms | SSL: 2026-08-04 (87 days)
UP           | https://www.garysroofingandconst.com/ | HTTP 200 | 656ms | SSL: 2026-07-28 (80 days)
UP           | https://www.breezehvac.com/ | HTTP 200 | 325ms | SSL: 2026-06-22 (44 days)
UP           | https://rcpoolworks.com | HTTP 200 | 624ms | SSL: 2026-05-17 (8 days)
UP           | https://Freedomcarpet.net | HTTP 200 | 641ms | SSL: 2026-06-17 (39 days)
UP           | https://rolandoroofing.net | HTTP 200 | 533ms | SSL: 2026-06-30 (52 days)
UP           | http://ormondlandscaping.com/ | HTTP 200 | 502ms | SSL: 2026-08-02 (85 days)
UP           | https://www.alliedroofingco.com/ | HTTP 200 | 306ms | SSL: 2026-06-26 (48 days)
UP           | https://www.waterheatersracinewi.com/ | HTTP 200 | 310ms | SSL: 2026-07-08 (60 days)
UP           | https://www.atlanticdrywallandpaint.com/ | HTTP 200 | 348ms | SSL: 2026-06-23 (45 days)
UP           | https://grantsappliancerepairllc.com/ | HTTP 200 | 527ms | SSL: 2026-06-23 (45 days)
UP           | http://aaaexcavate.com | HTTP 200 | 526ms | SSL: 2026-07-01 (53 days)
UP           | https://gormanandsonslandscaping.com/ | HTTP 200 | 624ms | SSL: 2026-07-21 (73 days)
UP           | https://texasproroofing.net/ | HTTP 200 | 545ms | SSL: 2026-06-30 (52 days)
UP           | https://www.808towing.com/ | HTTP 200 | 315ms | SSL: 2026-08-05 (88 days)
UNVERIFIABLE | https://www.jandbtreeservice.net/ | HTTP 200 | 244ms | SSL: 2026-07-21 (72 days)
UP           | https://sweetmountainair.co | HTTP 200 | 684ms | SSL: 2026-07-26 (78 days)
UP           | https://www.stormprosva.com/ | HTTP 200 | 390ms | SSL: 2026-07-21 (73 days)
UP           | https://www.atlantic217.com/ | HTTP 200 | 339ms | SSL: 2026-07-05 (57 days)
UP           | https://lakehamiltonappraisals.com/ | HTTP 200 | 722ms | SSL: 2026-08-04 (87 days)
UP           | https://kcservicecenterpa.com | HTTP 200 | 624ms | SSL: 2026-07-19 (71 days)
UP           | https://mobsfloorcare.com/ | HTTP 200 | 540ms | SSL: 2026-06-27 (49 days)
UP           | https://wennigercompressor.com/ | HTTP 200 | 725ms | SSL: 2026-07-19 (71 days)
UP           | https://mauicontainersales.com/ | HTTP 200 | 732ms | SSL: 2026-06-02 (24 days)
UP           | https://www.24-hourrefrigeration.com/ | HTTP 200 | 345ms | SSL: 2026-07-31 (83 days)
UP           | https://anteaterspestcontrol.net | HTTP 200 | 603ms | SSL: 2026-07-16 (68 days)
UP           | http://furniturefixxers.com | HTTP 200 | 537ms | SSL: 2026-07-24 (76 days)
UP           | https://www.apexgutters.com/ | HTTP 200 | 356ms | SSL: 2026-06-16 (38 days)
UP           | https://blackdogrr.com/ | HTTP 200 | 980ms | SSL: 2026-05-18 (9 days)
UP           | https://hogiesconstruction.com/ | HTTP 200 | 642ms | SSL: 2026-05-27 (18 days)
UP           | https://www.askyline.com/ | HTTP 200 | 358ms | SSL: 2026-06-24 (46 days)
UP           | https://www.dbarrsvcs.com/ | HTTP 200 | 663ms | SSL: 2026-05-25 (16 days)
UP           | https://powellpestcontrol.net/ | HTTP 200 | 577ms | SSL: 2026-05-26 (17 days)
UP           | https://wireguys.com | HTTP 200 | 519ms | SSL: 2026-06-22 (44 days)
UP           | https://economysidingtn.com/ | HTTP 200 | 719ms | SSL: 2026-05-26 (17 days)
UP           | https://rsccontracting.org/ | HTTP 200 | 559ms | SSL: 2026-06-30 (52 days)
UP           | https://www.bhswelding.com/ | HTTP 200 | 361ms | SSL: 2026-06-13 (35 days)
UP           | https://www.yourfamilysalon.com/ | HTTP 200 | 328ms | SSL: 2026-07-02 (54 days)
UP           | https://www.alswelldrilling.com/ | HTTP 200 | 626ms | SSL: 2026-06-12 (34 days)
UP           | http://customoutdoorsolutionsny.com | HTTP 200 | 580ms | SSL: 2026-07-05 (57 days)
UP           | https://raffoulheatingandair.com | HTTP 200 | 647ms | SSL: 2026-07-05 (57 days)
UP           | http://dynamohi.com | HTTP 200 | 539ms | SSL: 2026-08-02 (85 days)
UP           | https://danrandandassoc.com/ | HTTP 200 | 542ms | SSL: 2026-06-30 (52 days)
UP           | https://carbondalewoodshop.com/ | HTTP 200 | 541ms | SSL: 2026-07-17 (68 days)
UP           | https://smithhvacservices.com/index | HTTP 200 | 817ms | SSL: 2026-06-14 (36 days)
UP           | http://www.junk-punks.com/ | HTTP 200 | 730ms | SSL: 2026-07-22 (74 days)
UP           | https://www.fndcontracting.com | HTTP 200 | 424ms | SSL: 2026-06-28 (49 days)
UP           | http://hopelandscaping.com | HTTP 200 | 518ms | SSL: 2026-06-18 (40 days)
UP           | https://larrysae.com | HTTP 200 | 514ms | SSL: 2026-06-21 (43 days)
UP           | https://www.ezoutcollisioncenter.com/ | HTTP 200 | 325ms | SSL: 2026-07-31 (83 days)
UP           | https://rsccontracting.org/ | HTTP 200 | 145ms | SSL: 2026-06-30 (52 days)
UP           | http://ccelectricbcs.com | HTTP 200 | 433ms | SSL: 2026-08-02 (84 days)
UP           | http://ccelectricbcs.com | HTTP 200 | 451ms | SSL: 2026-08-02 (84 days)
UP           | https://tropicglassenclosuresfl.com/ | HTTP 200 | 523ms | SSL: 2026-06-26 (48 days)
UP           | https://www.fireflycontractor.com/ | HTTP 200 | 346ms | SSL: 2026-07-01 (53 days)
UP           | https://www.tridentconstructiongp.com/ | HTTP 200 | 319ms | SSL: 2026-06-20 (42 days)
UP           | https://roettgerwelding.com/ | HTTP 200 | 675ms | SSL: 2026-07-02 (54 days)
UP           | https://azjanitorialservice.com | HTTP 200 | 907ms | SSL: 2026-06-28 (50 days)
UP           | https://camoconstructionllc.com/ | HTTP 200 | 874ms | SSL: 2026-07-21 (73 days)
UP           | https://totalcomfortcleaners.com | HTTP 200 | 641ms | SSL: 2026-07-22 (74 days)
UP           | https://www.brianemmonsroofing.com/ | HTTP 200 | 592ms | SSL: 2026-06-19 (40 days)
UP           | https://www.customelitedetailcarwash.com/ | HTTP 200 | 335ms | SSL: 2026-07-12 (64 days)
UP           | https://www.noatoutdoorliving.com/ | HTTP 200 | 237ms | SSL: 2026-07-16 (68 days)
UP           | https://southfloridadockandseawall.com | HTTP 200 | 541ms | SSL: 2026-06-14 (36 days)
UP           | https://www.rselectricms.com | HTTP 200 | 802ms | SSL: 2026-07-22 (74 days)
UP           | http://allbrightcleaningkc.com | HTTP 200 | 511ms | SSL: 2026-06-10 (32 days)
UNVERIFIABLE | https://paintingbypros.com/ | HTTP 200 | 554ms | SSL: 2026-07-22 (74 days)
UP           | https://www.ancientcitygaragedoors.com | HTTP 200 | 398ms | SSL: 2026-07-30 (82 days)
UP           | https://www.mikeandmikeroofing.com/ | HTTP 200 | 792ms | SSL: 2026-06-29 (51 days)
UP           | https://maxpressfoundationrepair.com/ | HTTP 200 | 1058ms | SSL: 2026-06-13 (35 days)
UP           | https://offshorepropertyservices.com | HTTP 200 | 516ms | SSL: 2026-06-18 (40 days)
UP           | http://dynamohi.com | HTTP 200 | 461ms | SSL: 2026-08-02 (85 days)
UP           | https://patdollautomotivewi.com/ | HTTP 200 | 580ms | SSL: 2026-05-31 (22 days)
UP           | http://renewconstructionnm.com | HTTP 200 | 402ms | SSL: 2026-06-18 (39 days)
DOWN         | http://seaboardrestoration.com/ | ERROR: Get "http://seaboardrestoration.com/": dial tcp: lookup seaboardrestoration.com on 127.0.0.53:53: no such host
UP           | https://www.fisherhomeinspectionsllc.com/ | HTTP 200 | 359ms | SSL: 2026-06-13 (35 days)
UP           | https://www.jmplumbersinc.com/ | HTTP 200 | 602ms | SSL: 2026-07-08 (60 days)
UP           | https://finishlineautotire.com/ | HTTP 200 | 630ms | SSL: 2026-05-16 (7 days)
UP           | http://vitosexpress.com | HTTP 200 | 928ms | SSL: 2026-06-13 (35 days)
UP           | https://www.thesignsolution.net/ | HTTP 200 | 363ms | SSL: 2026-06-21 (43 days)
UP           | https://bagremodelers.com/ | HTTP 200 | 629ms | SSL: 2026-06-14 (36 days)
UP           | https://www.problemtree.com | HTTP 200 | 305ms | SSL: 2026-06-13 (35 days)
UNVERIFIABLE | https://capri-wash.com | HTTP 200 | 438ms | SSL: 2026-06-14 (36 days)
UP           | https://landscapeofbrainerd.com/ | HTTP 200 | 627ms | SSL: 2026-07-18 (70 days)
UP           | https://totalpackagelandscapeworksllc.com | HTTP 200 | 614ms | SSL: 2026-07-05 (57 days)
UP           | https://acesandblasting.co/ | HTTP 200 | 576ms | SSL: 2026-06-22 (44 days)
UP           | https://5startexasroofing.com/ | HTTP 200 | 567ms | SSL: 2026-07-15 (67 days)
UP           | https://caudletreeservice.com/ | HTTP 200 | 588ms | SSL: 2026-07-06 (57 days)
UP           | https://www.bayoustatemoving.com/ | HTTP 200 | 275ms | SSL: 2026-07-12 (64 days)
UP           | https://www.1classproperties.com/ | HTTP 200 | 358ms | SSL: 2026-07-15 (67 days)
UNVERIFIABLE | https://www.1classrealty.com/ | HTTP 200 | 236ms | SSL: 2026-07-15 (67 days)
UP           | https://www.aimhighdetailing.com/ | HTTP 200 | 300ms | SSL: 2026-07-11 (63 days)
UP           | https://www.tampablindsbydesign.com/ | HTTP 200 | 383ms | SSL: 2026-07-26 (78 days)
UP           | http://thelocalplumber.com | HTTP 200 | 599ms | SSL: 2026-07-02 (54 days)
UP           | https://frontieraircon.com/ | HTTP 200 | 607ms | SSL: 2026-05-17 (8 days)
UP           | https://www.saltlakecitycabinetry.com/ | HTTP 200 | 296ms | SSL: 2026-05-19 (10 days)
UP           | https://mantispestma.com | HTTP 200 | 929ms | SSL: 2026-07-17 (69 days)
UP           | https://tyslandscapingiowa.com | HTTP 200 | 670ms | SSL: 2026-07-16 (68 days)
UP           | https://www.herrwelldrillingwi.com/ | HTTP 200 | 332ms | SSL: 2026-06-08 (30 days)
UP           | https://www.problemtree.com/ | HTTP 200 | 363ms | SSL: 2026-06-13 (35 days)
UP           | https://tandkventures.com/ | HTTP 200 | 875ms | SSL: 2026-06-24 (46 days)
UP           | http://muddyriversconcrete.com | HTTP 200 | 574ms | SSL: 2026-06-09 (31 days)
UP           | https://accurateandconfidentialtaxservice.com/ | HTTP 200 | 584ms | SSL: 2026-06-22 (44 days)
DOWN         | https://mcneelytreeservice.com/ | ERROR: Get "https://mcneelytreeservice.com/": tls: failed to verify certificate: x509: certificate is valid for *.accountterminated.com, accountterminated.com, not mcneelytreeservice.com
UP           | https://www.mvpgardencenter.com/ | HTTP 200 | 337ms | SSL: 2026-06-14 (36 days)
DOWN         | https://abccarpetcleanerssd.com | ERROR: Head "https://abccarpetcleanerssd.com": EOF
Summary: 222 UP | 3 ERROR | 9 DOWN | 6 UNVERIFIABLE
