=== 2026-05-13 10:36:06 ===
UP           | https://offshorepropertyservices.com | HTTP 200 | 411ms | SSL: 2026-06-18 (35 days)
DOWN         | http://seaboardrestoration.com/ | ERROR: Get "http://seaboardrestoration.com/": dial tcp: lookup seaboardrestoration.com on 127.0.0.53:53: no such host
UP           | https://platinumpaintingandserviceinc.com | HTTP 200 | 416ms | SSL: 2026-07-10 (57 days)
UP           | https://aandbauctionservices.com | HTTP 200 | 2490ms | SSL: 2026-07-02 (49 days)
UP           | http://reidheatingandair.com | HTTP 200 | 357ms | SSL: 2026-07-20 (68 days)
UNVERIFIABLE | https://pristineccs.com/ | HTTP 200 | 274ms | SSL: 2026-07-20 (68 days)
UP           | https://westcoastdents.com | HTTP 200 | 2385ms | SSL: 2026-07-30 (78 days)
UP           | https://catoiletwhisperer.com | HTTP 200 | 219ms | SSL: 2026-08-08 (86 days)
UP           | https://ivyheatingandair.com | HTTP 200 | 336ms | SSL: 2026-06-26 (43 days)
UP           | https://primaryheatingandcooling.com | HTTP 200 | 420ms | SSL: 2026-07-07 (54 days)
UP           | https://businessnotions.com/ | HTTP 200 | 404ms | SSL: 2026-07-24 (72 days)
UP           | https://www.butzwelding.com | HTTP 200 | 219ms | SSL: 2026-06-30 (47 days)
UP           | https://brimicfoundation.com/ | HTTP 200 | 404ms | SSL: 2026-07-02 (50 days)
UP           | https://endlesssummercharters.com/ | HTTP 200 | 356ms | SSL: 2026-07-26 (73 days)
UP           | https://thekiddiekornerboutique.com | HTTP 200 | 154ms | SSL: 2026-07-29 (76 days)
UP           | https://safloralelegance.com | HTTP 200 | 456ms | SSL: 2026-07-16 (63 days)
UP           | http://allbrandsheatingandcooling.com | HTTP 200 | 403ms | SSL: 2026-07-06 (54 days)
UP           | http://plumbersouthfl.com | HTTP 200 | 6617ms | SSL: 2026-07-14 (62 days)
UP           | http://wjauction.com | HTTP 200 | 341ms | SSL: 2026-07-14 (62 days)
UP           | https://txpanhandlelogistics.com | HTTP 200 | 460ms | SSL: 2026-07-15 (63 days)
UP           | https://mullinstruckingllc.com/ | HTTP 200 | 236ms | SSL: 2026-08-09 (87 days)
UP           | https://fratiplumbing.net | HTTP 200 | 298ms | SSL: 2026-07-24 (72 days)
UP           | https://loganshouse.com/ | HTTP 200 | 277ms | SSL: 2026-07-22 (70 days)
UP           | http://plantsunlimiteddurham.com | HTTP 200 | 267ms | SSL: 2026-08-03 (81 days)
UP           | http://protechdiesel.biz/ | HTTP 200 | 265ms | SSL: 2026-08-09 (87 days)
UP           | https://cherrycreekshadesanddraperys.com | HTTP 200 | 426ms | SSL: 2026-07-25 (72 days)
UP           | https://centralmotorsale.com | HTTP 200 | 248ms | SSL: 2026-07-29 (76 days)
UP           | https://jsaengineers.com | HTTP 200 | 391ms | SSL: 2026-08-10 (88 days)
UP           | https://boilertechnologies.com | HTTP 200 | 355ms | SSL: 2026-07-05 (53 days)
UP           | https://trucarma.com/ | HTTP 200 | 332ms | SSL: 2026-06-25 (42 days)
UP           | https://wyomingarmoredservice.com | HTTP 200 | 311ms | SSL: 2026-06-12 (29 days)
UP           | https://brvparkpropane.com/ | HTTP 200 | 361ms | SSL: 2026-07-27 (74 days)
UP           | https://primeappraisalsmi.com | HTTP 200 | 283ms | SSL: 2026-06-21 (39 days)
DOWN         | https://newenglandgroupctinc.com | ERROR: Get "https://newenglandgroupctinc.com": remote error: tls: internal error
UP           | https://www.napavalleyfitness.com | HTTP 200 | 219ms | SSL: 2026-07-13 (61 days)
UP           | https://www.prosidingandwindows.net/ | HTTP 200 | 149ms | SSL: 2026-07-24 (71 days)
UP           | https://www.eocatx.com/ | HTTP 200 | 143ms | SSL: 2026-06-28 (45 days)
UP           | https://www.drainrooterplumbingsd.com/ | HTTP 200 | 208ms | SSL: 2026-06-16 (33 days)
UP           | https://glassimpressionslv.com | HTTP 200 | 354ms | SSL: 2026-07-04 (51 days)
UP           | https://shultarchitect.com | HTTP 200 | 271ms | SSL: 2026-05-27 (14 days)
UP           | https://inthemix-adc.com | HTTP 200 | 372ms | SSL: 2026-05-26 (13 days)
UP           | https://www.sexton-repairs.com/ | HTTP 200 | 125ms | SSL: 2026-06-27 (44 days)
ERROR        | https://fraserplumbingarkansas.com/ | HTTP 404 | 212ms | SSL: 2026-07-04 (52 days)
UP           | https://foothillsmachininginc.com | HTTP 200 | 249ms | SSL: 2026-07-20 (67 days)
UP           | https://rangerenovation.com | HTTP 200 | 381ms | SSL: 2026-07-29 (77 days)
UP           | https://modelcoelectric.com/ | HTTP 200 | 324ms | SSL: 2026-08-07 (85 days)
UP           | https://conveyor-tek.com | HTTP 200 | 312ms | SSL: 2026-07-31 (78 days)
UP           | http://longspest.com | HTTP 200 | 341ms | SSL: 2026-06-22 (39 days)
UP           | https://spindledynamicsaxlerepair.com | HTTP 200 | 328ms | SSL: 2026-08-07 (85 days)
UP           | https://mevoutdoor.com/ | HTTP 200 | 263ms | SSL: 2026-06-23 (40 days)
UP           | https://greenbushpros.com/ | HTTP 200 | 279ms | SSL: 2026-07-02 (49 days)
UP           | https://harveysarlesinsurance.com/ | HTTP 200 | 338ms | SSL: 2026-06-19 (37 days)
UP           | http://affordablerooter.com/ | HTTP 200 | 304ms | SSL: 2026-08-10 (88 days)
UP           | https://thomasmccannlaw.com | HTTP 200 | 376ms | SSL: 2026-07-24 (71 days)
UP           | https://southshoretruckrepair.com | HTTP 200 | 339ms | SSL: 2026-06-08 (26 days)
UP           | https://pacificgaragerepair.com | HTTP 200 | 414ms | SSL: 2026-06-21 (38 days)
UP           | https://www.thespringking.net/ | HTTP 200 | 212ms | SSL: 2026-06-29 (47 days)
UP           | https://www.hansmotosports.com/ | HTTP 200 | 174ms | SSL: 2026-06-19 (36 days)
UP           | https://www.advancedalarmlock.com | HTTP 200 | 185ms | SSL: 2026-07-31 (78 days)
UP           | https://www.amishstonefirepits.com/ | HTTP 200 | 104ms | SSL: 2026-07-26 (73 days)
UP           | https://www.noatoutdoorliving.com/ | HTTP 200 | 144ms | SSL: 2026-07-16 (64 days)
UP           | https://campbellhuitt.com | HTTP 200 | 1362ms | SSL: 2026-06-29 (47 days)
UP           | https://www.bulldogmovingclt.com/ | HTTP 200 | 200ms | SSL: 2026-06-15 (33 days)
DOWN         | https://terseptic.com | ERROR: Get "https://terseptic.com": tls: failed to verify certificate: x509: certificate is valid for broken-ssl.multiscreensite.com, not terseptic.com
UP           | https://www.nmwcattorneys.com/ | HTTP 200 | 158ms | SSL: 2026-07-04 (51 days)
UP           | https://www.jandpbikeshop.com/ | HTTP 200 | 142ms | SSL: 2026-06-14 (32 days)
UP           | https://angelabrowderhomecare.com/ | HTTP 200 | 298ms | SSL: 2026-06-14 (32 days)
UP           | https://www.5pointslandscaping.com/ | HTTP 200 | 166ms | SSL: 2026-06-14 (32 days)
UP           | https://carpettechcleaning.com | HTTP 200 | 325ms | SSL: 2026-07-31 (78 days)
UP           | https://www.mtccpressurewashing.com/ | HTTP 200 | 219ms | SSL: 2026-07-01 (49 days)
UP           | https://ochoaelectricsandiego.com | HTTP 200 | 324ms | SSL: 2026-08-10 (88 days)
UP           | https://vanityfairbaths.com | HTTP 200 | 359ms | SSL: 2026-07-10 (58 days)
UP           | https://www.asapcontainers.com/ | HTTP 200 | 206ms | SSL: 2026-07-10 (57 days)
DOWN         | https://www.boyleheatingandcooling.net/ | ERROR: Get "https://www.boyleheatingandcooling.net/": net/http: TLS handshake timeout
UP           | https://www.zulaufconstruction.com | HTTP 200 | 208ms | SSL: 2026-07-06 (54 days)
UP           | https://www.carpetcleaningomaha.com | HTTP 200 | 202ms | SSL: 2026-07-20 (67 days)
UP           | https://cakeschocolatesandmore.com/ | HTTP 200 | 291ms | SSL: 2026-07-26 (73 days)
UP           | https://www.victorytireauto.com | HTTP 200 | 150ms | SSL: 2026-07-29 (76 days)
UP           | https://windsorlimo.com | HTTP 200 | 334ms | SSL: 2026-08-02 (81 days)
UP           | https://www.howieglass.com/ | HTTP 200 | 116ms | SSL: 2026-06-14 (31 days)
UP           | https://www.xlsavebig.com | HTTP 200 | 144ms | SSL: 2026-07-05 (52 days)
UP           | https://www.oxicleaners.com | HTTP 200 | 174ms | SSL: 2026-07-30 (77 days)
UP           | https://petstylessalonandspa.com | HTTP 200 | 408ms | SSL: 2026-07-18 (65 days)
UP           | https://www.riverbluffcanecorsos.com | HTTP 200 | 197ms | SSL: 2026-07-26 (73 days)
UP           | https://stoversflooringanddraperycenter.com/ | HTTP 200 | 310ms | SSL: 2026-07-20 (67 days)
UP           | http://www.aseyourlight.com | HTTP 200 | 226ms | SSL: 2026-07-26 (73 days)
UP           | https://www.missouriglassinc.com/ | HTTP 200 | 137ms | SSL: 2026-06-27 (45 days)
UP           | https://www.coddingtonlock.com/ | HTTP 200 | 161ms | SSL: 2026-06-20 (38 days)
ERROR        | https://www.andyperuginos.com/ | HTTP 404 | 251ms | SSL: 2026-06-30 (48 days)
UP           | https://tntcarpetcleaners.com | HTTP 200 | 268ms | SSL: 2026-07-07 (54 days)
UP           | https://www.opsct.com | HTTP 200 | 190ms | SSL: 2026-06-29 (47 days)
UP           | https://securitycompanyms.com | HTTP 200 | 251ms | SSL: 2026-07-18 (66 days)
UP           | https://abbottscatering.com | HTTP 200 | 589ms | SSL: 2026-07-12 (60 days)
UP           | https://timothymwilliamslaw.com | HTTP 200 | 346ms | SSL: 2026-07-08 (56 days)
DOWN         | https://www.garyhuebnerlaw.com/ | ERROR: Get "https://www.garyhuebnerlaw.com/": tls: failed to verify certificate: x509: certificate is valid for broken-ssl.multiscreensite.com, not www.garyhuebnerlaw.com
UP           | https://www.thepoisonivyguy.com/ | HTTP 200 | 300ms | SSL: 2026-08-02 (81 days)
UP           | https://parkpharmacyrx.com | HTTP 200 | 524ms | SSL: 2026-07-25 (73 days)
UP           | https://gillettesignworks.com | HTTP 200 | 307ms | SSL: 2026-08-05 (84 days)
UP           | https://www.richroofing.com/ | HTTP 200 | 181ms | SSL: 2026-07-27 (75 days)
UP           | http://lassiterelectric.com | HTTP 200 | 355ms | SSL: 2026-08-02 (81 days)
UP           | https://www.fatpocketpawn.biz | HTTP 200 | 124ms | SSL: 2026-08-05 (84 days)
UP           | https://lockhartaircare.com | HTTP 200 | 343ms | SSL: 2026-06-20 (37 days)
UP           | https://www.eaglewaterfiltration.com/ | HTTP 200 | 217ms | SSL: 2026-06-20 (37 days)
UP           | https://www.epsteinspaint.com/ | HTTP 200 | 168ms | SSL: 2026-06-13 (31 days)
UP           | https://www.appliancereliancellc.com/ | HTTP 200 | 220ms | SSL: 2026-07-02 (50 days)
UP           | https://www.timworthystransmissionrepairs.com/ | HTTP 200 | 197ms | SSL: 2026-06-27 (45 days)
UP           | https://www.cashgoldnj.com | HTTP 200 | 154ms | SSL: 2026-06-30 (47 days)
UP           | https://dlacupuncture.com | HTTP 200 | 399ms | SSL: 2026-07-10 (58 days)
UP           | https://www.rockyhillmeats.com/ | HTTP 200 | 206ms | SSL: 2026-07-14 (61 days)
UP           | https://www.absheatingandairconditioning.com/ | HTTP 200 | 133ms | SSL: 2026-08-06 (85 days)
UP           | https://tcpestsolutions.com/ | HTTP 200 | 357ms | SSL: 2026-06-12 (30 days)
UP           | https://www.tempbydesign.com/ | HTTP 200 | 147ms | SSL: 2026-06-30 (48 days)
UP           | https://tavosconstructionllc.com/ | HTTP 200 | 281ms | SSL: 2026-06-28 (45 days)
DOWN         | https://www.eastgeorgiatreeservice.com/ | ERROR: Head "https://www.eastgeorgiatreeservice.com/": EOF
UP           | https://coastalcabinetsandgranite.com/ | HTTP 200 | 341ms | SSL: 2026-07-20 (68 days)
ERROR        | https://www.r7electricutah.com/ | HTTP 404 | 161ms | SSL: 2026-07-18 (66 days)
UP           | https://preferredremodeling.net/ | HTTP 200 | 345ms | SSL: 2026-07-07 (54 days)
UP           | https://www.jml-electric.com | HTTP 200 | 154ms | SSL: 2026-07-11 (59 days)
UP           | http://resto-pros.net | HTTP 200 | 246ms | SSL: 2026-07-07 (55 days)
UP           | http://scconstruction.info | HTTP 200 | 106ms | SSL: 2026-07-02 (50 days)
UP           | https://www.porteroutdoorservices.com/ | HTTP 200 | 204ms | SSL: 2026-07-27 (74 days)
UP           | http://killswitchauto.com | HTTP 200 | 395ms | SSL: 2026-07-04 (52 days)
UP           | https://coxdecorativeconcrete.com/ | HTTP 200 | 442ms | SSL: 2026-08-09 (87 days)
UP           | http://charlesfulkroaddisposal.com | HTTP 200 | 316ms | SSL: 2026-07-15 (62 days)
UP           | https://wireguyselectric.com/ | HTTP 200 | 315ms | SSL: 2026-07-17 (65 days)
UP           | https://www.dentconceptstx.com/ | HTTP 200 | 240ms | SSL: 2026-07-20 (67 days)
UP           | https://fincorefrigeration.com | HTTP 200 | 396ms | SSL: 2026-08-07 (85 days)
UP           | http://rocketcitymarine.com | HTTP 200 | 316ms | SSL: 2026-07-20 (67 days)
UP           | https://cleantechsystemsnm.com | HTTP 200 | 352ms | SSL: 2026-07-20 (68 days)
UP           | https://www.affordablecustomgolfcarts.com/ | HTTP 200 | 174ms | SSL: 2026-06-17 (35 days)
UP           | https://greenscapeslawns.com/ | HTTP 200 | 307ms | SSL: 2026-07-27 (75 days)
UP           | https://jtstree.com/ | HTTP 200 | 292ms | SSL: 2026-08-03 (82 days)
UP           | https://www.dixiefenceohio.com/ | HTTP 200 | 276ms | SSL: 2026-08-09 (87 days)
UP           | https://allkidsarespecial.net | HTTP 200 | 335ms | SSL: 2026-05-26 (13 days)
UP           | https://sgrcalifornia.com/ | HTTP 200 | 396ms | SSL: 2026-08-04 (83 days)
UP           | https://www.garysroofingandconst.com/ | HTTP 200 | 177ms | SSL: 2026-07-28 (75 days)
UP           | https://www.breezehvac.com/ | HTTP 200 | 155ms | SSL: 2026-06-22 (40 days)
UP           | https://rcpoolworks.com | HTTP 200 | 438ms | SSL: 2026-08-08 (86 days)
UP           | https://Freedomcarpet.net | HTTP 200 | 403ms | SSL: 2026-06-17 (35 days)
UP           | https://rolandoroofing.net | HTTP 200 | 287ms | SSL: 2026-06-30 (48 days)
UP           | http://ormondlandscaping.com/ | HTTP 200 | 284ms | SSL: 2026-08-02 (81 days)
UP           | https://www.alliedroofingco.com/ | HTTP 200 | 170ms | SSL: 2026-06-26 (44 days)
UP           | https://www.waterheatersracinewi.com/ | HTTP 200 | 217ms | SSL: 2026-07-08 (56 days)
UP           | https://www.atlanticdrywallandpaint.com/ | HTTP 200 | 175ms | SSL: 2026-06-23 (41 days)
UP           | https://grantsappliancerepairllc.com/ | HTTP 200 | 288ms | SSL: 2026-06-23 (41 days)
UP           | http://aaaexcavate.com | HTTP 200 | 386ms | SSL: 2026-07-01 (48 days)
UP           | https://gormanandsonslandscaping.com/ | HTTP 200 | 394ms | SSL: 2026-07-21 (69 days)
UP           | https://texasproroofing.net/ | HTTP 200 | 279ms | SSL: 2026-06-30 (48 days)
UP           | https://www.808towing.com/ | HTTP 200 | 192ms | SSL: 2026-08-05 (84 days)
UP           | https://www.jandbtreeservice.net/ | HTTP 200 | 205ms | SSL: 2026-07-21 (68 days)
UP           | https://sweetmountainair.co | HTTP 200 | 265ms | SSL: 2026-07-26 (74 days)
UP           | https://www.stormprosva.com/ | HTTP 200 | 257ms | SSL: 2026-07-21 (68 days)
UP           | https://www.atlantic217.com/ | HTTP 200 | 251ms | SSL: 2026-07-05 (53 days)
UP           | https://lakehamiltonappraisals.com/ | HTTP 200 | 268ms | SSL: 2026-08-04 (83 days)
UP           | https://kcservicecenterpa.com | HTTP 200 | 290ms | SSL: 2026-07-19 (67 days)
UP           | https://mobsfloorcare.com/ | HTTP 200 | 414ms | SSL: 2026-06-27 (45 days)
UP           | https://wennigercompressor.com/ | HTTP 200 | 313ms | SSL: 2026-07-19 (66 days)
DOWN         | https://mauicontainersales.com/ | ERROR: Get "https://mauicontainersales.com/": net/http: TLS handshake timeout
UP           | https://www.24-hourrefrigeration.com/ | HTTP 200 | 209ms | SSL: 2026-07-31 (79 days)
UP           | https://anteaterspestcontrol.net | HTTP 200 | 335ms | SSL: 2026-07-16 (63 days)
UP           | http://furniturefixxers.com | HTTP 200 | 251ms | SSL: 2026-07-24 (71 days)
UP           | https://www.apexgutters.com/ | HTTP 200 | 219ms | SSL: 2026-06-16 (34 days)
UP           | https://blackdogrr.com/ | HTTP 200 | 410ms | SSL: 2026-08-09 (87 days)
UP           | https://hogiesconstruction.com/ | HTTP 200 | 244ms | SSL: 2026-05-27 (14 days)
UP           | https://www.askyline.com/ | HTTP 200 | 143ms | SSL: 2026-06-24 (42 days)
UP           | https://www.dbarrsvcs.com/ | HTTP 200 | 137ms | SSL: 2026-05-25 (12 days)
UP           | https://powellpestcontrol.net/ | HTTP 200 | 277ms | SSL: 2026-05-26 (13 days)
UP           | https://wireguys.com | HTTP 200 | 447ms | SSL: 2026-06-22 (40 days)
UP           | https://economysidingtn.com/ | HTTP 200 | 247ms | SSL: 2026-05-26 (13 days)
UP           | https://rsccontracting.org/ | HTTP 200 | 512ms | SSL: 2026-06-30 (48 days)
UP           | https://www.bhswelding.com/ | HTTP 200 | 128ms | SSL: 2026-06-13 (31 days)
UP           | https://www.yourfamilysalon.com/ | HTTP 200 | 168ms | SSL: 2026-07-02 (50 days)
UP           | https://www.alswelldrilling.com/ | HTTP 200 | 183ms | SSL: 2026-06-12 (30 days)
UP           | http://customoutdoorsolutionsny.com | HTTP 200 | 390ms | SSL: 2026-07-05 (53 days)
UP           | https://raffoulheatingandair.com | HTTP 200 | 442ms | SSL: 2026-07-05 (53 days)
UP           | http://dynamohi.com | HTTP 200 | 232ms | SSL: 2026-08-02 (81 days)
UP           | https://danrandandassoc.com/ | HTTP 200 | 335ms | SSL: 2026-06-30 (48 days)
UP           | https://carbondalewoodshop.com/ | HTTP 200 | 444ms | SSL: 2026-07-17 (64 days)
UP           | https://smithhvacservices.com/index | HTTP 200 | 471ms | SSL: 2026-06-14 (32 days)
UP           | http://www.junk-punks.com/ | HTTP 200 | 635ms | SSL: 2026-07-22 (70 days)
UP           | https://www.fndcontracting.com | HTTP 200 | 193ms | SSL: 2026-06-28 (45 days)
UP           | http://hopelandscaping.com | HTTP 200 | 337ms | SSL: 2026-06-18 (36 days)
UP           | https://larrysae.com | HTTP 200 | 444ms | SSL: 2026-06-21 (39 days)
UP           | https://www.ezoutcollisioncenter.com/ | HTTP 200 | 206ms | SSL: 2026-07-31 (79 days)
UP           | https://rsccontracting.org/ | HTTP 200 | 55ms | SSL: 2026-06-30 (48 days)
UP           | http://ccelectricbcs.com | HTTP 200 | 223ms | SSL: 2026-08-02 (80 days)
UP           | http://ccelectricbcs.com | HTTP 200 | 155ms | SSL: 2026-08-02 (80 days)
UP           | https://tropicglassenclosuresfl.com/ | HTTP 200 | 408ms | SSL: 2026-06-26 (44 days)
UP           | https://www.fireflycontractor.com/ | HTTP 200 | 205ms | SSL: 2026-07-01 (49 days)
UP           | https://www.tridentconstructiongp.com/ | HTTP 200 | 206ms | SSL: 2026-06-20 (38 days)
UP           | https://roettgerwelding.com/ | HTTP 200 | 365ms | SSL: 2026-07-02 (50 days)
UP           | https://azjanitorialservice.com | HTTP 200 | 421ms | SSL: 2026-06-28 (46 days)
UP           | https://camoconstructionllc.com/ | HTTP 200 | 295ms | SSL: 2026-07-21 (69 days)
UP           | https://totalcomfortcleaners.com | HTTP 200 | 746ms | SSL: 2026-07-22 (70 days)
UP           | https://www.brianemmonsroofing.com/ | HTTP 200 | 238ms | SSL: 2026-06-19 (36 days)
UP           | https://www.customelitedetailcarwash.com/ | HTTP 200 | 245ms | SSL: 2026-07-12 (60 days)
UP           | https://www.noatoutdoorliving.com/ | HTTP 200 | 76ms | SSL: 2026-07-16 (64 days)
UP           | https://southfloridadockandseawall.com | HTTP 200 | 276ms | SSL: 2026-06-14 (32 days)
UP           | https://www.rselectricms.com | HTTP 200 | 226ms | SSL: 2026-07-22 (70 days)
UP           | http://allbrightcleaningkc.com | HTTP 200 | 205ms | SSL: 2026-06-10 (28 days)
UP           | https://paintingbypros.com/ | HTTP 200 | 324ms | SSL: 2026-07-22 (70 days)
UP           | https://www.ancientcitygaragedoors.com | HTTP 200 | 147ms | SSL: 2026-07-30 (78 days)
UP           | https://www.mikeandmikeroofing.com/ | HTTP 200 | 419ms | SSL: 2026-06-29 (47 days)
UP           | https://maxpressfoundationrepair.com/ | HTTP 200 | 349ms | SSL: 2026-06-13 (31 days)
UP           | https://offshorepropertyservices.com | HTTP 200 | 238ms | SSL: 2026-06-18 (35 days)
UP           | http://dynamohi.com | HTTP 200 | 54ms | SSL: 2026-08-02 (81 days)
UP           | https://patdollautomotivewi.com/ | HTTP 200 | 325ms | SSL: 2026-05-31 (18 days)
UP           | http://renewconstructionnm.com | HTTP 200 | 268ms | SSL: 2026-06-18 (35 days)
DOWN         | http://seaboardrestoration.com/ | ERROR: Get "http://seaboardrestoration.com/": dial tcp: lookup seaboardrestoration.com on 127.0.0.53:53: no such host
UP           | https://www.fisherhomeinspectionsllc.com/ | HTTP 200 | 171ms | SSL: 2026-06-13 (31 days)
UP           | https://www.jmplumbersinc.com/ | HTTP 200 | 108ms | SSL: 2026-07-08 (56 days)
UP           | https://finishlineautotire.com/ | HTTP 200 | 349ms | SSL: 2026-08-07 (86 days)
UP           | http://vitosexpress.com | HTTP 200 | 284ms | SSL: 2026-06-13 (31 days)
UP           | https://www.thesignsolution.net/ | HTTP 200 | 201ms | SSL: 2026-06-21 (39 days)
UP           | https://bagremodelers.com/ | HTTP 200 | 350ms | SSL: 2026-06-14 (32 days)
UP           | https://www.problemtree.com | HTTP 200 | 125ms | SSL: 2026-06-13 (31 days)
UP           | https://capri-wash.com | HTTP 200 | 390ms | SSL: 2026-06-14 (32 days)
UP           | https://landscapeofbrainerd.com/ | HTTP 200 | 354ms | SSL: 2026-07-18 (66 days)
UP           | https://totalpackagelandscapeworksllc.com | HTTP 200 | 364ms | SSL: 2026-07-05 (53 days)
UP           | https://acesandblasting.co/ | HTTP 200 | 254ms | SSL: 2026-06-22 (40 days)
UP           | https://5startexasroofing.com/ | HTTP 200 | 400ms | SSL: 2026-07-15 (63 days)
UP           | https://caudletreeservice.com/ | HTTP 200 | 392ms | SSL: 2026-07-06 (53 days)
UP           | https://www.bayoustatemoving.com/ | HTTP 200 | 218ms | SSL: 2026-07-12 (60 days)
UP           | https://www.1classproperties.com/ | HTTP 200 | 226ms | SSL: 2026-07-15 (63 days)
UP           | https://www.1classrealty.com/ | HTTP 200 | 162ms | SSL: 2026-07-15 (63 days)
UP           | https://www.aimhighdetailing.com/ | HTTP 200 | 141ms | SSL: 2026-07-11 (59 days)
UP           | https://www.tampablindsbydesign.com/ | HTTP 200 | 113ms | SSL: 2026-07-26 (74 days)
UP           | http://thelocalplumber.com | HTTP 200 | 280ms | SSL: 2026-07-02 (50 days)
UP           | https://frontieraircon.com/ | HTTP 200 | 468ms | SSL: 2026-08-08 (87 days)
UP           | https://www.saltlakecitycabinetry.com/ | HTTP 200 | 175ms | SSL: 2026-08-10 (89 days)
UP           | https://mantispestma.com | HTTP 200 | 420ms | SSL: 2026-07-17 (65 days)
UP           | https://tyslandscapingiowa.com | HTTP 200 | 412ms | SSL: 2026-07-16 (64 days)
UP           | https://www.herrwelldrillingwi.com/ | HTTP 200 | 211ms | SSL: 2026-06-08 (26 days)
UP           | https://www.problemtree.com/ | HTTP 200 | 27ms | SSL: 2026-06-13 (31 days)
UP           | https://tandkventures.com/ | HTTP 200 | 235ms | SSL: 2026-06-24 (42 days)
UP           | http://muddyriversconcrete.com | HTTP 200 | 389ms | SSL: 2026-06-09 (27 days)
UP           | https://accurateandconfidentialtaxservice.com/ | HTTP 200 | 208ms | SSL: 2026-06-22 (40 days)
DOWN         | https://mcneelytreeservice.com/ | ERROR: Get "https://mcneelytreeservice.com/": tls: failed to verify certificate: x509: certificate is valid for *.accountterminated.com, accountterminated.com, not mcneelytreeservice.com
UP           | https://www.mvpgardencenter.com/ | HTTP 200 | 205ms | SSL: 2026-06-14 (32 days)
UP           | https://abccarpetcleanerssd.com | HTTP 200 | 1160ms | SSL: 2026-11-08 (179 days)
Summary: 227 UP | 3 ERROR | 9 DOWN | 1 UNVERIFIABLE
